#-----------------------------------------------------------
# Vivado v2024.1.2 (64-bit)
# SW Build 5164865 on Thu Sep  5 14:37:11 MDT 2024
# IP Build 5164407 on Fri Sep  6 08:18:11 MDT 2024
# SharedData Build 5164864 on Thu Sep 05 13:09:09 MDT 2024
# Start of session at: Mon Nov 25 11:53:46 2024
# Process ID: 21396
# Current directory: C:/Projects/ERN24004/Projects/ADC
# Command line: vivado.exe -gui_launcher_event rodinguilauncherevent22172 C:\Projects\ERN24004\Projects\ADC\ADC.xpr
# Log file: C:/Projects/ERN24004/Projects/ADC/vivado.log
# Journal file: C:/Projects/ERN24004/Projects/ADC\vivado.jou
# Running On        :DonGun
# Platform          :Windows Server 2016 or Windows 10
# Operating System  :22631
# Processor Detail  :13th Gen Intel(R) Core(TM) i7-13700K
# CPU Frequency     :3418 MHz
# CPU Physical cores:16
# CPU Logical cores :24
# Host memory       :34124 MB
# Swap memory       :2147 MB
# Total Virtual     :36272 MB
# Available Virtual :19812 MB
#-----------------------------------------------------------
start_gui
open_project C:/Projects/ERN24004/Projects/ADC/ADC.xpr
WARNING: [Board 49-26] cannot add Board Part xilinx.com:vek280_es:part0:1.0 available at C:/Xilinx/Vivado/2024.1/data/xhub/boards/XilinxBoardStore/boards/Xilinx/vek280/es/rev_a/1.0/board.xml as part xcve2802-vsvh1760-2lp-e-s-es1 specified in board_part file is either invalid or not available
WARNING: [Board 49-26] cannot add Board Part xilinx.com:vek280_es:part0:1.1 available at C:/Xilinx/Vivado/2024.1/data/xhub/boards/XilinxBoardStore/boards/Xilinx/vek280/es/rev_a/1.1/board.xml as part xcve2802-vsvh1760-2lp-e-s-es1 specified in board_part file is either invalid or not available
WARNING: [Board 49-26] cannot add Board Part xilinx.com:vek280_es_revb:part0:1.0 available at C:/Xilinx/Vivado/2024.1/data/xhub/boards/XilinxBoardStore/boards/Xilinx/vek280/es/rev_b/1.0/board.xml as part xcve2802-vsvh1760-2mp-e-s-es1 specified in board_part file is either invalid or not available
WARNING: [Board 49-26] cannot add Board Part xilinx.com:vek280_es_revb:part0:1.1 available at C:/Xilinx/Vivado/2024.1/data/xhub/boards/XilinxBoardStore/boards/Xilinx/vek280/es/rev_b/1.1/board.xml as part xcve2802-vsvh1760-2mp-e-s-es1 specified in board_part file is either invalid or not available
WARNING: [Board 49-26] cannot add Board Part xilinx.com:vhk158_es:part0:1.0 available at C:/Xilinx/Vivado/2024.1/data/xhub/boards/XilinxBoardStore/boards/Xilinx/vhk158/es/1.0/board.xml as part xcvh1582-vsva3697-2mp-e-s-es1 specified in board_part file is either invalid or not available
WARNING: [Board 49-26] cannot add Board Part xilinx.com:vhk158_es:part0:1.1 available at C:/Xilinx/Vivado/2024.1/data/xhub/boards/XilinxBoardStore/boards/Xilinx/vhk158/es/1.1/board.xml as part xcvh1582-vsva3697-2mp-e-s-es1 specified in board_part file is either invalid or not available
WARNING: [Board 49-26] cannot add Board Part xilinx.com:zcu208ld:part0:2.0 available at C:/Xilinx/Vivado/2024.1/data/xhub/boards/XilinxBoardStore/boards/Xilinx/zcu208ld/production/2.0/board.xml as part xczu58dr-fsvg1517-2-i specified in board_part file is either invalid or not available
WARNING: [Board 49-26] cannot add Board Part xilinx.com:zcu216ld:part0:2.0 available at C:/Xilinx/Vivado/2024.1/data/xhub/boards/XilinxBoardStore/boards/Xilinx/zcu216ld/production/2.0/board.xml as part xczu59dr-ffvf1760-2-i specified in board_part file is either invalid or not available
WARNING: [Board 49-26] cannot add Board Part xilinx.com:zcu670ld:part0:1.0 available at C:/Xilinx/Vivado/2024.1/data/xhub/boards/XilinxBoardStore/boards/Xilinx/zcu670ld/1.0/board.xml as part xczu57dr-fsve1156-2-i specified in board_part file is either invalid or not available
WARNING: [filemgmt 56-3] IP Repository Path: Could not find the directory 'C:/Projects/ERN24004/Projects/ADC/ip_repo/filter_ctrl_1_0'.
WARNING: [filemgmt 56-3] IP Repository Path: Could not find the directory 'C:/Projects/ERN24004/Projects/ADC/ip_repo/filter_ctrl_1_0'.
WARNING: [filemgmt 56-3] IP Repository Path: Could not find the directory 'C:/Projects/ERN24004/Projects/ADC/ip_repo/filter_ctrl_1_0'.
Scanning sources...
Finished scanning sources
INFO: [IP_Flow 19-234] Refreshing IP repositories
WARNING: [IP_Flow 19-3685] Ignored loading user repository 'c:/Projects/ERN24004/Projects/ADC/ip_repo/filter_ctrl/filter_ctrl_1_0'. The path is contained within another repository.
WARNING: [IP_Flow 19-3685] Ignored loading user repository 'c:/Projects/ERN24004/Projects/ADC/ip_repo/filter_ctrl_1_0'. The path is contained within another repository.
WARNING: [IP_Flow 19-2207] Repository 'c:/Projects/ERN24004/Projects/ADC/ip_repo/filter_ctrl/filter_ctrl_1_0' already exists; ignoring attempt to add it again.
WARNING: [IP_Flow 19-3685] Ignored loading user repository 'c:/Projects/ERN24004/Projects/ADC/ip_repo/filter_ctrl/filter_ctrl_1_0'. The path is contained within another repository.
WARNING: [IP_Flow 19-2207] Repository 'c:/Projects/ERN24004/Projects/ADC/ip_repo/filter_ctrl_1_0' already exists; ignoring attempt to add it again.
WARNING: [IP_Flow 19-3685] Ignored loading user repository 'c:/Projects/ERN24004/Projects/ADC/ip_repo/filter_ctrl_1_0'. The path is contained within another repository.
WARNING: [IP_Flow 19-2207] Repository 'c:/Projects/ERN24004/Projects/ADC/ip_repo/filter_ctrl_1_0' already exists; ignoring attempt to add it again.
WARNING: [IP_Flow 19-3685] Ignored loading user repository 'c:/Projects/ERN24004/Projects/ADC/ip_repo/filter_ctrl_1_0'. The path is contained within another repository.
INFO: [IP_Flow 19-1700] Loaded user IP repository 'c:/Projects/ERN24004/Projects/ADC/ip_repo'.
INFO: [IP_Flow 19-2313] Loaded Vivado IP repository 'C:/Xilinx/Vivado/2024.1/data/ip'.
WARNING: [BD 41-1661] One or more IPs have been locked in the design 'dma.bd'. Please run report_ip_status for more details and recommendations on how to fix this issue.
List of locked IPs:
dma_filter_ctrl_0_1

open_project: Time (s): cpu = 00:00:09 ; elapsed = 00:00:12 . Memory (MB): peak = 1852.520 ; gain = 571.965
update_compile_order -fileset sources_1
open_bd_design {C:/Projects/ERN24004/Projects/ADC/ADC.srcs/sources_1/bd/dma/dma.bd}
Reading block design file <C:/Projects/ERN24004/Projects/ADC/ADC.srcs/sources_1/bd/dma/dma.bd>...
Adding component instance block -- xilinx.com:ip:processing_system7:5.5 - processing_system7_0
Adding component instance block -- xilinx.com:ip:axi_interconnect:2.1 - ps7_0_axi_periph
Adding component instance block -- xilinx.com:ip:axi_crossbar:2.1 - xbar
Adding component instance block -- xilinx.com:ip:proc_sys_reset:5.0 - rst_ps7_0_50M
Adding component instance block -- xilinx.com:ip:axi_interconnect:2.1 - axi_mem_intercon
Adding component instance block -- xilinx.com:ip:axi_crossbar:2.1 - xbar
Adding component instance block -- xilinx.com:ip:axi_dwidth_converter:2.1 - auto_us
Adding component instance block -- xilinx.com:ip:axi_protocol_converter:2.1 - auto_pc
Adding component instance block -- xilinx.com:ip:axi_protocol_converter:2.1 - auto_pc
Adding component instance block -- xilinx.com:ip:axi_dma:7.1 - axi_dma_0
WARNING: [BD 41-1282] Parameter 'HAS_BURST' is not defined on '/axi_dma_0/M_AXIS_MM2S'. Parameter ignored.
WARNING: [BD 41-1282] Parameter 'HAS_BURST' is not defined on '/axi_dma_0/M_AXIS_MM2S'. Parameter ignored.
Adding component instance block -- xilinx.com:ip:axis_data_fifo:2.0 - axis_data_fifo_0
Adding component instance block -- digilentinc.com:IP:PmodAD1:1.0 - PmodAD1_0
Adding component instance block -- spicer.local:user:decimation_filter:1.0 - decimation_filter_0
Adding component instance block -- spicer.local:user:data_anchor:1.0 - data_anchor_0
Adding component instance block -- spicer.local:user:decimation_filter:1.0 - decimation_filter_1
Adding component instance block -- spicer.local:user:filter_ctrl:1.0 - filter_ctrl_0
Successfully read diagram <dma> from block design file <C:/Projects/ERN24004/Projects/ADC/ADC.srcs/sources_1/bd/dma/dma.bd>
open_bd_design: Time (s): cpu = 00:00:02 ; elapsed = 00:00:06 . Memory (MB): peak = 2021.258 ; gain = 130.887
report_ip_status -name ip_status 
upgrade_ip -vlnv spicer.local:user:filter_ctrl:1.0 [get_ips  dma_filter_ctrl_0_1] -log ip_upgrade.log
Upgrading 'C:/Projects/ERN24004/Projects/ADC/ADC.srcs/sources_1/bd/dma/dma.bd'
INFO: [IP_Flow 19-3422] Upgraded dma_filter_ctrl_0_1 (filter_ctrl_v1.0 1.0) from revision 1 to revision 2
WARNING: [IP_Flow 19-4698] Upgrade has added port 'f1'
WARNING: [IP_Flow 19-4698] Upgrade has added port 'f2'
WARNING: [IP_Flow 19-3298] Detected external port differences while upgrading 'dma_filter_ctrl_0_1'. These changes may impact your design.
CRITICAL WARNING: [Coretcl 2-1279] The upgrade of 'dma_filter_ctrl_0_1' has identified issues that may require user intervention. Please review the upgrade log 'c:/Projects/ERN24004/Projects/ADC/ip_upgrade.log', and verify that the upgraded IP is correctly configured.
Wrote  : <C:\Projects\ERN24004\Projects\ADC\ADC.srcs\sources_1\bd\dma\dma.bd> 
Wrote  : <C:/Projects/ERN24004/Projects/ADC/ADC.srcs/sources_1/bd/dma/ui/bd_87aee958.ui> 
INFO: [Coretcl 2-1525] Wrote upgrade log to 'C:/Projects/ERN24004/Projects/ADC/ip_upgrade.log'.
export_ip_user_files -of_objects [get_ips dma_filter_ctrl_0_1] -no_script -sync -force -quiet
generate_target all [get_files  C:/Projects/ERN24004/Projects/ADC/ADC.srcs/sources_1/bd/dma/dma.bd]
WARNING: [BD 41-2670] Found an incomplete address path from address space '/processing_system7_0/Data' to slave segment '/decimation_filter_0/S_AXI/S_AXI_reg'. Please either complete or remove this path to resolve.
WARNING: [BD 41-2670] Found an incomplete address path from address space '/processing_system7_0/Data' to slave segment '/decimation_filter_1/S_AXI/S_AXI_reg'. Please either complete or remove this path to resolve.
ERROR: [BD 41-1075] Cannot assign slave segment '/decimation_filter_0/S_AXI/S_AXI_reg' into address space '/processing_system7_0/Data' at address '0x43C0_0000 [ 64K ]'. Master segment '/processing_system7_0/Data/SEG_decimation_filter_0_S_AXI_reg' is invalid. The proposed address '0x43C0_0000 [ 64K ]' cannot be assigned through an incomplete addressing path.
ERROR: [BD 41-1075] Cannot assign slave segment '/decimation_filter_1/S_AXI/S_AXI_reg' into address space '/processing_system7_0/Data' at address '0x43C1_0000 [ 64K ]'. Master segment '/processing_system7_0/Data/SEG_decimation_filter_1_S_AXI_reg' is invalid. The proposed address '0x43C1_0000 [ 64K ]' cannot be assigned through an incomplete addressing path.
ERROR: [BD 41-1031] Hdl Generation failed for the IP Integrator design C:/Projects/ERN24004/Projects/ADC/ADC.srcs/sources_1/bd/dma/dma.bd 
ERROR: [Common 17-39] 'generate_target' failed due to earlier errors.
connect_bd_net [get_bd_pins filter_ctrl_0/f1] [get_bd_pins decimation_filter_0/en]
connect_bd_net [get_bd_pins filter_ctrl_0/f2] [get_bd_pins decimation_filter_1/en]
validate_bd_design
WARNING: [BD 41-2670] Found an incomplete address path from address space '/processing_system7_0/Data' to slave segment '/decimation_filter_0/S_AXI/S_AXI_reg'. Please either complete or remove this path to resolve.
WARNING: [BD 41-2670] Found an incomplete address path from address space '/processing_system7_0/Data' to slave segment '/decimation_filter_1/S_AXI/S_AXI_reg'. Please either complete or remove this path to resolve.
ERROR: [BD 41-1075] Cannot assign slave segment '/decimation_filter_0/S_AXI/S_AXI_reg' into address space '/processing_system7_0/Data' at address '0x43C0_0000 [ 64K ]'. Master segment '/processing_system7_0/Data/SEG_decimation_filter_0_S_AXI_reg' is invalid. The proposed address '0x43C0_0000 [ 64K ]' cannot be assigned through an incomplete addressing path.
ERROR: [BD 41-1075] Cannot assign slave segment '/decimation_filter_1/S_AXI/S_AXI_reg' into address space '/processing_system7_0/Data' at address '0x43C1_0000 [ 64K ]'. Master segment '/processing_system7_0/Data/SEG_decimation_filter_1_S_AXI_reg' is invalid. The proposed address '0x43C1_0000 [ 64K ]' cannot be assigned through an incomplete addressing path.
ERROR: [Common 17-39] 'validate_bd_design' failed due to earlier errors.
report_ip_status -name ip_status 
validate_bd_design
WARNING: [BD 41-2670] Found an incomplete address path from address space '/processing_system7_0/Data' to slave segment '/decimation_filter_0/S_AXI/S_AXI_reg'. Please either complete or remove this path to resolve.
WARNING: [BD 41-2670] Found an incomplete address path from address space '/processing_system7_0/Data' to slave segment '/decimation_filter_1/S_AXI/S_AXI_reg'. Please either complete or remove this path to resolve.
ERROR: [BD 41-1075] Cannot assign slave segment '/decimation_filter_0/S_AXI/S_AXI_reg' into address space '/processing_system7_0/Data' at address '0x43C0_0000 [ 64K ]'. Master segment '/processing_system7_0/Data/SEG_decimation_filter_0_S_AXI_reg' is invalid. The proposed address '0x43C0_0000 [ 64K ]' cannot be assigned through an incomplete addressing path.
ERROR: [BD 41-1075] Cannot assign slave segment '/decimation_filter_1/S_AXI/S_AXI_reg' into address space '/processing_system7_0/Data' at address '0x43C1_0000 [ 64K ]'. Master segment '/processing_system7_0/Data/SEG_decimation_filter_1_S_AXI_reg' is invalid. The proposed address '0x43C1_0000 [ 64K ]' cannot be assigned through an incomplete addressing path.
ERROR: [Common 17-39] 'validate_bd_design' failed due to earlier errors.
regenerate_bd_layout
delete_bd_objs [get_bd_nets filter_ctrl_0_f1] [get_bd_nets filter_ctrl_0_f2] [get_bd_intf_nets ps7_0_axi_periph_M01_AXI] [get_bd_cells filter_ctrl_0]
report_ip_status -name ip_status 
WARNING: [IP_Flow 19-4318] IP-XACT file does not exist: c:/Projects/ERN24004/Projects/ADC/ip_repo/filter_ctrl/filter_ctrl_1_0/component.xml. It will be created.
update_ip_catalog -rebuild -scan_changes
INFO: [IP_Flow 19-234] Refreshing IP repositories
WARNING: [IP_Flow 19-3685] Ignored loading user repository 'c:/Projects/ERN24004/Projects/ADC/ip_repo/filter_ctrl/filter_ctrl_1_0'. The path is contained within another repository.
WARNING: [IP_Flow 19-3685] Ignored loading user repository 'c:/Projects/ERN24004/Projects/ADC/ip_repo/filter_ctrl_1_0'. The path is contained within another repository.
WARNING: [IP_Flow 19-2207] Repository 'c:/Projects/ERN24004/Projects/ADC/ip_repo/filter_ctrl/filter_ctrl_1_0' already exists; ignoring attempt to add it again.
WARNING: [IP_Flow 19-3685] Ignored loading user repository 'c:/Projects/ERN24004/Projects/ADC/ip_repo/filter_ctrl/filter_ctrl_1_0'. The path is contained within another repository.
WARNING: [IP_Flow 19-2207] Repository 'c:/Projects/ERN24004/Projects/ADC/ip_repo/filter_ctrl_1_0' already exists; ignoring attempt to add it again.
WARNING: [IP_Flow 19-3685] Ignored loading user repository 'c:/Projects/ERN24004/Projects/ADC/ip_repo/filter_ctrl_1_0'. The path is contained within another repository.
WARNING: [IP_Flow 19-2207] Repository 'c:/Projects/ERN24004/Projects/ADC/ip_repo/filter_ctrl_1_0' already exists; ignoring attempt to add it again.
WARNING: [IP_Flow 19-3685] Ignored loading user repository 'c:/Projects/ERN24004/Projects/ADC/ip_repo/filter_ctrl_1_0'. The path is contained within another repository.
INFO: [IP_Flow 19-1700] Loaded user IP repository 'c:/Projects/ERN24004/Projects/ADC/ip_repo'.
report_ip_status -name ip_status
create_peripheral spicer.local user filter_ctrl 1.0 -dir C:/Projects/ERN24004/Projects/ADC/ip_repo/filter_ctrl
add_peripheral_interface S00_AXI -interface_mode slave -axi_type lite [ipx::find_open_core spicer.local:user:filter_ctrl:1.0]
generate_peripheral -driver -bfm_example_design -debug_hw_example_design [ipx::find_open_core spicer.local:user:filter_ctrl:1.0]
write_peripheral [ipx::find_open_core spicer.local:user:filter_ctrl:1.0]
set_property  ip_repo_paths  {C:/Projects/ERN24004/Projects/ADC/ip_repo/filter_ctrl/filter_ctrl_1_0 C:/Projects/ERN24004/Projects/ADC/ip_repo/filter_ctrl/filter_ctrl_1_0 C:/Projects/ERN24004/Projects/ADC/ip_repo/filter_ctrl_1_0 C:/Projects/ERN24004/Projects/ADC/ip_repo/filter_ctrl/filter_ctrl_1_0 C:/Projects/ERN24004/Projects/ADC/ip_repo/filter_ctrl_1_0 C:/Projects/ERN24004/Projects/ADC/ip_repo/filter_ctrl_1_0 C:/Projects/ERN24004/Projects/ADC/ip_repo} [current_project]
update_ip_catalog -rebuild
INFO: [IP_Flow 19-234] Refreshing IP repositories
WARNING: [IP_Flow 19-3685] Ignored loading user repository 'c:/Projects/ERN24004/Projects/ADC/ip_repo/filter_ctrl/filter_ctrl_1_0'. The path is contained within another repository.
WARNING: [IP_Flow 19-2207] Repository 'c:/Projects/ERN24004/Projects/ADC/ip_repo/filter_ctrl/filter_ctrl_1_0' already exists; ignoring attempt to add it again.
WARNING: [IP_Flow 19-3685] Ignored loading user repository 'c:/Projects/ERN24004/Projects/ADC/ip_repo/filter_ctrl/filter_ctrl_1_0'. The path is contained within another repository.
WARNING: [IP_Flow 19-3685] Ignored loading user repository 'c:/Projects/ERN24004/Projects/ADC/ip_repo/filter_ctrl_1_0'. The path is contained within another repository.
WARNING: [IP_Flow 19-2207] Repository 'c:/Projects/ERN24004/Projects/ADC/ip_repo/filter_ctrl/filter_ctrl_1_0' already exists; ignoring attempt to add it again.
WARNING: [IP_Flow 19-3685] Ignored loading user repository 'c:/Projects/ERN24004/Projects/ADC/ip_repo/filter_ctrl/filter_ctrl_1_0'. The path is contained within another repository.
WARNING: [IP_Flow 19-2207] Repository 'c:/Projects/ERN24004/Projects/ADC/ip_repo/filter_ctrl_1_0' already exists; ignoring attempt to add it again.
WARNING: [IP_Flow 19-3685] Ignored loading user repository 'c:/Projects/ERN24004/Projects/ADC/ip_repo/filter_ctrl_1_0'. The path is contained within another repository.
WARNING: [IP_Flow 19-2207] Repository 'c:/Projects/ERN24004/Projects/ADC/ip_repo/filter_ctrl_1_0' already exists; ignoring attempt to add it again.
WARNING: [IP_Flow 19-3685] Ignored loading user repository 'c:/Projects/ERN24004/Projects/ADC/ip_repo/filter_ctrl_1_0'. The path is contained within another repository.
INFO: [IP_Flow 19-1700] Loaded user IP repository 'c:/Projects/ERN24004/Projects/ADC/ip_repo'.
ipx::edit_ip_in_project -upgrade true -name edit_filter_ctrl_v1_0 -directory C:/Projects/ERN24004/Projects/ADC/ip_repo/filter_ctrl c:/Projects/ERN24004/Projects/ADC/ip_repo/filter_ctrl/filter_ctrl_1_0/component.xml
INFO: [IP_Flow 19-234] Refreshing IP repositories
INFO: [IP_Flow 19-1704] No user IP repositories specified
INFO: [IP_Flow 19-2313] Loaded Vivado IP repository 'C:/Xilinx/Vivado/2024.1/data/ip'.
WARNING: [Board 49-26] cannot add Board Part xilinx.com:vek280_es:part0:1.0 available at C:/Xilinx/Vivado/2024.1/data/xhub/boards/XilinxBoardStore/boards/Xilinx/vek280/es/rev_a/1.0/board.xml as part xcve2802-vsvh1760-2lp-e-s-es1 specified in board_part file is either invalid or not available
WARNING: [Board 49-26] cannot add Board Part xilinx.com:vek280_es:part0:1.1 available at C:/Xilinx/Vivado/2024.1/data/xhub/boards/XilinxBoardStore/boards/Xilinx/vek280/es/rev_a/1.1/board.xml as part xcve2802-vsvh1760-2lp-e-s-es1 specified in board_part file is either invalid or not available
WARNING: [Board 49-26] cannot add Board Part xilinx.com:vek280_es_revb:part0:1.0 available at C:/Xilinx/Vivado/2024.1/data/xhub/boards/XilinxBoardStore/boards/Xilinx/vek280/es/rev_b/1.0/board.xml as part xcve2802-vsvh1760-2mp-e-s-es1 specified in board_part file is either invalid or not available
WARNING: [Board 49-26] cannot add Board Part xilinx.com:vek280_es_revb:part0:1.1 available at C:/Xilinx/Vivado/2024.1/data/xhub/boards/XilinxBoardStore/boards/Xilinx/vek280/es/rev_b/1.1/board.xml as part xcve2802-vsvh1760-2mp-e-s-es1 specified in board_part file is either invalid or not available
WARNING: [Board 49-26] cannot add Board Part xilinx.com:vhk158_es:part0:1.0 available at C:/Xilinx/Vivado/2024.1/data/xhub/boards/XilinxBoardStore/boards/Xilinx/vhk158/es/1.0/board.xml as part xcvh1582-vsva3697-2mp-e-s-es1 specified in board_part file is either invalid or not available
WARNING: [Board 49-26] cannot add Board Part xilinx.com:vhk158_es:part0:1.1 available at C:/Xilinx/Vivado/2024.1/data/xhub/boards/XilinxBoardStore/boards/Xilinx/vhk158/es/1.1/board.xml as part xcvh1582-vsva3697-2mp-e-s-es1 specified in board_part file is either invalid or not available
WARNING: [Board 49-26] cannot add Board Part xilinx.com:zcu208ld:part0:2.0 available at C:/Xilinx/Vivado/2024.1/data/xhub/boards/XilinxBoardStore/boards/Xilinx/zcu208ld/production/2.0/board.xml as part xczu58dr-fsvg1517-2-i specified in board_part file is either invalid or not available
WARNING: [Board 49-26] cannot add Board Part xilinx.com:zcu216ld:part0:2.0 available at C:/Xilinx/Vivado/2024.1/data/xhub/boards/XilinxBoardStore/boards/Xilinx/zcu216ld/production/2.0/board.xml as part xczu59dr-ffvf1760-2-i specified in board_part file is either invalid or not available
WARNING: [Board 49-26] cannot add Board Part xilinx.com:zcu670ld:part0:1.0 available at C:/Xilinx/Vivado/2024.1/data/xhub/boards/XilinxBoardStore/boards/Xilinx/zcu670ld/1.0/board.xml as part xczu57dr-fsve1156-2-i specified in board_part file is either invalid or not available
INFO: [IP_Flow 19-234] Refreshing IP repositories
WARNING: [IP_Flow 19-3685] Ignored loading user repository 'c:/Projects/ERN24004/Projects/ADC/ip_repo/filter_ctrl/filter_ctrl_1_0'. The path is contained within another repository.
WARNING: [IP_Flow 19-2207] Repository 'c:/Projects/ERN24004/Projects/ADC/ip_repo/filter_ctrl/filter_ctrl_1_0' already exists; ignoring attempt to add it again.
WARNING: [IP_Flow 19-3685] Ignored loading user repository 'c:/Projects/ERN24004/Projects/ADC/ip_repo/filter_ctrl/filter_ctrl_1_0'. The path is contained within another repository.
WARNING: [IP_Flow 19-3685] Ignored loading user repository 'c:/Projects/ERN24004/Projects/ADC/ip_repo/filter_ctrl_1_0'. The path is contained within another repository.
WARNING: [IP_Flow 19-2207] Repository 'c:/Projects/ERN24004/Projects/ADC/ip_repo/filter_ctrl/filter_ctrl_1_0' already exists; ignoring attempt to add it again.
WARNING: [IP_Flow 19-3685] Ignored loading user repository 'c:/Projects/ERN24004/Projects/ADC/ip_repo/filter_ctrl/filter_ctrl_1_0'. The path is contained within another repository.
WARNING: [IP_Flow 19-2207] Repository 'c:/Projects/ERN24004/Projects/ADC/ip_repo/filter_ctrl_1_0' already exists; ignoring attempt to add it again.
WARNING: [IP_Flow 19-3685] Ignored loading user repository 'c:/Projects/ERN24004/Projects/ADC/ip_repo/filter_ctrl_1_0'. The path is contained within another repository.
WARNING: [IP_Flow 19-2207] Repository 'c:/Projects/ERN24004/Projects/ADC/ip_repo/filter_ctrl_1_0' already exists; ignoring attempt to add it again.
WARNING: [IP_Flow 19-3685] Ignored loading user repository 'c:/Projects/ERN24004/Projects/ADC/ip_repo/filter_ctrl_1_0'. The path is contained within another repository.
INFO: [IP_Flow 19-1700] Loaded user IP repository 'c:/Projects/ERN24004/Projects/ADC/ip_repo'.
INFO: [IP_Flow 19-795] Syncing license key meta-data
update_compile_order -fileset sources_1
WARNING: [filemgmt 56-199] Attempt to get parsing info during refresh. "On-the-fly" syntax checking information may be incorrect. [c:\Projects\ERN24004\Projects\ADC\ip_repo\filter_ctrl\filter_ctrl_1_0\hdl\filter_ctrl_slave_lite_v1_0_S00_AXI.v:]
WARNING: [filemgmt 56-199] Attempt to get parsing info during refresh. "On-the-fly" syntax checking information may be incorrect. [c:\Projects\ERN24004\Projects\ADC\ip_repo\filter_ctrl\filter_ctrl_1_0\hdl\filter_ctrl.v:]
WARNING: [filemgmt 56-199] Attempt to get parsing info during refresh. "On-the-fly" syntax checking information may be incorrect. [c:\Projects\ERN24004\Projects\ADC\ip_repo\filter_ctrl\filter_ctrl_1_0\hdl\filter_ctrl_slave_lite_v1_0_S00_AXI.v:]
WARNING: [filemgmt 56-199] Attempt to get parsing info during refresh. "On-the-fly" syntax checking information may be incorrect. [c:\Projects\ERN24004\Projects\ADC\ip_repo\filter_ctrl\filter_ctrl_1_0\hdl\filter_ctrl_slave_lite_v1_0_S00_AXI.v:]
ERROR: [Common 17-180] Spawn failed: No error
WARNING: [filemgmt 56-199] Attempt to get parsing info during refresh. "On-the-fly" syntax checking information may be incorrect. [c:\Projects\ERN24004\Projects\ADC\ip_repo\filter_ctrl\filter_ctrl_1_0\hdl\filter_ctrl_slave_lite_v1_0_S00_AXI.v:]
WARNING: [filemgmt 56-199] Attempt to get parsing info during refresh. "On-the-fly" syntax checking information may be incorrect. [c:\Projects\ERN24004\Projects\ADC\ip_repo\filter_ctrl\filter_ctrl_1_0\hdl\filter_ctrl.v:]
WARNING: [filemgmt 56-199] Attempt to get parsing info during refresh. "On-the-fly" syntax checking information may be incorrect. [c:\Projects\ERN24004\Projects\ADC\ip_repo\filter_ctrl\filter_ctrl_1_0\hdl\filter_ctrl_slave_lite_v1_0_S00_AXI.v:]
WARNING: [filemgmt 56-199] Attempt to get parsing info during refresh. "On-the-fly" syntax checking information may be incorrect. [c:\Projects\ERN24004\Projects\ADC\ip_repo\filter_ctrl\filter_ctrl_1_0\hdl\filter_ctrl_slave_lite_v1_0_S00_AXI.v:]
ERROR: [Common 17-180] Spawn failed: No error
ipx::merge_project_changes files [ipx::current_core]
ipx::merge_project_changes hdl_parameters [ipx::current_core]
INFO: [IP_Flow 19-3166] Bus Interface 'S00_AXI': References existing memory map 'S00_AXI'.
set_property core_revision 2 [ipx::current_core]
ipx::update_source_project_archive -component [ipx::current_core]
ipx::create_xgui_files [ipx::current_core]
ipx::update_checksums [ipx::current_core]
ipx::check_integrity [ipx::current_core]
WARNING: [IP_Flow 19-11889] HDL Parameter 'C_S00_AXI_DATA_WIDTH (C S00 AXI DATA WIDTH)': Order is obsolete with XGUI version >= 2.0
WARNING: [IP_Flow 19-11889] HDL Parameter 'C_S00_AXI_ADDR_WIDTH (C S00 AXI ADDR WIDTH)': Order is obsolete with XGUI version >= 2.0
WARNING: [IP_Flow 19-11770] Clock interface 'S00_AXI_CLK' has no FREQ_HZ parameter.
INFO: [IP_Flow 19-2181] Payment is not required for this core.
WARNING: [IP_Flow 19-2187] The Product Guide file is missing.
INFO: [Ipptcl 7-1486] check_integrity: Integrity check passed.
ipx::save_core [ipx::current_core]
ipx::move_temp_component_back -component [ipx::current_core]
close_project
update_ip_catalog -rebuild -repo_path c:/Projects/ERN24004/Projects/ADC/ip_repo/filter_ctrl/filter_ctrl_1_0
CRITICAL WARNING: [IP_Flow 19-1681] Failed to reload user IP repository 'c:/Projects/ERN24004/Projects/ADC/ip_repo/filter_ctrl/filter_ctrl_1_0'. ''c:/Projects/ERN24004/Projects/ADC/ip_repo/filter_ctrl/filter_ctrl_1_0' is not valid: Path is contained within another repository.'
0
report_ip_status -name ip_status 
startgroup
create_bd_cell -type ip -vlnv spicer.local:user:decimation_filter:1.0 decimation_filter_2
endgroup
delete_bd_objs [get_bd_cells decimation_filter_2]
startgroup
create_bd_cell -type ip -vlnv spicer.local:user:filter_ctrl:1.0 filter_ctrl_0
endgroup
apply_bd_automation -rule xilinx.com:bd_rule:axi4 -config { Clk_master {/processing_system7_0/FCLK_CLK0 (50 MHz)} Clk_slave {Auto} Clk_xbar {/processing_system7_0/FCLK_CLK0 (50 MHz)} Master {/processing_system7_0/M_AXI_GP0} Slave {/filter_ctrl_0/S00_AXI} ddr_seg {Auto} intc_ip {/ps7_0_axi_periph} master_apm {0}}  [get_bd_intf_pins filter_ctrl_0/S00_AXI]
Slave segment '/filter_ctrl_0/S00_AXI/S00_AXI_reg' is being assigned into address space '/processing_system7_0/Data' at <0x43C2_0000 [ 64K ]>.
regenerate_bd_layout
report_ip_status -name ip_status 
ipx::edit_ip_in_project -upgrade true -name filter_ctrl_v1_0_project -directory C:/Projects/ERN24004/Projects/ADC/ADC.tmp/filter_ctrl_v1_0_project c:/Projects/ERN24004/Projects/ADC/ip_repo/filter_ctrl/filter_ctrl_1_0/component.xml
INFO: [IP_Flow 19-234] Refreshing IP repositories
INFO: [IP_Flow 19-1704] No user IP repositories specified
INFO: [IP_Flow 19-2313] Loaded Vivado IP repository 'C:/Xilinx/Vivado/2024.1/data/ip'.
WARNING: [Board 49-26] cannot add Board Part xilinx.com:vek280_es:part0:1.0 available at C:/Xilinx/Vivado/2024.1/data/xhub/boards/XilinxBoardStore/boards/Xilinx/vek280/es/rev_a/1.0/board.xml as part xcve2802-vsvh1760-2lp-e-s-es1 specified in board_part file is either invalid or not available
WARNING: [Board 49-26] cannot add Board Part xilinx.com:vek280_es:part0:1.1 available at C:/Xilinx/Vivado/2024.1/data/xhub/boards/XilinxBoardStore/boards/Xilinx/vek280/es/rev_a/1.1/board.xml as part xcve2802-vsvh1760-2lp-e-s-es1 specified in board_part file is either invalid or not available
WARNING: [Board 49-26] cannot add Board Part xilinx.com:vek280_es_revb:part0:1.0 available at C:/Xilinx/Vivado/2024.1/data/xhub/boards/XilinxBoardStore/boards/Xilinx/vek280/es/rev_b/1.0/board.xml as part xcve2802-vsvh1760-2mp-e-s-es1 specified in board_part file is either invalid or not available
WARNING: [Board 49-26] cannot add Board Part xilinx.com:vek280_es_revb:part0:1.1 available at C:/Xilinx/Vivado/2024.1/data/xhub/boards/XilinxBoardStore/boards/Xilinx/vek280/es/rev_b/1.1/board.xml as part xcve2802-vsvh1760-2mp-e-s-es1 specified in board_part file is either invalid or not available
WARNING: [Board 49-26] cannot add Board Part xilinx.com:vhk158_es:part0:1.0 available at C:/Xilinx/Vivado/2024.1/data/xhub/boards/XilinxBoardStore/boards/Xilinx/vhk158/es/1.0/board.xml as part xcvh1582-vsva3697-2mp-e-s-es1 specified in board_part file is either invalid or not available
WARNING: [Board 49-26] cannot add Board Part xilinx.com:vhk158_es:part0:1.1 available at C:/Xilinx/Vivado/2024.1/data/xhub/boards/XilinxBoardStore/boards/Xilinx/vhk158/es/1.1/board.xml as part xcvh1582-vsva3697-2mp-e-s-es1 specified in board_part file is either invalid or not available
WARNING: [Board 49-26] cannot add Board Part xilinx.com:zcu208ld:part0:2.0 available at C:/Xilinx/Vivado/2024.1/data/xhub/boards/XilinxBoardStore/boards/Xilinx/zcu208ld/production/2.0/board.xml as part xczu58dr-fsvg1517-2-i specified in board_part file is either invalid or not available
WARNING: [Board 49-26] cannot add Board Part xilinx.com:zcu216ld:part0:2.0 available at C:/Xilinx/Vivado/2024.1/data/xhub/boards/XilinxBoardStore/boards/Xilinx/zcu216ld/production/2.0/board.xml as part xczu59dr-ffvf1760-2-i specified in board_part file is either invalid or not available
WARNING: [Board 49-26] cannot add Board Part xilinx.com:zcu670ld:part0:1.0 available at C:/Xilinx/Vivado/2024.1/data/xhub/boards/XilinxBoardStore/boards/Xilinx/zcu670ld/1.0/board.xml as part xczu57dr-fsve1156-2-i specified in board_part file is either invalid or not available
INFO: [IP_Flow 19-234] Refreshing IP repositories
WARNING: [IP_Flow 19-3685] Ignored loading user repository 'c:/Projects/ERN24004/Projects/ADC/ip_repo/filter_ctrl/filter_ctrl_1_0'. The path is contained within another repository.
WARNING: [IP_Flow 19-2207] Repository 'c:/Projects/ERN24004/Projects/ADC/ip_repo/filter_ctrl/filter_ctrl_1_0' already exists; ignoring attempt to add it again.
WARNING: [IP_Flow 19-3685] Ignored loading user repository 'c:/Projects/ERN24004/Projects/ADC/ip_repo/filter_ctrl/filter_ctrl_1_0'. The path is contained within another repository.
WARNING: [IP_Flow 19-3685] Ignored loading user repository 'c:/Projects/ERN24004/Projects/ADC/ip_repo/filter_ctrl_1_0'. The path is contained within another repository.
WARNING: [IP_Flow 19-2207] Repository 'c:/Projects/ERN24004/Projects/ADC/ip_repo/filter_ctrl/filter_ctrl_1_0' already exists; ignoring attempt to add it again.
WARNING: [IP_Flow 19-3685] Ignored loading user repository 'c:/Projects/ERN24004/Projects/ADC/ip_repo/filter_ctrl/filter_ctrl_1_0'. The path is contained within another repository.
WARNING: [IP_Flow 19-2207] Repository 'c:/Projects/ERN24004/Projects/ADC/ip_repo/filter_ctrl_1_0' already exists; ignoring attempt to add it again.
WARNING: [IP_Flow 19-3685] Ignored loading user repository 'c:/Projects/ERN24004/Projects/ADC/ip_repo/filter_ctrl_1_0'. The path is contained within another repository.
WARNING: [IP_Flow 19-2207] Repository 'c:/Projects/ERN24004/Projects/ADC/ip_repo/filter_ctrl_1_0' already exists; ignoring attempt to add it again.
WARNING: [IP_Flow 19-3685] Ignored loading user repository 'c:/Projects/ERN24004/Projects/ADC/ip_repo/filter_ctrl_1_0'. The path is contained within another repository.
INFO: [IP_Flow 19-1700] Loaded user IP repository 'c:/Projects/ERN24004/Projects/ADC/ip_repo'.
INFO: [IP_Flow 19-795] Syncing license key meta-data
update_compile_order -fileset sources_1
set_property core_revision 3 [ipx::current_core]
ipx::update_source_project_archive -component [ipx::current_core]
ipx::create_xgui_files [ipx::current_core]
ipx::update_checksums [ipx::current_core]
ipx::check_integrity [ipx::current_core]
WARNING: [IP_Flow 19-11889] HDL Parameter 'C_S00_AXI_DATA_WIDTH (C S00 AXI DATA WIDTH)': Order is obsolete with XGUI version >= 2.0
WARNING: [IP_Flow 19-11889] HDL Parameter 'C_S00_AXI_ADDR_WIDTH (C S00 AXI ADDR WIDTH)': Order is obsolete with XGUI version >= 2.0
WARNING: [IP_Flow 19-11770] Clock interface 'S00_AXI_CLK' has no FREQ_HZ parameter.
INFO: [IP_Flow 19-2181] Payment is not required for this core.
WARNING: [IP_Flow 19-2187] The Product Guide file is missing.
INFO: [Ipptcl 7-1486] check_integrity: Integrity check passed.
ipx::save_core [ipx::current_core]
ipx::move_temp_component_back -component [ipx::current_core]
close_project
update_ip_catalog -rebuild -repo_path c:/Projects/ERN24004/Projects/ADC/ip_repo/filter_ctrl/filter_ctrl_1_0
CRITICAL WARNING: [IP_Flow 19-1681] Failed to reload user IP repository 'c:/Projects/ERN24004/Projects/ADC/ip_repo/filter_ctrl/filter_ctrl_1_0'. ''c:/Projects/ERN24004/Projects/ADC/ip_repo/filter_ctrl/filter_ctrl_1_0' is not valid: Path is contained within another repository.'
0
update_ip_catalog -rebuild -scan_changes
INFO: [IP_Flow 19-234] Refreshing IP repositories
WARNING: [IP_Flow 19-3685] Ignored loading user repository 'c:/Projects/ERN24004/Projects/ADC/ip_repo/filter_ctrl/filter_ctrl_1_0'. The path is contained within another repository.
WARNING: [IP_Flow 19-2207] Repository 'c:/Projects/ERN24004/Projects/ADC/ip_repo/filter_ctrl/filter_ctrl_1_0' already exists; ignoring attempt to add it again.
WARNING: [IP_Flow 19-3685] Ignored loading user repository 'c:/Projects/ERN24004/Projects/ADC/ip_repo/filter_ctrl/filter_ctrl_1_0'. The path is contained within another repository.
WARNING: [IP_Flow 19-3685] Ignored loading user repository 'c:/Projects/ERN24004/Projects/ADC/ip_repo/filter_ctrl_1_0'. The path is contained within another repository.
WARNING: [IP_Flow 19-2207] Repository 'c:/Projects/ERN24004/Projects/ADC/ip_repo/filter_ctrl/filter_ctrl_1_0' already exists; ignoring attempt to add it again.
WARNING: [IP_Flow 19-3685] Ignored loading user repository 'c:/Projects/ERN24004/Projects/ADC/ip_repo/filter_ctrl/filter_ctrl_1_0'. The path is contained within another repository.
WARNING: [IP_Flow 19-2207] Repository 'c:/Projects/ERN24004/Projects/ADC/ip_repo/filter_ctrl_1_0' already exists; ignoring attempt to add it again.
WARNING: [IP_Flow 19-3685] Ignored loading user repository 'c:/Projects/ERN24004/Projects/ADC/ip_repo/filter_ctrl_1_0'. The path is contained within another repository.
WARNING: [IP_Flow 19-2207] Repository 'c:/Projects/ERN24004/Projects/ADC/ip_repo/filter_ctrl_1_0' already exists; ignoring attempt to add it again.
WARNING: [IP_Flow 19-3685] Ignored loading user repository 'c:/Projects/ERN24004/Projects/ADC/ip_repo/filter_ctrl_1_0'. The path is contained within another repository.
INFO: [IP_Flow 19-1700] Loaded user IP repository 'c:/Projects/ERN24004/Projects/ADC/ip_repo'.
report_ip_status -name ip_status
upgrade_ip [get_ips  dma_filter_ctrl_0_2] -log ip_upgrade.log
Upgrading 'C:/Projects/ERN24004/Projects/ADC/ADC.srcs/sources_1/bd/dma/dma.bd'
INFO: [IP_Flow 19-3422] Upgraded dma_filter_ctrl_0_2 (filter_ctrl_v1.0 1.0) from revision 1 to revision 3
WARNING: [IP_Flow 19-4698] Upgrade has added port 'f1'
WARNING: [IP_Flow 19-4698] Upgrade has added port 'f2'
WARNING: [IP_Flow 19-3298] Detected external port differences while upgrading 'dma_filter_ctrl_0_2'. These changes may impact your design.
CRITICAL WARNING: [Coretcl 2-1279] The upgrade of 'dma_filter_ctrl_0_2' has identified issues that may require user intervention. Please review the upgrade log 'c:/Projects/ERN24004/Projects/ADC/ip_upgrade.log', and verify that the upgraded IP is correctly configured.
Wrote  : <C:\Projects\ERN24004\Projects\ADC\ADC.srcs\sources_1\bd\dma\dma.bd> 
Wrote  : <C:/Projects/ERN24004/Projects/ADC/ADC.srcs/sources_1/bd/dma/ui/bd_87aee958.ui> 
INFO: [Coretcl 2-1525] Wrote upgrade log to 'C:/Projects/ERN24004/Projects/ADC/ip_upgrade.log'.
export_ip_user_files -of_objects [get_ips dma_filter_ctrl_0_2] -no_script -sync -force -quiet
generate_target all [get_files  C:/Projects/ERN24004/Projects/ADC/ADC.srcs/sources_1/bd/dma/dma.bd]
WARNING: [BD 41-2670] Found an incomplete address path from address space '/processing_system7_0/Data' to slave segment '/decimation_filter_1/S_AXI/S_AXI_reg'. Please either complete or remove this path to resolve.
WARNING: [BD 41-2670] Found an incomplete address path from address space '/processing_system7_0/Data' to slave segment '/decimation_filter_0/S_AXI/S_AXI_reg'. Please either complete or remove this path to resolve.
ERROR: [BD 41-1075] Cannot assign slave segment '/decimation_filter_0/S_AXI/S_AXI_reg' into address space '/processing_system7_0/Data' at address '0x43C0_0000 [ 64K ]'. Master segment '/processing_system7_0/Data/SEG_decimation_filter_0_S_AXI_reg' is invalid. The proposed address '0x43C0_0000 [ 64K ]' cannot be assigned through an incomplete addressing path.
ERROR: [BD 41-1075] Cannot assign slave segment '/decimation_filter_1/S_AXI/S_AXI_reg' into address space '/processing_system7_0/Data' at address '0x43C1_0000 [ 64K ]'. Master segment '/processing_system7_0/Data/SEG_decimation_filter_1_S_AXI_reg' is invalid. The proposed address '0x43C1_0000 [ 64K ]' cannot be assigned through an incomplete addressing path.
ERROR: [BD 41-1031] Hdl Generation failed for the IP Integrator design C:/Projects/ERN24004/Projects/ADC/ADC.srcs/sources_1/bd/dma/dma.bd 
ERROR: [Common 17-39] 'generate_target' failed due to earlier errors.
assign_bd_address
INFO: [BD 41-3093] Triggering Legacy Auto Assign Algorithm
report_ip_status -name ip_status 
validate_bd_design
WARNING: [BD 41-2670] Found an incomplete address path from address space '/processing_system7_0/Data' to slave segment '/decimation_filter_1/S_AXI/S_AXI_reg'. Please either complete or remove this path to resolve.
WARNING: [BD 41-2670] Found an incomplete address path from address space '/processing_system7_0/Data' to slave segment '/decimation_filter_0/S_AXI/S_AXI_reg'. Please either complete or remove this path to resolve.
ERROR: [BD 41-1075] Cannot assign slave segment '/decimation_filter_0/S_AXI/S_AXI_reg' into address space '/processing_system7_0/Data' at address '0x43C0_0000 [ 64K ]'. Master segment '/processing_system7_0/Data/SEG_decimation_filter_0_S_AXI_reg' is invalid. The proposed address '0x43C0_0000 [ 64K ]' cannot be assigned through an incomplete addressing path.
ERROR: [BD 41-1075] Cannot assign slave segment '/decimation_filter_1/S_AXI/S_AXI_reg' into address space '/processing_system7_0/Data' at address '0x43C1_0000 [ 64K ]'. Master segment '/processing_system7_0/Data/SEG_decimation_filter_1_S_AXI_reg' is invalid. The proposed address '0x43C1_0000 [ 64K ]' cannot be assigned through an incomplete addressing path.
ERROR: [Common 17-39] 'validate_bd_design' failed due to earlier errors.
ipx::edit_ip_in_project -upgrade true -name decimation_filter_v1_0_project -directory C:/Projects/ERN24004/Projects/ADC/ADC.tmp/decimation_filter_v1_0_project c:/Projects/ERN24004/Projects/ADC/ip_repo/decim_filter/decimation_filter_1_0/component.xml
INFO: [IP_Flow 19-234] Refreshing IP repositories
INFO: [IP_Flow 19-1704] No user IP repositories specified
INFO: [IP_Flow 19-2313] Loaded Vivado IP repository 'C:/Xilinx/Vivado/2024.1/data/ip'.
WARNING: [Board 49-26] cannot add Board Part xilinx.com:vek280_es:part0:1.0 available at C:/Xilinx/Vivado/2024.1/data/xhub/boards/XilinxBoardStore/boards/Xilinx/vek280/es/rev_a/1.0/board.xml as part xcve2802-vsvh1760-2lp-e-s-es1 specified in board_part file is either invalid or not available
WARNING: [Board 49-26] cannot add Board Part xilinx.com:vek280_es:part0:1.1 available at C:/Xilinx/Vivado/2024.1/data/xhub/boards/XilinxBoardStore/boards/Xilinx/vek280/es/rev_a/1.1/board.xml as part xcve2802-vsvh1760-2lp-e-s-es1 specified in board_part file is either invalid or not available
WARNING: [Board 49-26] cannot add Board Part xilinx.com:vek280_es_revb:part0:1.0 available at C:/Xilinx/Vivado/2024.1/data/xhub/boards/XilinxBoardStore/boards/Xilinx/vek280/es/rev_b/1.0/board.xml as part xcve2802-vsvh1760-2mp-e-s-es1 specified in board_part file is either invalid or not available
WARNING: [Board 49-26] cannot add Board Part xilinx.com:vek280_es_revb:part0:1.1 available at C:/Xilinx/Vivado/2024.1/data/xhub/boards/XilinxBoardStore/boards/Xilinx/vek280/es/rev_b/1.1/board.xml as part xcve2802-vsvh1760-2mp-e-s-es1 specified in board_part file is either invalid or not available
WARNING: [Board 49-26] cannot add Board Part xilinx.com:vhk158_es:part0:1.0 available at C:/Xilinx/Vivado/2024.1/data/xhub/boards/XilinxBoardStore/boards/Xilinx/vhk158/es/1.0/board.xml as part xcvh1582-vsva3697-2mp-e-s-es1 specified in board_part file is either invalid or not available
WARNING: [Board 49-26] cannot add Board Part xilinx.com:vhk158_es:part0:1.1 available at C:/Xilinx/Vivado/2024.1/data/xhub/boards/XilinxBoardStore/boards/Xilinx/vhk158/es/1.1/board.xml as part xcvh1582-vsva3697-2mp-e-s-es1 specified in board_part file is either invalid or not available
WARNING: [Board 49-26] cannot add Board Part xilinx.com:zcu208ld:part0:2.0 available at C:/Xilinx/Vivado/2024.1/data/xhub/boards/XilinxBoardStore/boards/Xilinx/zcu208ld/production/2.0/board.xml as part xczu58dr-fsvg1517-2-i specified in board_part file is either invalid or not available
WARNING: [Board 49-26] cannot add Board Part xilinx.com:zcu216ld:part0:2.0 available at C:/Xilinx/Vivado/2024.1/data/xhub/boards/XilinxBoardStore/boards/Xilinx/zcu216ld/production/2.0/board.xml as part xczu59dr-ffvf1760-2-i specified in board_part file is either invalid or not available
WARNING: [Board 49-26] cannot add Board Part xilinx.com:zcu670ld:part0:1.0 available at C:/Xilinx/Vivado/2024.1/data/xhub/boards/XilinxBoardStore/boards/Xilinx/zcu670ld/1.0/board.xml as part xczu57dr-fsve1156-2-i specified in board_part file is either invalid or not available
INFO: [IP_Flow 19-234] Refreshing IP repositories
WARNING: [IP_Flow 19-3685] Ignored loading user repository 'c:/Projects/ERN24004/Projects/ADC/ip_repo/filter_ctrl/filter_ctrl_1_0'. The path is contained within another repository.
WARNING: [IP_Flow 19-2207] Repository 'c:/Projects/ERN24004/Projects/ADC/ip_repo/filter_ctrl/filter_ctrl_1_0' already exists; ignoring attempt to add it again.
WARNING: [IP_Flow 19-3685] Ignored loading user repository 'c:/Projects/ERN24004/Projects/ADC/ip_repo/filter_ctrl/filter_ctrl_1_0'. The path is contained within another repository.
WARNING: [IP_Flow 19-3685] Ignored loading user repository 'c:/Projects/ERN24004/Projects/ADC/ip_repo/filter_ctrl_1_0'. The path is contained within another repository.
WARNING: [IP_Flow 19-2207] Repository 'c:/Projects/ERN24004/Projects/ADC/ip_repo/filter_ctrl/filter_ctrl_1_0' already exists; ignoring attempt to add it again.
WARNING: [IP_Flow 19-3685] Ignored loading user repository 'c:/Projects/ERN24004/Projects/ADC/ip_repo/filter_ctrl/filter_ctrl_1_0'. The path is contained within another repository.
WARNING: [IP_Flow 19-2207] Repository 'c:/Projects/ERN24004/Projects/ADC/ip_repo/filter_ctrl_1_0' already exists; ignoring attempt to add it again.
WARNING: [IP_Flow 19-3685] Ignored loading user repository 'c:/Projects/ERN24004/Projects/ADC/ip_repo/filter_ctrl_1_0'. The path is contained within another repository.
WARNING: [IP_Flow 19-2207] Repository 'c:/Projects/ERN24004/Projects/ADC/ip_repo/filter_ctrl_1_0' already exists; ignoring attempt to add it again.
WARNING: [IP_Flow 19-3685] Ignored loading user repository 'c:/Projects/ERN24004/Projects/ADC/ip_repo/filter_ctrl_1_0'. The path is contained within another repository.
INFO: [IP_Flow 19-1700] Loaded user IP repository 'c:/Projects/ERN24004/Projects/ADC/ip_repo'.
INFO: [IP_Flow 19-795] Syncing license key meta-data
update_compile_order -fileset sources_1
set_property core_revision 9 [ipx::current_core]
ipx::update_source_project_archive -component [ipx::current_core]
ipx::create_xgui_files [ipx::current_core]
ipx::update_checksums [ipx::current_core]
ipx::check_integrity [ipx::current_core]
WARNING: [IP_Flow 19-11888] Component Definition 'spicer.local:user:decimation_filter:1.0 (decimation_filter_v1.0)': IP description "Decim" is not meaningful: too short
WARNING: [IP_Flow 19-11889] HDL Parameter 'C_S_AXI_DATA_WIDTH (C S AXI DATA WIDTH)': Order is obsolete with XGUI version >= 2.0
WARNING: [IP_Flow 19-11889] HDL Parameter 'C_S_AXI_ADDR_WIDTH (C S AXI ADDR WIDTH)': Order is obsolete with XGUI version >= 2.0
WARNING: [IP_Flow 19-5661] Bus Interface 'clk' does not have any bus interfaces associated with it.
WARNING: [IP_Flow 19-11770] Clock interface 'clk' has no FREQ_HZ parameter.
WARNING: [IP_Flow 19-1980] The memory map 'S_AXI' is not referenced by any bus interface.
INFO: [IP_Flow 19-2181] Payment is not required for this core.
WARNING: [IP_Flow 19-2187] The Product Guide file is missing.
INFO: [Ipptcl 7-1486] check_integrity: Integrity check passed.
ipx::save_core [ipx::current_core]
ipx::move_temp_component_back -component [ipx::current_core]
close_project
update_ip_catalog -rebuild -repo_path c:/Projects/ERN24004/Projects/ADC/ip_repo
INFO: [IP_Flow 19-725] Reloaded user IP repository 'c:/Projects/ERN24004/Projects/ADC/ip_repo'
report_ip_status -name ip_status 
upgrade_ip [get_ips  {dma_decimation_filter_0_0 dma_decimation_filter_1_0}] -log ip_upgrade.log
Upgrading 'C:/Projects/ERN24004/Projects/ADC/ADC.srcs/sources_1/bd/dma/dma.bd'
INFO: [IP_Flow 19-3422] Upgraded dma_decimation_filter_0_0 (decimation_filter_v1.0 1.0) from revision 8 to revision 9
INFO: [IP_Flow 19-3422] Upgraded dma_decimation_filter_1_0 (decimation_filter_v1.0 1.0) from revision 8 to revision 9
Wrote  : <C:\Projects\ERN24004\Projects\ADC\ADC.srcs\sources_1\bd\dma\dma.bd> 
Wrote  : <C:/Projects/ERN24004/Projects/ADC/ADC.srcs/sources_1/bd/dma/ui/bd_87aee958.ui> 
INFO: [Coretcl 2-1525] Wrote upgrade log to 'C:/Projects/ERN24004/Projects/ADC/ip_upgrade.log'.
export_ip_user_files -of_objects [get_ips {dma_decimation_filter_0_0 dma_decimation_filter_1_0}] -no_script -sync -force -quiet
generate_target all [get_files  C:/Projects/ERN24004/Projects/ADC/ADC.srcs/sources_1/bd/dma/dma.bd]
WARNING: [BD 41-2670] Found an incomplete address path from address space '/processing_system7_0/Data' to master interface '/ps7_0_axi_periph/M03_AXI'. Please either complete or remove this path to resolve.
WARNING: [BD 41-2670] Found an incomplete address path from address space '/processing_system7_0/Data' to slave segment '/decimation_filter_0/S_AXI/S_AXI_reg'. Please either complete or remove this path to resolve.
ERROR: [BD 41-1075] Cannot assign slave segment '/decimation_filter_0/S_AXI/S_AXI_reg' into address space '/processing_system7_0/Data' at address '0x43C0_0000 [ 64K ]'. Master segment '/processing_system7_0/Data/SEG_decimation_filter_0_S_AXI_reg' is invalid. The proposed address '0x43C0_0000 [ 64K ]' cannot be assigned through an incomplete addressing path.
ERROR: [BD 41-1031] Hdl Generation failed for the IP Integrator design C:/Projects/ERN24004/Projects/ADC/ADC.srcs/sources_1/bd/dma/dma.bd 
ERROR: [Common 17-39] 'generate_target' failed due to earlier errors.
update_ip_catalog -rebuild -scan_changes
INFO: [IP_Flow 19-234] Refreshing IP repositories
WARNING: [IP_Flow 19-3685] Ignored loading user repository 'c:/Projects/ERN24004/Projects/ADC/ip_repo/filter_ctrl/filter_ctrl_1_0'. The path is contained within another repository.
WARNING: [IP_Flow 19-2207] Repository 'c:/Projects/ERN24004/Projects/ADC/ip_repo/filter_ctrl/filter_ctrl_1_0' already exists; ignoring attempt to add it again.
WARNING: [IP_Flow 19-3685] Ignored loading user repository 'c:/Projects/ERN24004/Projects/ADC/ip_repo/filter_ctrl/filter_ctrl_1_0'. The path is contained within another repository.
WARNING: [IP_Flow 19-3685] Ignored loading user repository 'c:/Projects/ERN24004/Projects/ADC/ip_repo/filter_ctrl_1_0'. The path is contained within another repository.
WARNING: [IP_Flow 19-2207] Repository 'c:/Projects/ERN24004/Projects/ADC/ip_repo/filter_ctrl/filter_ctrl_1_0' already exists; ignoring attempt to add it again.
WARNING: [IP_Flow 19-3685] Ignored loading user repository 'c:/Projects/ERN24004/Projects/ADC/ip_repo/filter_ctrl/filter_ctrl_1_0'. The path is contained within another repository.
WARNING: [IP_Flow 19-2207] Repository 'c:/Projects/ERN24004/Projects/ADC/ip_repo/filter_ctrl_1_0' already exists; ignoring attempt to add it again.
WARNING: [IP_Flow 19-3685] Ignored loading user repository 'c:/Projects/ERN24004/Projects/ADC/ip_repo/filter_ctrl_1_0'. The path is contained within another repository.
WARNING: [IP_Flow 19-2207] Repository 'c:/Projects/ERN24004/Projects/ADC/ip_repo/filter_ctrl_1_0' already exists; ignoring attempt to add it again.
WARNING: [IP_Flow 19-3685] Ignored loading user repository 'c:/Projects/ERN24004/Projects/ADC/ip_repo/filter_ctrl_1_0'. The path is contained within another repository.
INFO: [IP_Flow 19-1700] Loaded user IP repository 'c:/Projects/ERN24004/Projects/ADC/ip_repo'.
report_ip_status -name ip_status
upgrade_ip [get_ips  {dma_decimation_filter_0_0 dma_decimation_filter_1_0}] -log ip_upgrade.log
Upgrading 'C:/Projects/ERN24004/Projects/ADC/ADC.srcs/sources_1/bd/dma/dma.bd'
INFO: [IP_Flow 19-3420] Updated dma_decimation_filter_0_0 to use current project options
INFO: [IP_Flow 19-3420] Updated dma_decimation_filter_1_0 to use current project options
Wrote  : <C:\Projects\ERN24004\Projects\ADC\ADC.srcs\sources_1\bd\dma\dma.bd> 
INFO: [Coretcl 2-1525] Wrote upgrade log to 'C:/Projects/ERN24004/Projects/ADC/ip_upgrade.log'.
export_ip_user_files -of_objects [get_ips {dma_decimation_filter_0_0 dma_decimation_filter_1_0}] -no_script -sync -force -quiet
generate_target all [get_files  C:/Projects/ERN24004/Projects/ADC/ADC.srcs/sources_1/bd/dma/dma.bd]
WARNING: [BD 41-2670] Found an incomplete address path from address space '/processing_system7_0/Data' to slave segment '/decimation_filter_0/S_AXI/S_AXI_reg'. Please either complete or remove this path to resolve.
WARNING: [BD 41-2670] Found an incomplete address path from address space '/processing_system7_0/Data' to master interface '/ps7_0_axi_periph/M03_AXI'. Please either complete or remove this path to resolve.
ERROR: [BD 41-1075] Cannot assign slave segment '/decimation_filter_0/S_AXI/S_AXI_reg' into address space '/processing_system7_0/Data' at address '0x43C0_0000 [ 64K ]'. Master segment '/processing_system7_0/Data/SEG_decimation_filter_0_S_AXI_reg' is invalid. The proposed address '0x43C0_0000 [ 64K ]' cannot be assigned through an incomplete addressing path.
ERROR: [BD 41-1031] Hdl Generation failed for the IP Integrator design C:/Projects/ERN24004/Projects/ADC/ADC.srcs/sources_1/bd/dma/dma.bd 
ERROR: [Common 17-39] 'generate_target' failed due to earlier errors.
regenerate_bd_layout
report_ip_status -name ip_status 
delete_bd_objs [get_bd_addr_segs processing_system7_0/Data/SEG_decimation_filter_0_S_AXI_reg]
delete_bd_objs [get_bd_addr_segs processing_system7_0/Data/SEG_decimation_filter_1_S_AXI_reg]
validate_bd_design
WARNING: [BD 41-2670] Found an incomplete address path from address space '/processing_system7_0/Data' to master interface '/ps7_0_axi_periph/M03_AXI'. Please either complete or remove this path to resolve.
WARNING: [BD 41-2670] Found an incomplete address path from address space '/processing_system7_0/Data' to master interface '/ps7_0_axi_periph/M02_AXI'. Please either complete or remove this path to resolve.
WARNING: [BD 5-699] No address segments matched 'get_bd_addr_segs -addressables -of_objects /ps7_0_axi_periph/xbar/M02_AXI'
WARNING: [BD 5-699] No address segments matched 'get_bd_addr_segs -addressables -of_objects /ps7_0_axi_periph/xbar/M03_AXI'
WARNING: [BD 5-699] No address segments matched 'get_bd_addr_segs -addressed -of_object /axi_mem_intercon/S02_AXI'
WARNING: [BD 5-699] No address segments matched 'get_bd_addr_segs -addressable -of_object /axi_mem_intercon/S02_AXI'
WARNING: [BD 5-699] No address segments matched 'get_bd_addr_segs -addressing -of_object /axi_mem_intercon/S02_AXI'
CRITICAL WARNING: [BD 41-759] The input pins (listed below) are either not connected or do not have a source port, and they don't have a tie-off specified. These pins are tied-off to all 0's to avoid error in Implementation flow.
Please check your design and connect them as needed: 
/decimation_filter_0/en
/decimation_filter_1/en

report_ip_status -name ip_status 
regenerate_bd_layout
set_property location {1 50 718} [get_bd_cells filter_ctrl_0]
set_property location {2 429 724} [get_bd_cells filter_ctrl_0]
connect_bd_net [get_bd_pins filter_ctrl_0/f1] [get_bd_pins decimation_filter_0/en]
connect_bd_net [get_bd_pins filter_ctrl_0/f2] [get_bd_pins decimation_filter_1/en]
validate_bd_design
WARNING: [BD 41-2670] Found an incomplete address path from address space '/processing_system7_0/Data' to master interface '/ps7_0_axi_periph/M02_AXI'. Please either complete or remove this path to resolve.
WARNING: [BD 41-2670] Found an incomplete address path from address space '/processing_system7_0/Data' to master interface '/ps7_0_axi_periph/M03_AXI'. Please either complete or remove this path to resolve.
WARNING: [BD 5-699] No address segments matched 'get_bd_addr_segs -addressables -of_objects /ps7_0_axi_periph/xbar/M02_AXI'
WARNING: [BD 5-699] No address segments matched 'get_bd_addr_segs -addressables -of_objects /ps7_0_axi_periph/xbar/M03_AXI'
WARNING: [BD 5-699] No address segments matched 'get_bd_addr_segs -addressed -of_object /axi_mem_intercon/S02_AXI'
WARNING: [BD 5-699] No address segments matched 'get_bd_addr_segs -addressable -of_object /axi_mem_intercon/S02_AXI'
WARNING: [BD 5-699] No address segments matched 'get_bd_addr_segs -addressing -of_object /axi_mem_intercon/S02_AXI'
report_ip_status -name ip_status 
regenerate_bd_layout
save_bd_design
Wrote  : <C:\Projects\ERN24004\Projects\ADC\ADC.srcs\sources_1\bd\dma\dma.bd> 
Wrote  : <C:/Projects/ERN24004/Projects/ADC/ADC.srcs/sources_1/bd/dma/ui/bd_87aee958.ui> 
reset_run synth_1
INFO: [Project 1-1161] Replacing file C:/Projects/ERN24004/Projects/ADC/ADC.srcs/utils_1/imports/synth_1/dma_wrapper.dcp with file C:/Projects/ERN24004/Projects/ADC/ADC.runs/synth_1/dma_wrapper.dcp
reset_run dma_xbar_1_synth_1
launch_runs impl_1 -to_step write_bitstream -jobs 4
INFO: [BD 41-1662] The design 'dma.bd' is already validated. Therefore parameter propagation will not be re-run.
