#-----------------------------------------------------------
# Vivado v2024.1.2 (64-bit)
# SW Build 5164865 on Thu Sep  5 14:37:11 MDT 2024
# IP Build 5164407 on Fri Sep  6 08:18:11 MDT 2024
# SharedData Build 5164864 on Thu Sep 05 13:09:09 MDT 2024
# Start of session at: Mon Nov 25 13:53:18 2024
# Process ID: 30228
# Current directory: C:/Projects/ERN24004/Projects/ADC
# Command line: vivado.exe -gui_launcher_event rodinguilauncherevent32776 C:\Projects\ERN24004\Projects\ADC\ADC.xpr
# Log file: C:/Projects/ERN24004/Projects/ADC/vivado.log
# Journal file: C:/Projects/ERN24004/Projects/ADC\vivado.jou
# Running On        :DonGun
# Platform          :Windows Server 2016 or Windows 10
# Operating System  :22631
# Processor Detail  :13th Gen Intel(R) Core(TM) i7-13700K
# CPU Frequency     :3418 MHz
# CPU Physical cores:16
# CPU Logical cores :24
# Host memory       :34124 MB
# Swap memory       :2147 MB
# Total Virtual     :36272 MB
# Available Virtual :14311 MB
#-----------------------------------------------------------
start_gui
open_project C:/Projects/ERN24004/Projects/ADC/ADC.xpr
WARNING: [Board 49-26] cannot add Board Part xilinx.com:vek280_es:part0:1.0 available at C:/Xilinx/Vivado/2024.1/data/xhub/boards/XilinxBoardStore/boards/Xilinx/vek280/es/rev_a/1.0/board.xml as part xcve2802-vsvh1760-2lp-e-s-es1 specified in board_part file is either invalid or not available
WARNING: [Board 49-26] cannot add Board Part xilinx.com:vek280_es:part0:1.1 available at C:/Xilinx/Vivado/2024.1/data/xhub/boards/XilinxBoardStore/boards/Xilinx/vek280/es/rev_a/1.1/board.xml as part xcve2802-vsvh1760-2lp-e-s-es1 specified in board_part file is either invalid or not available
WARNING: [Board 49-26] cannot add Board Part xilinx.com:vek280_es_revb:part0:1.0 available at C:/Xilinx/Vivado/2024.1/data/xhub/boards/XilinxBoardStore/boards/Xilinx/vek280/es/rev_b/1.0/board.xml as part xcve2802-vsvh1760-2mp-e-s-es1 specified in board_part file is either invalid or not available
WARNING: [Board 49-26] cannot add Board Part xilinx.com:vek280_es_revb:part0:1.1 available at C:/Xilinx/Vivado/2024.1/data/xhub/boards/XilinxBoardStore/boards/Xilinx/vek280/es/rev_b/1.1/board.xml as part xcve2802-vsvh1760-2mp-e-s-es1 specified in board_part file is either invalid or not available
WARNING: [Board 49-26] cannot add Board Part xilinx.com:vhk158_es:part0:1.0 available at C:/Xilinx/Vivado/2024.1/data/xhub/boards/XilinxBoardStore/boards/Xilinx/vhk158/es/1.0/board.xml as part xcvh1582-vsva3697-2mp-e-s-es1 specified in board_part file is either invalid or not available
WARNING: [Board 49-26] cannot add Board Part xilinx.com:vhk158_es:part0:1.1 available at C:/Xilinx/Vivado/2024.1/data/xhub/boards/XilinxBoardStore/boards/Xilinx/vhk158/es/1.1/board.xml as part xcvh1582-vsva3697-2mp-e-s-es1 specified in board_part file is either invalid or not available
WARNING: [Board 49-26] cannot add Board Part xilinx.com:zcu208ld:part0:2.0 available at C:/Xilinx/Vivado/2024.1/data/xhub/boards/XilinxBoardStore/boards/Xilinx/zcu208ld/production/2.0/board.xml as part xczu58dr-fsvg1517-2-i specified in board_part file is either invalid or not available
WARNING: [Board 49-26] cannot add Board Part xilinx.com:zcu216ld:part0:2.0 available at C:/Xilinx/Vivado/2024.1/data/xhub/boards/XilinxBoardStore/boards/Xilinx/zcu216ld/production/2.0/board.xml as part xczu59dr-ffvf1760-2-i specified in board_part file is either invalid or not available
WARNING: [Board 49-26] cannot add Board Part xilinx.com:zcu670ld:part0:1.0 available at C:/Xilinx/Vivado/2024.1/data/xhub/boards/XilinxBoardStore/boards/Xilinx/zcu670ld/1.0/board.xml as part xczu57dr-fsve1156-2-i specified in board_part file is either invalid or not available
WARNING: [filemgmt 56-3] IP Repository Path: Could not find the directory 'C:/Projects/ERN24004/Projects/ADC/ip_repo/filter_ctrl_1_0'.
WARNING: [filemgmt 56-3] IP Repository Path: Could not find the directory 'C:/Projects/ERN24004/Projects/ADC/ip_repo/filter_ctrl_1_0'.
WARNING: [filemgmt 56-3] IP Repository Path: Could not find the directory 'C:/Projects/ERN24004/Projects/ADC/ip_repo/filter_ctrl_1_0'.
Scanning sources...
Finished scanning sources
INFO: [IP_Flow 19-234] Refreshing IP repositories
WARNING: [IP_Flow 19-3685] Ignored loading user repository 'c:/Projects/ERN24004/Projects/ADC/ip_repo/filter_ctrl/filter_ctrl_1_0'. The path is contained within another repository.
WARNING: [IP_Flow 19-2207] Repository 'c:/Projects/ERN24004/Projects/ADC/ip_repo/filter_ctrl/filter_ctrl_1_0' already exists; ignoring attempt to add it again.
WARNING: [IP_Flow 19-3685] Ignored loading user repository 'c:/Projects/ERN24004/Projects/ADC/ip_repo/filter_ctrl/filter_ctrl_1_0'. The path is contained within another repository.
WARNING: [IP_Flow 19-3685] Ignored loading user repository 'c:/Projects/ERN24004/Projects/ADC/ip_repo/filter_ctrl_1_0'. The path is contained within another repository.
WARNING: [IP_Flow 19-2207] Repository 'c:/Projects/ERN24004/Projects/ADC/ip_repo/filter_ctrl/filter_ctrl_1_0' already exists; ignoring attempt to add it again.
WARNING: [IP_Flow 19-3685] Ignored loading user repository 'c:/Projects/ERN24004/Projects/ADC/ip_repo/filter_ctrl/filter_ctrl_1_0'. The path is contained within another repository.
WARNING: [IP_Flow 19-2207] Repository 'c:/Projects/ERN24004/Projects/ADC/ip_repo/filter_ctrl_1_0' already exists; ignoring attempt to add it again.
WARNING: [IP_Flow 19-3685] Ignored loading user repository 'c:/Projects/ERN24004/Projects/ADC/ip_repo/filter_ctrl_1_0'. The path is contained within another repository.
WARNING: [IP_Flow 19-2207] Repository 'c:/Projects/ERN24004/Projects/ADC/ip_repo/filter_ctrl_1_0' already exists; ignoring attempt to add it again.
WARNING: [IP_Flow 19-3685] Ignored loading user repository 'c:/Projects/ERN24004/Projects/ADC/ip_repo/filter_ctrl_1_0'. The path is contained within another repository.
INFO: [IP_Flow 19-1700] Loaded user IP repository 'c:/Projects/ERN24004/Projects/ADC/ip_repo'.
INFO: [IP_Flow 19-2313] Loaded Vivado IP repository 'C:/Xilinx/Vivado/2024.1/data/ip'.
open_project: Time (s): cpu = 00:00:12 ; elapsed = 00:00:12 . Memory (MB): peak = 1855.379 ; gain = 605.871
update_compile_order -fileset sources_1
open_bd_design {C:/Projects/ERN24004/Projects/ADC/ADC.srcs/sources_1/bd/dma/dma.bd}
Reading block design file <C:/Projects/ERN24004/Projects/ADC/ADC.srcs/sources_1/bd/dma/dma.bd>...
Adding component instance block -- xilinx.com:ip:processing_system7:5.5 - processing_system7_0
Adding component instance block -- xilinx.com:ip:axi_interconnect:2.1 - ps7_0_axi_periph
Adding component instance block -- xilinx.com:ip:axi_crossbar:2.1 - xbar
Adding component instance block -- xilinx.com:ip:axi_protocol_converter:2.1 - auto_pc
Adding component instance block -- xilinx.com:ip:proc_sys_reset:5.0 - rst_ps7_0_50M
Adding component instance block -- xilinx.com:ip:axi_interconnect:2.1 - axi_mem_intercon
Adding component instance block -- xilinx.com:ip:axi_crossbar:2.1 - xbar
Adding component instance block -- xilinx.com:ip:axi_dwidth_converter:2.1 - auto_us
Adding component instance block -- xilinx.com:ip:axi_protocol_converter:2.1 - auto_pc
Adding component instance block -- xilinx.com:ip:axi_protocol_converter:2.1 - auto_pc
Adding component instance block -- xilinx.com:ip:axi_dma:7.1 - axi_dma_0
Adding component instance block -- xilinx.com:ip:axis_data_fifo:2.0 - axis_data_fifo_0
Adding component instance block -- digilentinc.com:IP:PmodAD1:1.0 - PmodAD1_0
Adding component instance block -- spicer.local:user:decimation_filter:1.0 - decimation_filter_0
Adding component instance block -- spicer.local:user:data_anchor:1.0 - data_anchor_0
Adding component instance block -- spicer.local:user:decimation_filter:1.0 - decimation_filter_1
Adding component instance block -- spicer.local:user:filter_ctrl:1.0 - filter_ctrl_0
Adding component instance block -- xilinx.com:ip:xlconcat:2.1 - xlconcat_0
Successfully read diagram <dma> from block design file <C:/Projects/ERN24004/Projects/ADC/ADC.srcs/sources_1/bd/dma/dma.bd>
regenerate_bd_layout
reset_run synth_1
INFO: [Project 1-1161] Replacing file C:/Projects/ERN24004/Projects/ADC/ADC.srcs/utils_1/imports/synth_1/dma_wrapper.dcp with file C:/Projects/ERN24004/Projects/ADC/ADC.runs/synth_1/dma_wrapper.dcp
launch_runs impl_1 -to_step write_bitstream -jobs 4
INFO: [BD 41-1662] The design 'dma.bd' is already validated. Therefore parameter propagation will not be re-run.
Wrote  : <C:/Projects/ERN24004/Projects/ADC/ADC.srcs/sources_1/bd/dma/ui/bd_87aee958.ui> 
WARNING: [BD 41-2384] Width mismatch when connecting pin: '/axi_mem_intercon/m00_couplers/auto_pc/m_axi_rid'(2) to pin: '/axi_mem_intercon/m00_couplers/M_AXI_rid'(6) - Only lower order bits will be connected.
WARNING: [BD 41-2384] Width mismatch when connecting pin: '/axi_mem_intercon/m00_couplers/auto_pc/m_axi_bid'(2) to pin: '/axi_mem_intercon/m00_couplers/M_AXI_bid'(6) - Only lower order bits will be connected.
WARNING: [BD 41-2384] Width mismatch when connecting pin: '/axi_mem_intercon/m01_couplers/auto_pc/m_axi_rid'(2) to pin: '/axi_mem_intercon/m01_couplers/M_AXI_rid'(6) - Only lower order bits will be connected.
WARNING: [BD 41-2384] Width mismatch when connecting pin: '/axi_mem_intercon/m01_couplers/auto_pc/m_axi_bid'(2) to pin: '/axi_mem_intercon/m01_couplers/M_AXI_bid'(6) - Only lower order bits will be connected.
WARNING: [BD 41-2384] Width mismatch when connecting pin: '/processing_system7_0/S_AXI_HP0_AWID'(6) to pin: '/axi_mem_intercon/M00_AXI_awid'(2) - Only lower order bits will be connected.
WARNING: [BD 41-2384] Width mismatch when connecting pin: '/processing_system7_0/S_AXI_HP0_ARID'(6) to pin: '/axi_mem_intercon/M00_AXI_arid'(2) - Only lower order bits will be connected.
WARNING: [BD 41-2384] Width mismatch when connecting pin: '/processing_system7_0/S_AXI_HP0_WID'(6) to pin: '/axi_mem_intercon/M00_AXI_wid'(2) - Only lower order bits will be connected.
WARNING: [BD 41-2384] Width mismatch when connecting pin: '/processing_system7_0/S_AXI_HP2_AWID'(6) to pin: '/axi_mem_intercon/M01_AXI_awid'(2) - Only lower order bits will be connected.
WARNING: [BD 41-2384] Width mismatch when connecting pin: '/processing_system7_0/S_AXI_HP2_ARID'(6) to pin: '/axi_mem_intercon/M01_AXI_arid'(2) - Only lower order bits will be connected.
WARNING: [BD 41-2384] Width mismatch when connecting pin: '/processing_system7_0/S_AXI_HP2_WID'(6) to pin: '/axi_mem_intercon/M01_AXI_wid'(2) - Only lower order bits will be connected.
Verilog Output written to : c:/Projects/ERN24004/Projects/ADC/ADC.gen/sources_1/bd/dma/synth/dma.v
WARNING: [BD 41-2384] Width mismatch when connecting pin: '/axi_mem_intercon/m00_couplers/auto_pc/m_axi_rid'(2) to pin: '/axi_mem_intercon/m00_couplers/M_AXI_rid'(6) - Only lower order bits will be connected.
WARNING: [BD 41-2384] Width mismatch when connecting pin: '/axi_mem_intercon/m00_couplers/auto_pc/m_axi_bid'(2) to pin: '/axi_mem_intercon/m00_couplers/M_AXI_bid'(6) - Only lower order bits will be connected.
WARNING: [BD 41-2384] Width mismatch when connecting pin: '/axi_mem_intercon/m01_couplers/auto_pc/m_axi_rid'(2) to pin: '/axi_mem_intercon/m01_couplers/M_AXI_rid'(6) - Only lower order bits will be connected.
WARNING: [BD 41-2384] Width mismatch when connecting pin: '/axi_mem_intercon/m01_couplers/auto_pc/m_axi_bid'(2) to pin: '/axi_mem_intercon/m01_couplers/M_AXI_bid'(6) - Only lower order bits will be connected.
WARNING: [BD 41-2384] Width mismatch when connecting pin: '/processing_system7_0/S_AXI_HP0_AWID'(6) to pin: '/axi_mem_intercon/M00_AXI_awid'(2) - Only lower order bits will be connected.
WARNING: [BD 41-2384] Width mismatch when connecting pin: '/processing_system7_0/S_AXI_HP0_ARID'(6) to pin: '/axi_mem_intercon/M00_AXI_arid'(2) - Only lower order bits will be connected.
WARNING: [BD 41-2384] Width mismatch when connecting pin: '/processing_system7_0/S_AXI_HP0_WID'(6) to pin: '/axi_mem_intercon/M00_AXI_wid'(2) - Only lower order bits will be connected.
WARNING: [BD 41-2384] Width mismatch when connecting pin: '/processing_system7_0/S_AXI_HP2_AWID'(6) to pin: '/axi_mem_intercon/M01_AXI_awid'(2) - Only lower order bits will be connected.
WARNING: [BD 41-2384] Width mismatch when connecting pin: '/processing_system7_0/S_AXI_HP2_ARID'(6) to pin: '/axi_mem_intercon/M01_AXI_arid'(2) - Only lower order bits will be connected.
WARNING: [BD 41-2384] Width mismatch when connecting pin: '/processing_system7_0/S_AXI_HP2_WID'(6) to pin: '/axi_mem_intercon/M01_AXI_wid'(2) - Only lower order bits will be connected.
Verilog Output written to : c:/Projects/ERN24004/Projects/ADC/ADC.gen/sources_1/bd/dma/sim/dma.v
Verilog Output written to : c:/Projects/ERN24004/Projects/ADC/ADC.gen/sources_1/bd/dma/hdl/dma_wrapper.v
WARNING: [IP_Flow 19-4994] Overwriting existing constraint file 'c:/Projects/ERN24004/Projects/ADC/ADC.gen/sources_1/bd/dma/ip/dma_auto_pc_0/dma_auto_pc_0_ooc.xdc'
INFO: [BD 41-1029] Generation completed for the IP Integrator block ps7_0_axi_periph/s00_couplers/auto_pc .
WARNING: [IP_Flow 19-4994] Overwriting existing constraint file 'c:/Projects/ERN24004/Projects/ADC/ADC.gen/sources_1/bd/dma/ip/dma_auto_us_0/dma_auto_us_0_ooc.xdc'
INFO: [IP_Flow 19-5611] Unable to find an associated reset port for the interface 'S_AXI'. A default connection has been created.
INFO: [IP_Flow 19-5611] Unable to find an associated reset port for the interface 'M_AXI'. A default connection has been created.
INFO: [BD 41-1029] Generation completed for the IP Integrator block axi_mem_intercon/s01_couplers/auto_us .
WARNING: [IP_Flow 19-4994] Overwriting existing constraint file 'c:/Projects/ERN24004/Projects/ADC/ADC.gen/sources_1/bd/dma/ip/dma_auto_pc_1/dma_auto_pc_1_ooc.xdc'
INFO: [BD 41-1029] Generation completed for the IP Integrator block axi_mem_intercon/m00_couplers/auto_pc .
WARNING: [IP_Flow 19-4994] Overwriting existing constraint file 'c:/Projects/ERN24004/Projects/ADC/ADC.gen/sources_1/bd/dma/ip/dma_auto_pc_2/dma_auto_pc_2_ooc.xdc'
INFO: [BD 41-1029] Generation completed for the IP Integrator block axi_mem_intercon/m01_couplers/auto_pc .
INFO: [BD 41-1029] Generation completed for the IP Integrator block decimation_filter_0 .
INFO: [BD 41-1029] Generation completed for the IP Integrator block decimation_filter_1 .
Exporting to file c:/Projects/ERN24004/Projects/ADC/ADC.gen/sources_1/bd/dma/hw_handoff/dma.hwh
Generated Hardware Definition File c:/Projects/ERN24004/Projects/ADC/ADC.gen/sources_1/bd/dma/synth/dma.hwdef
INFO: [IP_Flow 19-6930] IPCACHE: runCacheChecks() number of threads = 8
INFO: [IP_Flow 19-6921] IPCACHE: Adding cache check func to thread queue for IP dma_auto_pc_0
INFO: [IP_Flow 19-6921] IPCACHE: Adding cache check func to thread queue for IP dma_auto_pc_1
INFO: [IP_Flow 19-6921] IPCACHE: Adding cache check func to thread queue for IP dma_auto_pc_2
INFO: [IP_Flow 19-6921] IPCACHE: Adding cache check func to thread queue for IP dma_auto_us_0
INFO: [IP_Flow 19-6921] IPCACHE: Adding cache check func to thread queue for IP dma_decimation_filter_0_0
INFO: [IP_Flow 19-6921] IPCACHE: Adding cache check func to thread queue for IP dma_decimation_filter_1_0
INFO: [IP_Flow 19-8020] IPCACHE: runCacheChecks() calling threadPool finishWork()
INFO: [IP_Flow 19-6924] IPCACHE: Running cache check for IP inst: dma_auto_pc_0
INFO: [IP_Flow 19-6922] IPCACHE: Exporting cached entry 8303ab40dec7ec38 to dir: c:/Projects/ERN24004/Projects/ADC/ADC.gen/sources_1/bd/dma/ip/dma_auto_pc_0
INFO: [IP_Flow 19-6928] IPCACHE: copied cached file c:/Projects/ERN24004/Projects/ADC/ADC.cache/ip/2024.1.2/8/3/8303ab40dec7ec38/dma_auto_pc_0.dcp to c:/Projects/ERN24004/Projects/ADC/ADC.gen/sources_1/bd/dma/ip/dma_auto_pc_0/dma_auto_pc_0.dcp.
INFO: [IP_Flow 19-6926] IPCACHE: added file to list for BOM: c:/Projects/ERN24004/Projects/ADC/ADC.gen/sources_1/bd/dma/ip/dma_auto_pc_0/dma_auto_pc_0.dcp
INFO: [IP_Flow 19-6928] IPCACHE: copied cached file c:/Projects/ERN24004/Projects/ADC/ADC.cache/ip/2024.1.2/8/3/8303ab40dec7ec38/dma_auto_pc_0_sim_netlist.v to c:/Projects/ERN24004/Projects/ADC/ADC.gen/sources_1/bd/dma/ip/dma_auto_pc_0/dma_auto_pc_0_sim_netlist.v.
INFO: [IP_Flow 19-6926] IPCACHE: added file to list for BOM: c:/Projects/ERN24004/Projects/ADC/ADC.gen/sources_1/bd/dma/ip/dma_auto_pc_0/dma_auto_pc_0_sim_netlist.v
INFO: [IP_Flow 19-6928] IPCACHE: copied cached file c:/Projects/ERN24004/Projects/ADC/ADC.cache/ip/2024.1.2/8/3/8303ab40dec7ec38/dma_auto_pc_0_sim_netlist.vhdl to c:/Projects/ERN24004/Projects/ADC/ADC.gen/sources_1/bd/dma/ip/dma_auto_pc_0/dma_auto_pc_0_sim_netlist.vhdl.
INFO: [IP_Flow 19-6926] IPCACHE: added file to list for BOM: c:/Projects/ERN24004/Projects/ADC/ADC.gen/sources_1/bd/dma/ip/dma_auto_pc_0/dma_auto_pc_0_sim_netlist.vhdl
INFO: [IP_Flow 19-6928] IPCACHE: copied cached file c:/Projects/ERN24004/Projects/ADC/ADC.cache/ip/2024.1.2/8/3/8303ab40dec7ec38/dma_auto_pc_0_stub.v to c:/Projects/ERN24004/Projects/ADC/ADC.gen/sources_1/bd/dma/ip/dma_auto_pc_0/dma_auto_pc_0_stub.v.
INFO: [IP_Flow 19-6926] IPCACHE: added file to list for BOM: c:/Projects/ERN24004/Projects/ADC/ADC.gen/sources_1/bd/dma/ip/dma_auto_pc_0/dma_auto_pc_0_stub.v
INFO: [IP_Flow 19-6928] IPCACHE: copied cached file c:/Projects/ERN24004/Projects/ADC/ADC.cache/ip/2024.1.2/8/3/8303ab40dec7ec38/dma_auto_pc_0_stub.vhdl to c:/Projects/ERN24004/Projects/ADC/ADC.gen/sources_1/bd/dma/ip/dma_auto_pc_0/dma_auto_pc_0_stub.vhdl.
INFO: [IP_Flow 19-6926] IPCACHE: added file to list for BOM: c:/Projects/ERN24004/Projects/ADC/ADC.gen/sources_1/bd/dma/ip/dma_auto_pc_0/dma_auto_pc_0_stub.vhdl
INFO: [IP_Flow 19-4993] Using cached IP synthesis design for IP dma_auto_pc_0, cache-ID = 8303ab40dec7ec38; cache size = 10.499 MB.
INFO: [IP_Flow 19-6924] IPCACHE: Running cache check for IP inst: dma_auto_pc_1
INFO: [IP_Flow 19-6922] IPCACHE: Exporting cached entry b1c72505146bb989 to dir: c:/Projects/ERN24004/Projects/ADC/ADC.gen/sources_1/bd/dma/ip/dma_auto_pc_1
INFO: [IP_Flow 19-6928] IPCACHE: copied cached file c:/Projects/ERN24004/Projects/ADC/ADC.cache/ip/2024.1.2/b/1/b1c72505146bb989/dma_auto_pc_1.dcp to c:/Projects/ERN24004/Projects/ADC/ADC.gen/sources_1/bd/dma/ip/dma_auto_pc_1/dma_auto_pc_1.dcp.
INFO: [IP_Flow 19-6926] IPCACHE: added file to list for BOM: c:/Projects/ERN24004/Projects/ADC/ADC.gen/sources_1/bd/dma/ip/dma_auto_pc_1/dma_auto_pc_1.dcp
INFO: [IP_Flow 19-6928] IPCACHE: copied cached file c:/Projects/ERN24004/Projects/ADC/ADC.cache/ip/2024.1.2/b/1/b1c72505146bb989/dma_auto_pc_1_sim_netlist.v to c:/Projects/ERN24004/Projects/ADC/ADC.gen/sources_1/bd/dma/ip/dma_auto_pc_1/dma_auto_pc_1_sim_netlist.v.
INFO: [IP_Flow 19-6926] IPCACHE: added file to list for BOM: c:/Projects/ERN24004/Projects/ADC/ADC.gen/sources_1/bd/dma/ip/dma_auto_pc_1/dma_auto_pc_1_sim_netlist.v
INFO: [IP_Flow 19-6928] IPCACHE: copied cached file c:/Projects/ERN24004/Projects/ADC/ADC.cache/ip/2024.1.2/b/1/b1c72505146bb989/dma_auto_pc_1_sim_netlist.vhdl to c:/Projects/ERN24004/Projects/ADC/ADC.gen/sources_1/bd/dma/ip/dma_auto_pc_1/dma_auto_pc_1_sim_netlist.vhdl.
INFO: [IP_Flow 19-6926] IPCACHE: added file to list for BOM: c:/Projects/ERN24004/Projects/ADC/ADC.gen/sources_1/bd/dma/ip/dma_auto_pc_1/dma_auto_pc_1_sim_netlist.vhdl
INFO: [IP_Flow 19-6928] IPCACHE: copied cached file c:/Projects/ERN24004/Projects/ADC/ADC.cache/ip/2024.1.2/b/1/b1c72505146bb989/dma_auto_pc_1_stub.v to c:/Projects/ERN24004/Projects/ADC/ADC.gen/sources_1/bd/dma/ip/dma_auto_pc_1/dma_auto_pc_1_stub.v.
INFO: [IP_Flow 19-6926] IPCACHE: added file to list for BOM: c:/Projects/ERN24004/Projects/ADC/ADC.gen/sources_1/bd/dma/ip/dma_auto_pc_1/dma_auto_pc_1_stub.v
INFO: [IP_Flow 19-6928] IPCACHE: copied cached file c:/Projects/ERN24004/Projects/ADC/ADC.cache/ip/2024.1.2/b/1/b1c72505146bb989/dma_auto_pc_1_stub.vhdl to c:/Projects/ERN24004/Projects/ADC/ADC.gen/sources_1/bd/dma/ip/dma_auto_pc_1/dma_auto_pc_1_stub.vhdl.
INFO: [IP_Flow 19-6926] IPCACHE: added file to list for BOM: c:/Projects/ERN24004/Projects/ADC/ADC.gen/sources_1/bd/dma/ip/dma_auto_pc_1/dma_auto_pc_1_stub.vhdl
INFO: [IP_Flow 19-4993] Using cached IP synthesis design for IP dma_auto_pc_1, cache-ID = b1c72505146bb989; cache size = 10.499 MB.
INFO: [IP_Flow 19-6924] IPCACHE: Running cache check for IP inst: dma_auto_pc_2
INFO: [IP_Flow 19-6922] IPCACHE: Exporting cached entry b1c72505146bb989 to dir: c:/Projects/ERN24004/Projects/ADC/ADC.gen/sources_1/bd/dma/ip/dma_auto_pc_2
INFO: [IP_Flow 19-6928] IPCACHE: copied cached file c:/Projects/ERN24004/Projects/ADC/ADC.cache/ip/2024.1.2/b/1/b1c72505146bb989/dma_auto_pc_1.dcp to c:/Projects/ERN24004/Projects/ADC/ADC.gen/sources_1/bd/dma/ip/dma_auto_pc_2/dma_auto_pc_2.dcp.
INFO: [IP_Flow 19-6926] IPCACHE: added file to list for BOM: c:/Projects/ERN24004/Projects/ADC/ADC.gen/sources_1/bd/dma/ip/dma_auto_pc_2/dma_auto_pc_2.dcp
INFO: [IP_Flow 19-6928] IPCACHE: copied cached file c:/Projects/ERN24004/Projects/ADC/ADC.cache/ip/2024.1.2/b/1/b1c72505146bb989/dma_auto_pc_1_sim_netlist.v to c:/Projects/ERN24004/Projects/ADC/ADC.gen/sources_1/bd/dma/ip/dma_auto_pc_2/dma_auto_pc_2_sim_netlist.v.
INFO: [IP_Flow 19-6926] IPCACHE: added file to list for BOM: c:/Projects/ERN24004/Projects/ADC/ADC.gen/sources_1/bd/dma/ip/dma_auto_pc_2/dma_auto_pc_2_sim_netlist.v
INFO: [IP_Flow 19-6928] IPCACHE: copied cached file c:/Projects/ERN24004/Projects/ADC/ADC.cache/ip/2024.1.2/b/1/b1c72505146bb989/dma_auto_pc_1_sim_netlist.vhdl to c:/Projects/ERN24004/Projects/ADC/ADC.gen/sources_1/bd/dma/ip/dma_auto_pc_2/dma_auto_pc_2_sim_netlist.vhdl.
INFO: [IP_Flow 19-6926] IPCACHE: added file to list for BOM: c:/Projects/ERN24004/Projects/ADC/ADC.gen/sources_1/bd/dma/ip/dma_auto_pc_2/dma_auto_pc_2_sim_netlist.vhdl
INFO: [IP_Flow 19-6928] IPCACHE: copied cached file c:/Projects/ERN24004/Projects/ADC/ADC.cache/ip/2024.1.2/b/1/b1c72505146bb989/dma_auto_pc_1_stub.v to c:/Projects/ERN24004/Projects/ADC/ADC.gen/sources_1/bd/dma/ip/dma_auto_pc_2/dma_auto_pc_2_stub.v.
INFO: [IP_Flow 19-6926] IPCACHE: added file to list for BOM: c:/Projects/ERN24004/Projects/ADC/ADC.gen/sources_1/bd/dma/ip/dma_auto_pc_2/dma_auto_pc_2_stub.v
INFO: [IP_Flow 19-6928] IPCACHE: copied cached file c:/Projects/ERN24004/Projects/ADC/ADC.cache/ip/2024.1.2/b/1/b1c72505146bb989/dma_auto_pc_1_stub.vhdl to c:/Projects/ERN24004/Projects/ADC/ADC.gen/sources_1/bd/dma/ip/dma_auto_pc_2/dma_auto_pc_2_stub.vhdl.
INFO: [IP_Flow 19-6926] IPCACHE: added file to list for BOM: c:/Projects/ERN24004/Projects/ADC/ADC.gen/sources_1/bd/dma/ip/dma_auto_pc_2/dma_auto_pc_2_stub.vhdl
INFO: [IP_Flow 19-4993] Using cached IP synthesis design for IP dma_auto_pc_2, cache-ID = b1c72505146bb989; cache size = 10.499 MB.
INFO: [IP_Flow 19-6924] IPCACHE: Running cache check for IP inst: dma_auto_us_0
INFO: [IP_Flow 19-6922] IPCACHE: Exporting cached entry f171da39e8932f68 to dir: c:/Projects/ERN24004/Projects/ADC/ADC.gen/sources_1/bd/dma/ip/dma_auto_us_0
INFO: [IP_Flow 19-6928] IPCACHE: copied cached file c:/Projects/ERN24004/Projects/ADC/ADC.cache/ip/2024.1.2/f/1/f171da39e8932f68/dma_auto_us_0.dcp to c:/Projects/ERN24004/Projects/ADC/ADC.gen/sources_1/bd/dma/ip/dma_auto_us_0/dma_auto_us_0.dcp.
INFO: [IP_Flow 19-6926] IPCACHE: added file to list for BOM: c:/Projects/ERN24004/Projects/ADC/ADC.gen/sources_1/bd/dma/ip/dma_auto_us_0/dma_auto_us_0.dcp
INFO: [IP_Flow 19-6928] IPCACHE: copied cached file c:/Projects/ERN24004/Projects/ADC/ADC.cache/ip/2024.1.2/f/1/f171da39e8932f68/dma_auto_us_0_sim_netlist.v to c:/Projects/ERN24004/Projects/ADC/ADC.gen/sources_1/bd/dma/ip/dma_auto_us_0/dma_auto_us_0_sim_netlist.v.
INFO: [IP_Flow 19-6926] IPCACHE: added file to list for BOM: c:/Projects/ERN24004/Projects/ADC/ADC.gen/sources_1/bd/dma/ip/dma_auto_us_0/dma_auto_us_0_sim_netlist.v
INFO: [IP_Flow 19-6928] IPCACHE: copied cached file c:/Projects/ERN24004/Projects/ADC/ADC.cache/ip/2024.1.2/f/1/f171da39e8932f68/dma_auto_us_0_sim_netlist.vhdl to c:/Projects/ERN24004/Projects/ADC/ADC.gen/sources_1/bd/dma/ip/dma_auto_us_0/dma_auto_us_0_sim_netlist.vhdl.
INFO: [IP_Flow 19-6926] IPCACHE: added file to list for BOM: c:/Projects/ERN24004/Projects/ADC/ADC.gen/sources_1/bd/dma/ip/dma_auto_us_0/dma_auto_us_0_sim_netlist.vhdl
INFO: [IP_Flow 19-6928] IPCACHE: copied cached file c:/Projects/ERN24004/Projects/ADC/ADC.cache/ip/2024.1.2/f/1/f171da39e8932f68/dma_auto_us_0_stub.v to c:/Projects/ERN24004/Projects/ADC/ADC.gen/sources_1/bd/dma/ip/dma_auto_us_0/dma_auto_us_0_stub.v.
INFO: [IP_Flow 19-6926] IPCACHE: added file to list for BOM: c:/Projects/ERN24004/Projects/ADC/ADC.gen/sources_1/bd/dma/ip/dma_auto_us_0/dma_auto_us_0_stub.v
INFO: [IP_Flow 19-6928] IPCACHE: copied cached file c:/Projects/ERN24004/Projects/ADC/ADC.cache/ip/2024.1.2/f/1/f171da39e8932f68/dma_auto_us_0_stub.vhdl to c:/Projects/ERN24004/Projects/ADC/ADC.gen/sources_1/bd/dma/ip/dma_auto_us_0/dma_auto_us_0_stub.vhdl.
INFO: [IP_Flow 19-6926] IPCACHE: added file to list for BOM: c:/Projects/ERN24004/Projects/ADC/ADC.gen/sources_1/bd/dma/ip/dma_auto_us_0/dma_auto_us_0_stub.vhdl
INFO: [IP_Flow 19-4993] Using cached IP synthesis design for IP dma_auto_us_0, cache-ID = f171da39e8932f68; cache size = 10.499 MB.
INFO: [IP_Flow 19-6924] IPCACHE: Running cache check for IP inst: dma_decimation_filter_0_0
INFO: [IP_Flow 19-6924] IPCACHE: Running cache check for IP inst: dma_decimation_filter_1_0
[Mon Nov 25 13:54:32 2024] Launched dma_decimation_filter_1_0_synth_1, dma_decimation_filter_0_0_synth_1, synth_1...
Run output will be captured here:
dma_decimation_filter_1_0_synth_1: C:/Projects/ERN24004/Projects/ADC/ADC.runs/dma_decimation_filter_1_0_synth_1/runme.log
dma_decimation_filter_0_0_synth_1: C:/Projects/ERN24004/Projects/ADC/ADC.runs/dma_decimation_filter_0_0_synth_1/runme.log
synth_1: C:/Projects/ERN24004/Projects/ADC/ADC.runs/synth_1/runme.log
[Mon Nov 25 13:54:32 2024] Launched impl_1...
Run output will be captured here: C:/Projects/ERN24004/Projects/ADC/ADC.runs/impl_1/runme.log
launch_runs: Time (s): cpu = 00:00:02 ; elapsed = 00:00:14 . Memory (MB): peak = 2465.219 ; gain = 299.234
regenerate_bd_layout
exit
INFO: [Common 17-206] Exiting Vivado at Mon Nov 25 14:00:06 2024...
