#-----------------------------------------------------------
# Vivado v2024.1.2 (64-bit)
# SW Build 5164865 on Thu Sep  5 14:37:11 MDT 2024
# IP Build 5164407 on Fri Sep  6 08:18:11 MDT 2024
# SharedData Build 5164864 on Thu Sep 05 13:09:09 MDT 2024
# Start of session at: Mon Nov 25 13:27:33 2024
# Process ID: 34008
# Current directory: C:/Projects/ERN24004/Projects/ADC
# Command line: vivado.exe -gui_launcher_event rodinguilauncherevent32760 C:\Projects\ERN24004\Projects\ADC\ADC.xpr
# Log file: C:/Projects/ERN24004/Projects/ADC/vivado.log
# Journal file: C:/Projects/ERN24004/Projects/ADC\vivado.jou
# Running On        :DonGun
# Platform          :Windows Server 2016 or Windows 10
# Operating System  :22631
# Processor Detail  :13th Gen Intel(R) Core(TM) i7-13700K
# CPU Frequency     :3418 MHz
# CPU Physical cores:16
# CPU Logical cores :24
# Host memory       :34124 MB
# Swap memory       :2147 MB
# Total Virtual     :36272 MB
# Available Virtual :18599 MB
#-----------------------------------------------------------
start_gui
open_project C:/Projects/ERN24004/Projects/ADC/ADC.xpr
WARNING: [Board 49-26] cannot add Board Part xilinx.com:vek280_es:part0:1.0 available at C:/Xilinx/Vivado/2024.1/data/xhub/boards/XilinxBoardStore/boards/Xilinx/vek280/es/rev_a/1.0/board.xml as part xcve2802-vsvh1760-2lp-e-s-es1 specified in board_part file is either invalid or not available
WARNING: [Board 49-26] cannot add Board Part xilinx.com:vek280_es:part0:1.1 available at C:/Xilinx/Vivado/2024.1/data/xhub/boards/XilinxBoardStore/boards/Xilinx/vek280/es/rev_a/1.1/board.xml as part xcve2802-vsvh1760-2lp-e-s-es1 specified in board_part file is either invalid or not available
WARNING: [Board 49-26] cannot add Board Part xilinx.com:vek280_es_revb:part0:1.0 available at C:/Xilinx/Vivado/2024.1/data/xhub/boards/XilinxBoardStore/boards/Xilinx/vek280/es/rev_b/1.0/board.xml as part xcve2802-vsvh1760-2mp-e-s-es1 specified in board_part file is either invalid or not available
WARNING: [Board 49-26] cannot add Board Part xilinx.com:vek280_es_revb:part0:1.1 available at C:/Xilinx/Vivado/2024.1/data/xhub/boards/XilinxBoardStore/boards/Xilinx/vek280/es/rev_b/1.1/board.xml as part xcve2802-vsvh1760-2mp-e-s-es1 specified in board_part file is either invalid or not available
WARNING: [Board 49-26] cannot add Board Part xilinx.com:vhk158_es:part0:1.0 available at C:/Xilinx/Vivado/2024.1/data/xhub/boards/XilinxBoardStore/boards/Xilinx/vhk158/es/1.0/board.xml as part xcvh1582-vsva3697-2mp-e-s-es1 specified in board_part file is either invalid or not available
WARNING: [Board 49-26] cannot add Board Part xilinx.com:vhk158_es:part0:1.1 available at C:/Xilinx/Vivado/2024.1/data/xhub/boards/XilinxBoardStore/boards/Xilinx/vhk158/es/1.1/board.xml as part xcvh1582-vsva3697-2mp-e-s-es1 specified in board_part file is either invalid or not available
WARNING: [Board 49-26] cannot add Board Part xilinx.com:zcu208ld:part0:2.0 available at C:/Xilinx/Vivado/2024.1/data/xhub/boards/XilinxBoardStore/boards/Xilinx/zcu208ld/production/2.0/board.xml as part xczu58dr-fsvg1517-2-i specified in board_part file is either invalid or not available
WARNING: [Board 49-26] cannot add Board Part xilinx.com:zcu216ld:part0:2.0 available at C:/Xilinx/Vivado/2024.1/data/xhub/boards/XilinxBoardStore/boards/Xilinx/zcu216ld/production/2.0/board.xml as part xczu59dr-ffvf1760-2-i specified in board_part file is either invalid or not available
WARNING: [Board 49-26] cannot add Board Part xilinx.com:zcu670ld:part0:1.0 available at C:/Xilinx/Vivado/2024.1/data/xhub/boards/XilinxBoardStore/boards/Xilinx/zcu670ld/1.0/board.xml as part xczu57dr-fsve1156-2-i specified in board_part file is either invalid or not available
WARNING: [filemgmt 56-3] IP Repository Path: Could not find the directory 'C:/Projects/ERN24004/Projects/ADC/ip_repo/filter_ctrl_1_0'.
WARNING: [filemgmt 56-3] IP Repository Path: Could not find the directory 'C:/Projects/ERN24004/Projects/ADC/ip_repo/filter_ctrl_1_0'.
WARNING: [filemgmt 56-3] IP Repository Path: Could not find the directory 'C:/Projects/ERN24004/Projects/ADC/ip_repo/filter_ctrl_1_0'.
Scanning sources...
Finished scanning sources
INFO: [IP_Flow 19-234] Refreshing IP repositories
WARNING: [IP_Flow 19-3685] Ignored loading user repository 'c:/Projects/ERN24004/Projects/ADC/ip_repo/filter_ctrl/filter_ctrl_1_0'. The path is contained within another repository.
WARNING: [IP_Flow 19-2207] Repository 'c:/Projects/ERN24004/Projects/ADC/ip_repo/filter_ctrl/filter_ctrl_1_0' already exists; ignoring attempt to add it again.
WARNING: [IP_Flow 19-3685] Ignored loading user repository 'c:/Projects/ERN24004/Projects/ADC/ip_repo/filter_ctrl/filter_ctrl_1_0'. The path is contained within another repository.
WARNING: [IP_Flow 19-3685] Ignored loading user repository 'c:/Projects/ERN24004/Projects/ADC/ip_repo/filter_ctrl_1_0'. The path is contained within another repository.
WARNING: [IP_Flow 19-2207] Repository 'c:/Projects/ERN24004/Projects/ADC/ip_repo/filter_ctrl/filter_ctrl_1_0' already exists; ignoring attempt to add it again.
WARNING: [IP_Flow 19-3685] Ignored loading user repository 'c:/Projects/ERN24004/Projects/ADC/ip_repo/filter_ctrl/filter_ctrl_1_0'. The path is contained within another repository.
WARNING: [IP_Flow 19-2207] Repository 'c:/Projects/ERN24004/Projects/ADC/ip_repo/filter_ctrl_1_0' already exists; ignoring attempt to add it again.
WARNING: [IP_Flow 19-3685] Ignored loading user repository 'c:/Projects/ERN24004/Projects/ADC/ip_repo/filter_ctrl_1_0'. The path is contained within another repository.
WARNING: [IP_Flow 19-2207] Repository 'c:/Projects/ERN24004/Projects/ADC/ip_repo/filter_ctrl_1_0' already exists; ignoring attempt to add it again.
WARNING: [IP_Flow 19-3685] Ignored loading user repository 'c:/Projects/ERN24004/Projects/ADC/ip_repo/filter_ctrl_1_0'. The path is contained within another repository.
INFO: [IP_Flow 19-1700] Loaded user IP repository 'c:/Projects/ERN24004/Projects/ADC/ip_repo'.
INFO: [IP_Flow 19-2313] Loaded Vivado IP repository 'C:/Xilinx/Vivado/2024.1/data/ip'.
open_project: Time (s): cpu = 00:00:12 ; elapsed = 00:00:12 . Memory (MB): peak = 1835.051 ; gain = 586.238
update_compile_order -fileset sources_1
open_bd_design {C:/Projects/ERN24004/Projects/ADC/ADC.srcs/sources_1/bd/dma/dma.bd}
Reading block design file <C:/Projects/ERN24004/Projects/ADC/ADC.srcs/sources_1/bd/dma/dma.bd>...
Adding component instance block -- xilinx.com:ip:processing_system7:5.5 - processing_system7_0
Adding component instance block -- xilinx.com:ip:axi_interconnect:2.1 - ps7_0_axi_periph
Adding component instance block -- xilinx.com:ip:axi_crossbar:2.1 - xbar
Adding component instance block -- xilinx.com:ip:axi_protocol_converter:2.1 - auto_pc
Adding component instance block -- xilinx.com:ip:proc_sys_reset:5.0 - rst_ps7_0_50M
Adding component instance block -- xilinx.com:ip:axi_interconnect:2.1 - axi_mem_intercon
Adding component instance block -- xilinx.com:ip:axi_crossbar:2.1 - xbar
Adding component instance block -- xilinx.com:ip:axi_dwidth_converter:2.1 - auto_us
Adding component instance block -- xilinx.com:ip:axi_protocol_converter:2.1 - auto_pc
Adding component instance block -- xilinx.com:ip:axi_protocol_converter:2.1 - auto_pc
Adding component instance block -- xilinx.com:ip:axi_dma:7.1 - axi_dma_0
Adding component instance block -- xilinx.com:ip:axis_data_fifo:2.0 - axis_data_fifo_0
Adding component instance block -- digilentinc.com:IP:PmodAD1:1.0 - PmodAD1_0
Adding component instance block -- spicer.local:user:decimation_filter:1.0 - decimation_filter_0
Adding component instance block -- spicer.local:user:data_anchor:1.0 - data_anchor_0
Adding component instance block -- spicer.local:user:decimation_filter:1.0 - decimation_filter_1
Adding component instance block -- spicer.local:user:filter_ctrl:1.0 - filter_ctrl_0
Successfully read diagram <dma> from block design file <C:/Projects/ERN24004/Projects/ADC/ADC.srcs/sources_1/bd/dma/dma.bd>
launch_runs impl_1 -to_step write_bitstream -jobs 4
INFO: [BD 41-1662] The design 'dma.bd' is already validated. Therefore parameter propagation will not be re-run.
Wrote  : <C:/Projects/ERN24004/Projects/ADC/ADC.srcs/sources_1/bd/dma/ui/bd_87aee958.ui> 
WARNING: [BD 41-2384] Width mismatch when connecting pin: '/axi_mem_intercon/m00_couplers/auto_pc/m_axi_rid'(2) to pin: '/axi_mem_intercon/m00_couplers/M_AXI_rid'(6) - Only lower order bits will be connected.
WARNING: [BD 41-2384] Width mismatch when connecting pin: '/axi_mem_intercon/m00_couplers/auto_pc/m_axi_bid'(2) to pin: '/axi_mem_intercon/m00_couplers/M_AXI_bid'(6) - Only lower order bits will be connected.
WARNING: [BD 41-2384] Width mismatch when connecting pin: '/axi_mem_intercon/m01_couplers/auto_pc/m_axi_rid'(2) to pin: '/axi_mem_intercon/m01_couplers/M_AXI_rid'(6) - Only lower order bits will be connected.
WARNING: [BD 41-2384] Width mismatch when connecting pin: '/axi_mem_intercon/m01_couplers/auto_pc/m_axi_bid'(2) to pin: '/axi_mem_intercon/m01_couplers/M_AXI_bid'(6) - Only lower order bits will be connected.
WARNING: [BD 41-2384] Width mismatch when connecting pin: '/processing_system7_0/S_AXI_HP0_AWID'(6) to pin: '/axi_mem_intercon/M00_AXI_awid'(2) - Only lower order bits will be connected.
WARNING: [BD 41-2384] Width mismatch when connecting pin: '/processing_system7_0/S_AXI_HP0_ARID'(6) to pin: '/axi_mem_intercon/M00_AXI_arid'(2) - Only lower order bits will be connected.
WARNING: [BD 41-2384] Width mismatch when connecting pin: '/processing_system7_0/S_AXI_HP0_WID'(6) to pin: '/axi_mem_intercon/M00_AXI_wid'(2) - Only lower order bits will be connected.
WARNING: [BD 41-2384] Width mismatch when connecting pin: '/processing_system7_0/S_AXI_HP2_AWID'(6) to pin: '/axi_mem_intercon/M01_AXI_awid'(2) - Only lower order bits will be connected.
WARNING: [BD 41-2384] Width mismatch when connecting pin: '/processing_system7_0/S_AXI_HP2_ARID'(6) to pin: '/axi_mem_intercon/M01_AXI_arid'(2) - Only lower order bits will be connected.
WARNING: [BD 41-2384] Width mismatch when connecting pin: '/processing_system7_0/S_AXI_HP2_WID'(6) to pin: '/axi_mem_intercon/M01_AXI_wid'(2) - Only lower order bits will be connected.
Verilog Output written to : c:/Projects/ERN24004/Projects/ADC/ADC.gen/sources_1/bd/dma/synth/dma.v
WARNING: [BD 41-2384] Width mismatch when connecting pin: '/axi_mem_intercon/m00_couplers/auto_pc/m_axi_rid'(2) to pin: '/axi_mem_intercon/m00_couplers/M_AXI_rid'(6) - Only lower order bits will be connected.
WARNING: [BD 41-2384] Width mismatch when connecting pin: '/axi_mem_intercon/m00_couplers/auto_pc/m_axi_bid'(2) to pin: '/axi_mem_intercon/m00_couplers/M_AXI_bid'(6) - Only lower order bits will be connected.
WARNING: [BD 41-2384] Width mismatch when connecting pin: '/axi_mem_intercon/m01_couplers/auto_pc/m_axi_rid'(2) to pin: '/axi_mem_intercon/m01_couplers/M_AXI_rid'(6) - Only lower order bits will be connected.
WARNING: [BD 41-2384] Width mismatch when connecting pin: '/axi_mem_intercon/m01_couplers/auto_pc/m_axi_bid'(2) to pin: '/axi_mem_intercon/m01_couplers/M_AXI_bid'(6) - Only lower order bits will be connected.
WARNING: [BD 41-2384] Width mismatch when connecting pin: '/processing_system7_0/S_AXI_HP0_AWID'(6) to pin: '/axi_mem_intercon/M00_AXI_awid'(2) - Only lower order bits will be connected.
WARNING: [BD 41-2384] Width mismatch when connecting pin: '/processing_system7_0/S_AXI_HP0_ARID'(6) to pin: '/axi_mem_intercon/M00_AXI_arid'(2) - Only lower order bits will be connected.
WARNING: [BD 41-2384] Width mismatch when connecting pin: '/processing_system7_0/S_AXI_HP0_WID'(6) to pin: '/axi_mem_intercon/M00_AXI_wid'(2) - Only lower order bits will be connected.
WARNING: [BD 41-2384] Width mismatch when connecting pin: '/processing_system7_0/S_AXI_HP2_AWID'(6) to pin: '/axi_mem_intercon/M01_AXI_awid'(2) - Only lower order bits will be connected.
WARNING: [BD 41-2384] Width mismatch when connecting pin: '/processing_system7_0/S_AXI_HP2_ARID'(6) to pin: '/axi_mem_intercon/M01_AXI_arid'(2) - Only lower order bits will be connected.
WARNING: [BD 41-2384] Width mismatch when connecting pin: '/processing_system7_0/S_AXI_HP2_WID'(6) to pin: '/axi_mem_intercon/M01_AXI_wid'(2) - Only lower order bits will be connected.
Verilog Output written to : c:/Projects/ERN24004/Projects/ADC/ADC.gen/sources_1/bd/dma/sim/dma.v
Verilog Output written to : c:/Projects/ERN24004/Projects/ADC/ADC.gen/sources_1/bd/dma/hdl/dma_wrapper.v
INFO: [BD 41-1029] Generation completed for the IP Integrator block ps7_0_axi_periph/xbar .
WARNING: [IP_Flow 19-4994] Overwriting existing constraint file 'c:/Projects/ERN24004/Projects/ADC/ADC.gen/sources_1/bd/dma/ip/dma_auto_pc_0/dma_auto_pc_0_ooc.xdc'
INFO: [BD 41-1029] Generation completed for the IP Integrator block ps7_0_axi_periph/s00_couplers/auto_pc .
WARNING: [IP_Flow 19-4994] Overwriting existing constraint file 'c:/Projects/ERN24004/Projects/ADC/ADC.gen/sources_1/bd/dma/ip/dma_auto_us_0/dma_auto_us_0_ooc.xdc'
INFO: [IP_Flow 19-5611] Unable to find an associated reset port for the interface 'S_AXI'. A default connection has been created.
INFO: [IP_Flow 19-5611] Unable to find an associated reset port for the interface 'M_AXI'. A default connection has been created.
INFO: [BD 41-1029] Generation completed for the IP Integrator block axi_mem_intercon/s01_couplers/auto_us .
WARNING: [IP_Flow 19-4994] Overwriting existing constraint file 'c:/Projects/ERN24004/Projects/ADC/ADC.gen/sources_1/bd/dma/ip/dma_auto_pc_1/dma_auto_pc_1_ooc.xdc'
INFO: [BD 41-1029] Generation completed for the IP Integrator block axi_mem_intercon/m00_couplers/auto_pc .
WARNING: [IP_Flow 19-4994] Overwriting existing constraint file 'c:/Projects/ERN24004/Projects/ADC/ADC.gen/sources_1/bd/dma/ip/dma_auto_pc_2/dma_auto_pc_2_ooc.xdc'
INFO: [BD 41-1029] Generation completed for the IP Integrator block axi_mem_intercon/m01_couplers/auto_pc .
INFO: [BD 41-1029] Generation completed for the IP Integrator block decimation_filter_0 .
INFO: [BD 41-1029] Generation completed for the IP Integrator block decimation_filter_1 .
INFO: [BD 41-1029] Generation completed for the IP Integrator block filter_ctrl_0 .
Exporting to file c:/Projects/ERN24004/Projects/ADC/ADC.gen/sources_1/bd/dma/hw_handoff/dma.hwh
Generated Hardware Definition File c:/Projects/ERN24004/Projects/ADC/ADC.gen/sources_1/bd/dma/synth/dma.hwdef
INFO: [IP_Flow 19-6930] IPCACHE: runCacheChecks() number of threads = 8
INFO: [IP_Flow 19-6921] IPCACHE: Adding cache check func to thread queue for IP dma_auto_pc_0
INFO: [IP_Flow 19-6921] IPCACHE: Adding cache check func to thread queue for IP dma_auto_pc_1
INFO: [IP_Flow 19-6921] IPCACHE: Adding cache check func to thread queue for IP dma_auto_pc_2
INFO: [IP_Flow 19-6921] IPCACHE: Adding cache check func to thread queue for IP dma_auto_us_0
INFO: [IP_Flow 19-6921] IPCACHE: Adding cache check func to thread queue for IP dma_decimation_filter_0_0
INFO: [IP_Flow 19-6921] IPCACHE: Adding cache check func to thread queue for IP dma_decimation_filter_1_0
INFO: [IP_Flow 19-6921] IPCACHE: Adding cache check func to thread queue for IP dma_filter_ctrl_0_2
INFO: [IP_Flow 19-6921] IPCACHE: Adding cache check func to thread queue for IP dma_xbar_1
INFO: [IP_Flow 19-8020] IPCACHE: runCacheChecks() calling threadPool finishWork()
INFO: [IP_Flow 19-6924] IPCACHE: Running cache check for IP inst: dma_auto_pc_0
INFO: [IP_Flow 19-6922] IPCACHE: Exporting cached entry 8303ab40dec7ec38 to dir: c:/Projects/ERN24004/Projects/ADC/ADC.gen/sources_1/bd/dma/ip/dma_auto_pc_0
INFO: [IP_Flow 19-6928] IPCACHE: copied cached file c:/Projects/ERN24004/Projects/ADC/ADC.cache/ip/2024.1.2/8/3/8303ab40dec7ec38/dma_auto_pc_0.dcp to c:/Projects/ERN24004/Projects/ADC/ADC.gen/sources_1/bd/dma/ip/dma_auto_pc_0/dma_auto_pc_0.dcp.
INFO: [IP_Flow 19-6926] IPCACHE: added file to list for BOM: c:/Projects/ERN24004/Projects/ADC/ADC.gen/sources_1/bd/dma/ip/dma_auto_pc_0/dma_auto_pc_0.dcp
INFO: [IP_Flow 19-6928] IPCACHE: copied cached file c:/Projects/ERN24004/Projects/ADC/ADC.cache/ip/2024.1.2/8/3/8303ab40dec7ec38/dma_auto_pc_0_sim_netlist.v to c:/Projects/ERN24004/Projects/ADC/ADC.gen/sources_1/bd/dma/ip/dma_auto_pc_0/dma_auto_pc_0_sim_netlist.v.
INFO: [IP_Flow 19-6926] IPCACHE: added file to list for BOM: c:/Projects/ERN24004/Projects/ADC/ADC.gen/sources_1/bd/dma/ip/dma_auto_pc_0/dma_auto_pc_0_sim_netlist.v
INFO: [IP_Flow 19-6928] IPCACHE: copied cached file c:/Projects/ERN24004/Projects/ADC/ADC.cache/ip/2024.1.2/8/3/8303ab40dec7ec38/dma_auto_pc_0_sim_netlist.vhdl to c:/Projects/ERN24004/Projects/ADC/ADC.gen/sources_1/bd/dma/ip/dma_auto_pc_0/dma_auto_pc_0_sim_netlist.vhdl.
INFO: [IP_Flow 19-6926] IPCACHE: added file to list for BOM: c:/Projects/ERN24004/Projects/ADC/ADC.gen/sources_1/bd/dma/ip/dma_auto_pc_0/dma_auto_pc_0_sim_netlist.vhdl
INFO: [IP_Flow 19-6928] IPCACHE: copied cached file c:/Projects/ERN24004/Projects/ADC/ADC.cache/ip/2024.1.2/8/3/8303ab40dec7ec38/dma_auto_pc_0_stub.v to c:/Projects/ERN24004/Projects/ADC/ADC.gen/sources_1/bd/dma/ip/dma_auto_pc_0/dma_auto_pc_0_stub.v.
INFO: [IP_Flow 19-6926] IPCACHE: added file to list for BOM: c:/Projects/ERN24004/Projects/ADC/ADC.gen/sources_1/bd/dma/ip/dma_auto_pc_0/dma_auto_pc_0_stub.v
INFO: [IP_Flow 19-6928] IPCACHE: copied cached file c:/Projects/ERN24004/Projects/ADC/ADC.cache/ip/2024.1.2/8/3/8303ab40dec7ec38/dma_auto_pc_0_stub.vhdl to c:/Projects/ERN24004/Projects/ADC/ADC.gen/sources_1/bd/dma/ip/dma_auto_pc_0/dma_auto_pc_0_stub.vhdl.
INFO: [IP_Flow 19-6926] IPCACHE: added file to list for BOM: c:/Projects/ERN24004/Projects/ADC/ADC.gen/sources_1/bd/dma/ip/dma_auto_pc_0/dma_auto_pc_0_stub.vhdl
INFO: [IP_Flow 19-4993] Using cached IP synthesis design for IP dma_auto_pc_0, cache-ID = 8303ab40dec7ec38; cache size = 9.006 MB.
INFO: [IP_Flow 19-6924] IPCACHE: Running cache check for IP inst: dma_auto_pc_1
INFO: [IP_Flow 19-6922] IPCACHE: Exporting cached entry b1c72505146bb989 to dir: c:/Projects/ERN24004/Projects/ADC/ADC.gen/sources_1/bd/dma/ip/dma_auto_pc_1
INFO: [IP_Flow 19-6928] IPCACHE: copied cached file c:/Projects/ERN24004/Projects/ADC/ADC.cache/ip/2024.1.2/b/1/b1c72505146bb989/dma_auto_pc_1.dcp to c:/Projects/ERN24004/Projects/ADC/ADC.gen/sources_1/bd/dma/ip/dma_auto_pc_1/dma_auto_pc_1.dcp.
INFO: [IP_Flow 19-6926] IPCACHE: added file to list for BOM: c:/Projects/ERN24004/Projects/ADC/ADC.gen/sources_1/bd/dma/ip/dma_auto_pc_1/dma_auto_pc_1.dcp
INFO: [IP_Flow 19-6928] IPCACHE: copied cached file c:/Projects/ERN24004/Projects/ADC/ADC.cache/ip/2024.1.2/b/1/b1c72505146bb989/dma_auto_pc_1_sim_netlist.v to c:/Projects/ERN24004/Projects/ADC/ADC.gen/sources_1/bd/dma/ip/dma_auto_pc_1/dma_auto_pc_1_sim_netlist.v.
INFO: [IP_Flow 19-6926] IPCACHE: added file to list for BOM: c:/Projects/ERN24004/Projects/ADC/ADC.gen/sources_1/bd/dma/ip/dma_auto_pc_1/dma_auto_pc_1_sim_netlist.v
INFO: [IP_Flow 19-6928] IPCACHE: copied cached file c:/Projects/ERN24004/Projects/ADC/ADC.cache/ip/2024.1.2/b/1/b1c72505146bb989/dma_auto_pc_1_sim_netlist.vhdl to c:/Projects/ERN24004/Projects/ADC/ADC.gen/sources_1/bd/dma/ip/dma_auto_pc_1/dma_auto_pc_1_sim_netlist.vhdl.
INFO: [IP_Flow 19-6926] IPCACHE: added file to list for BOM: c:/Projects/ERN24004/Projects/ADC/ADC.gen/sources_1/bd/dma/ip/dma_auto_pc_1/dma_auto_pc_1_sim_netlist.vhdl
INFO: [IP_Flow 19-6928] IPCACHE: copied cached file c:/Projects/ERN24004/Projects/ADC/ADC.cache/ip/2024.1.2/b/1/b1c72505146bb989/dma_auto_pc_1_stub.v to c:/Projects/ERN24004/Projects/ADC/ADC.gen/sources_1/bd/dma/ip/dma_auto_pc_1/dma_auto_pc_1_stub.v.
INFO: [IP_Flow 19-6926] IPCACHE: added file to list for BOM: c:/Projects/ERN24004/Projects/ADC/ADC.gen/sources_1/bd/dma/ip/dma_auto_pc_1/dma_auto_pc_1_stub.v
INFO: [IP_Flow 19-6928] IPCACHE: copied cached file c:/Projects/ERN24004/Projects/ADC/ADC.cache/ip/2024.1.2/b/1/b1c72505146bb989/dma_auto_pc_1_stub.vhdl to c:/Projects/ERN24004/Projects/ADC/ADC.gen/sources_1/bd/dma/ip/dma_auto_pc_1/dma_auto_pc_1_stub.vhdl.
INFO: [IP_Flow 19-6926] IPCACHE: added file to list for BOM: c:/Projects/ERN24004/Projects/ADC/ADC.gen/sources_1/bd/dma/ip/dma_auto_pc_1/dma_auto_pc_1_stub.vhdl
INFO: [IP_Flow 19-4993] Using cached IP synthesis design for IP dma_auto_pc_1, cache-ID = b1c72505146bb989; cache size = 9.006 MB.
INFO: [IP_Flow 19-6924] IPCACHE: Running cache check for IP inst: dma_auto_pc_2
INFO: [IP_Flow 19-6922] IPCACHE: Exporting cached entry b1c72505146bb989 to dir: c:/Projects/ERN24004/Projects/ADC/ADC.gen/sources_1/bd/dma/ip/dma_auto_pc_2
INFO: [IP_Flow 19-6928] IPCACHE: copied cached file c:/Projects/ERN24004/Projects/ADC/ADC.cache/ip/2024.1.2/b/1/b1c72505146bb989/dma_auto_pc_1.dcp to c:/Projects/ERN24004/Projects/ADC/ADC.gen/sources_1/bd/dma/ip/dma_auto_pc_2/dma_auto_pc_2.dcp.
INFO: [IP_Flow 19-6926] IPCACHE: added file to list for BOM: c:/Projects/ERN24004/Projects/ADC/ADC.gen/sources_1/bd/dma/ip/dma_auto_pc_2/dma_auto_pc_2.dcp
INFO: [IP_Flow 19-6928] IPCACHE: copied cached file c:/Projects/ERN24004/Projects/ADC/ADC.cache/ip/2024.1.2/b/1/b1c72505146bb989/dma_auto_pc_1_sim_netlist.v to c:/Projects/ERN24004/Projects/ADC/ADC.gen/sources_1/bd/dma/ip/dma_auto_pc_2/dma_auto_pc_2_sim_netlist.v.
INFO: [IP_Flow 19-6926] IPCACHE: added file to list for BOM: c:/Projects/ERN24004/Projects/ADC/ADC.gen/sources_1/bd/dma/ip/dma_auto_pc_2/dma_auto_pc_2_sim_netlist.v
INFO: [IP_Flow 19-6928] IPCACHE: copied cached file c:/Projects/ERN24004/Projects/ADC/ADC.cache/ip/2024.1.2/b/1/b1c72505146bb989/dma_auto_pc_1_sim_netlist.vhdl to c:/Projects/ERN24004/Projects/ADC/ADC.gen/sources_1/bd/dma/ip/dma_auto_pc_2/dma_auto_pc_2_sim_netlist.vhdl.
INFO: [IP_Flow 19-6926] IPCACHE: added file to list for BOM: c:/Projects/ERN24004/Projects/ADC/ADC.gen/sources_1/bd/dma/ip/dma_auto_pc_2/dma_auto_pc_2_sim_netlist.vhdl
INFO: [IP_Flow 19-6928] IPCACHE: copied cached file c:/Projects/ERN24004/Projects/ADC/ADC.cache/ip/2024.1.2/b/1/b1c72505146bb989/dma_auto_pc_1_stub.v to c:/Projects/ERN24004/Projects/ADC/ADC.gen/sources_1/bd/dma/ip/dma_auto_pc_2/dma_auto_pc_2_stub.v.
INFO: [IP_Flow 19-6926] IPCACHE: added file to list for BOM: c:/Projects/ERN24004/Projects/ADC/ADC.gen/sources_1/bd/dma/ip/dma_auto_pc_2/dma_auto_pc_2_stub.v
INFO: [IP_Flow 19-6928] IPCACHE: copied cached file c:/Projects/ERN24004/Projects/ADC/ADC.cache/ip/2024.1.2/b/1/b1c72505146bb989/dma_auto_pc_1_stub.vhdl to c:/Projects/ERN24004/Projects/ADC/ADC.gen/sources_1/bd/dma/ip/dma_auto_pc_2/dma_auto_pc_2_stub.vhdl.
INFO: [IP_Flow 19-6926] IPCACHE: added file to list for BOM: c:/Projects/ERN24004/Projects/ADC/ADC.gen/sources_1/bd/dma/ip/dma_auto_pc_2/dma_auto_pc_2_stub.vhdl
INFO: [IP_Flow 19-4993] Using cached IP synthesis design for IP dma_auto_pc_2, cache-ID = b1c72505146bb989; cache size = 9.006 MB.
INFO: [IP_Flow 19-6924] IPCACHE: Running cache check for IP inst: dma_auto_us_0
INFO: [IP_Flow 19-6922] IPCACHE: Exporting cached entry f171da39e8932f68 to dir: c:/Projects/ERN24004/Projects/ADC/ADC.gen/sources_1/bd/dma/ip/dma_auto_us_0
INFO: [IP_Flow 19-6928] IPCACHE: copied cached file c:/Projects/ERN24004/Projects/ADC/ADC.cache/ip/2024.1.2/f/1/f171da39e8932f68/dma_auto_us_0.dcp to c:/Projects/ERN24004/Projects/ADC/ADC.gen/sources_1/bd/dma/ip/dma_auto_us_0/dma_auto_us_0.dcp.
INFO: [IP_Flow 19-6926] IPCACHE: added file to list for BOM: c:/Projects/ERN24004/Projects/ADC/ADC.gen/sources_1/bd/dma/ip/dma_auto_us_0/dma_auto_us_0.dcp
INFO: [IP_Flow 19-6928] IPCACHE: copied cached file c:/Projects/ERN24004/Projects/ADC/ADC.cache/ip/2024.1.2/f/1/f171da39e8932f68/dma_auto_us_0_sim_netlist.v to c:/Projects/ERN24004/Projects/ADC/ADC.gen/sources_1/bd/dma/ip/dma_auto_us_0/dma_auto_us_0_sim_netlist.v.
INFO: [IP_Flow 19-6926] IPCACHE: added file to list for BOM: c:/Projects/ERN24004/Projects/ADC/ADC.gen/sources_1/bd/dma/ip/dma_auto_us_0/dma_auto_us_0_sim_netlist.v
INFO: [IP_Flow 19-6928] IPCACHE: copied cached file c:/Projects/ERN24004/Projects/ADC/ADC.cache/ip/2024.1.2/f/1/f171da39e8932f68/dma_auto_us_0_sim_netlist.vhdl to c:/Projects/ERN24004/Projects/ADC/ADC.gen/sources_1/bd/dma/ip/dma_auto_us_0/dma_auto_us_0_sim_netlist.vhdl.
INFO: [IP_Flow 19-6926] IPCACHE: added file to list for BOM: c:/Projects/ERN24004/Projects/ADC/ADC.gen/sources_1/bd/dma/ip/dma_auto_us_0/dma_auto_us_0_sim_netlist.vhdl
INFO: [IP_Flow 19-6928] IPCACHE: copied cached file c:/Projects/ERN24004/Projects/ADC/ADC.cache/ip/2024.1.2/f/1/f171da39e8932f68/dma_auto_us_0_stub.v to c:/Projects/ERN24004/Projects/ADC/ADC.gen/sources_1/bd/dma/ip/dma_auto_us_0/dma_auto_us_0_stub.v.
INFO: [IP_Flow 19-6926] IPCACHE: added file to list for BOM: c:/Projects/ERN24004/Projects/ADC/ADC.gen/sources_1/bd/dma/ip/dma_auto_us_0/dma_auto_us_0_stub.v
INFO: [IP_Flow 19-6928] IPCACHE: copied cached file c:/Projects/ERN24004/Projects/ADC/ADC.cache/ip/2024.1.2/f/1/f171da39e8932f68/dma_auto_us_0_stub.vhdl to c:/Projects/ERN24004/Projects/ADC/ADC.gen/sources_1/bd/dma/ip/dma_auto_us_0/dma_auto_us_0_stub.vhdl.
INFO: [IP_Flow 19-6926] IPCACHE: added file to list for BOM: c:/Projects/ERN24004/Projects/ADC/ADC.gen/sources_1/bd/dma/ip/dma_auto_us_0/dma_auto_us_0_stub.vhdl
INFO: [IP_Flow 19-4993] Using cached IP synthesis design for IP dma_auto_us_0, cache-ID = f171da39e8932f68; cache size = 9.006 MB.
INFO: [IP_Flow 19-6924] IPCACHE: Running cache check for IP inst: dma_decimation_filter_0_0
INFO: [IP_Flow 19-6924] IPCACHE: Running cache check for IP inst: dma_filter_ctrl_0_2
INFO: [IP_Flow 19-6924] IPCACHE: Running cache check for IP inst: dma_xbar_1
INFO: [IP_Flow 19-6924] IPCACHE: Running cache check for IP inst: dma_decimation_filter_1_0
[Mon Nov 25 13:28:57 2024] Launched dma_xbar_1_synth_1, dma_filter_ctrl_0_2_synth_1, dma_decimation_filter_1_0_synth_1, dma_decimation_filter_0_0_synth_1, synth_1...
Run output will be captured here:
dma_xbar_1_synth_1: C:/Projects/ERN24004/Projects/ADC/ADC.runs/dma_xbar_1_synth_1/runme.log
dma_filter_ctrl_0_2_synth_1: C:/Projects/ERN24004/Projects/ADC/ADC.runs/dma_filter_ctrl_0_2_synth_1/runme.log
dma_decimation_filter_1_0_synth_1: C:/Projects/ERN24004/Projects/ADC/ADC.runs/dma_decimation_filter_1_0_synth_1/runme.log
dma_decimation_filter_0_0_synth_1: C:/Projects/ERN24004/Projects/ADC/ADC.runs/dma_decimation_filter_0_0_synth_1/runme.log
synth_1: C:/Projects/ERN24004/Projects/ADC/ADC.runs/synth_1/runme.log
[Mon Nov 25 13:28:57 2024] Launched impl_1...
Run output will be captured here: C:/Projects/ERN24004/Projects/ADC/ADC.runs/impl_1/runme.log
launch_runs: Time (s): cpu = 00:00:02 ; elapsed = 00:00:24 . Memory (MB): peak = 2267.203 ; gain = 235.820
regenerate_bd_layout -routing
regenerate_bd_layout
regenerate_bd_layout
regenerate_bd_layout
regenerate_bd_layout -routing
regenerate_bd_layout
CRITICAL WARNING: [PSU-1]  Parameter : PCW_UIPARAM_DDR_DQS_TO_CLK_DELAY_2 has negative value -0.009 . PS DDR interfaces might fail when entering negative DQS skew values. 
CRITICAL WARNING: [PSU-2]  Parameter : PCW_UIPARAM_DDR_DQS_TO_CLK_DELAY_3 has negative value -0.033 . PS DDR interfaces might fail when entering negative DQS skew values. 
CRITICAL WARNING: [PSU-1]  Parameter : PCW_UIPARAM_DDR_DQS_TO_CLK_DELAY_2 has negative value -0.009 . PS DDR interfaces might fail when entering negative DQS skew values. 
CRITICAL WARNING: [PSU-2]  Parameter : PCW_UIPARAM_DDR_DQS_TO_CLK_DELAY_3 has negative value -0.033 . PS DDR interfaces might fail when entering negative DQS skew values. 
WARNING: [IP_Flow 19-474] Invalid Parameter 'Component_Name'
startgroup
set_property -dict [list \
  CONFIG.PCW_IRQ_F2P_INTR {1} \
  CONFIG.PCW_USE_FABRIC_INTERRUPT {1} \
] [get_bd_cells processing_system7_0]
endgroup
startgroup
create_bd_cell -type ip -vlnv xilinx.com:ip:xlconcat:2.1 xlconcat_0
endgroup
connect_bd_net [get_bd_pins xlconcat_0/dout] [get_bd_pins processing_system7_0/IRQ_F2P]
connect_bd_net [get_bd_pins xlconcat_0/In0] [get_bd_pins axi_dma_0/mm2s_introut]
connect_bd_net [get_bd_pins xlconcat_0/In1] [get_bd_pins axi_dma_0/s2mm_introut]
regenerate_bd_layout
save_bd_design
Wrote  : <C:\Projects\ERN24004\Projects\ADC\ADC.srcs\sources_1\bd\dma\dma.bd> 
Wrote  : <C:/Projects/ERN24004/Projects/ADC/ADC.srcs/sources_1/bd/dma/ui/bd_87aee958.ui> 
ipx::edit_ip_in_project -upgrade true -name decimation_filter_v1_0_project -directory C:/Projects/ERN24004/Projects/ADC/ADC.tmp/decimation_filter_v1_0_project c:/Projects/ERN24004/Projects/ADC/ip_repo/decim_filter/decimation_filter_1_0/component.xml
INFO: [IP_Flow 19-234] Refreshing IP repositories
INFO: [IP_Flow 19-1704] No user IP repositories specified
INFO: [IP_Flow 19-2313] Loaded Vivado IP repository 'C:/Xilinx/Vivado/2024.1/data/ip'.
WARNING: [Board 49-26] cannot add Board Part xilinx.com:vek280_es:part0:1.0 available at C:/Xilinx/Vivado/2024.1/data/xhub/boards/XilinxBoardStore/boards/Xilinx/vek280/es/rev_a/1.0/board.xml as part xcve2802-vsvh1760-2lp-e-s-es1 specified in board_part file is either invalid or not available
WARNING: [Board 49-26] cannot add Board Part xilinx.com:vek280_es:part0:1.1 available at C:/Xilinx/Vivado/2024.1/data/xhub/boards/XilinxBoardStore/boards/Xilinx/vek280/es/rev_a/1.1/board.xml as part xcve2802-vsvh1760-2lp-e-s-es1 specified in board_part file is either invalid or not available
WARNING: [Board 49-26] cannot add Board Part xilinx.com:vek280_es_revb:part0:1.0 available at C:/Xilinx/Vivado/2024.1/data/xhub/boards/XilinxBoardStore/boards/Xilinx/vek280/es/rev_b/1.0/board.xml as part xcve2802-vsvh1760-2mp-e-s-es1 specified in board_part file is either invalid or not available
WARNING: [Board 49-26] cannot add Board Part xilinx.com:vek280_es_revb:part0:1.1 available at C:/Xilinx/Vivado/2024.1/data/xhub/boards/XilinxBoardStore/boards/Xilinx/vek280/es/rev_b/1.1/board.xml as part xcve2802-vsvh1760-2mp-e-s-es1 specified in board_part file is either invalid or not available
WARNING: [Board 49-26] cannot add Board Part xilinx.com:vhk158_es:part0:1.0 available at C:/Xilinx/Vivado/2024.1/data/xhub/boards/XilinxBoardStore/boards/Xilinx/vhk158/es/1.0/board.xml as part xcvh1582-vsva3697-2mp-e-s-es1 specified in board_part file is either invalid or not available
WARNING: [Board 49-26] cannot add Board Part xilinx.com:vhk158_es:part0:1.1 available at C:/Xilinx/Vivado/2024.1/data/xhub/boards/XilinxBoardStore/boards/Xilinx/vhk158/es/1.1/board.xml as part xcvh1582-vsva3697-2mp-e-s-es1 specified in board_part file is either invalid or not available
WARNING: [Board 49-26] cannot add Board Part xilinx.com:zcu208ld:part0:2.0 available at C:/Xilinx/Vivado/2024.1/data/xhub/boards/XilinxBoardStore/boards/Xilinx/zcu208ld/production/2.0/board.xml as part xczu58dr-fsvg1517-2-i specified in board_part file is either invalid or not available
WARNING: [Board 49-26] cannot add Board Part xilinx.com:zcu216ld:part0:2.0 available at C:/Xilinx/Vivado/2024.1/data/xhub/boards/XilinxBoardStore/boards/Xilinx/zcu216ld/production/2.0/board.xml as part xczu59dr-ffvf1760-2-i specified in board_part file is either invalid or not available
WARNING: [Board 49-26] cannot add Board Part xilinx.com:zcu670ld:part0:1.0 available at C:/Xilinx/Vivado/2024.1/data/xhub/boards/XilinxBoardStore/boards/Xilinx/zcu670ld/1.0/board.xml as part xczu57dr-fsve1156-2-i specified in board_part file is either invalid or not available
INFO: [IP_Flow 19-234] Refreshing IP repositories
WARNING: [IP_Flow 19-3685] Ignored loading user repository 'c:/Projects/ERN24004/Projects/ADC/ip_repo/filter_ctrl/filter_ctrl_1_0'. The path is contained within another repository.
WARNING: [IP_Flow 19-2207] Repository 'c:/Projects/ERN24004/Projects/ADC/ip_repo/filter_ctrl/filter_ctrl_1_0' already exists; ignoring attempt to add it again.
WARNING: [IP_Flow 19-3685] Ignored loading user repository 'c:/Projects/ERN24004/Projects/ADC/ip_repo/filter_ctrl/filter_ctrl_1_0'. The path is contained within another repository.
WARNING: [IP_Flow 19-3685] Ignored loading user repository 'c:/Projects/ERN24004/Projects/ADC/ip_repo/filter_ctrl_1_0'. The path is contained within another repository.
WARNING: [IP_Flow 19-2207] Repository 'c:/Projects/ERN24004/Projects/ADC/ip_repo/filter_ctrl/filter_ctrl_1_0' already exists; ignoring attempt to add it again.
WARNING: [IP_Flow 19-3685] Ignored loading user repository 'c:/Projects/ERN24004/Projects/ADC/ip_repo/filter_ctrl/filter_ctrl_1_0'. The path is contained within another repository.
WARNING: [IP_Flow 19-2207] Repository 'c:/Projects/ERN24004/Projects/ADC/ip_repo/filter_ctrl_1_0' already exists; ignoring attempt to add it again.
WARNING: [IP_Flow 19-3685] Ignored loading user repository 'c:/Projects/ERN24004/Projects/ADC/ip_repo/filter_ctrl_1_0'. The path is contained within another repository.
WARNING: [IP_Flow 19-2207] Repository 'c:/Projects/ERN24004/Projects/ADC/ip_repo/filter_ctrl_1_0' already exists; ignoring attempt to add it again.
WARNING: [IP_Flow 19-3685] Ignored loading user repository 'c:/Projects/ERN24004/Projects/ADC/ip_repo/filter_ctrl_1_0'. The path is contained within another repository.
INFO: [IP_Flow 19-1700] Loaded user IP repository 'c:/Projects/ERN24004/Projects/ADC/ip_repo'.
INFO: [IP_Flow 19-795] Syncing license key meta-data
update_compile_order -fileset sources_1
ipx::merge_project_changes hdl_parameters [ipx::current_core]
set_property core_revision 10 [ipx::current_core]
ipx::update_source_project_archive -component [ipx::current_core]
ipx::create_xgui_files [ipx::current_core]
ipx::update_checksums [ipx::current_core]
ipx::check_integrity [ipx::current_core]
WARNING: [IP_Flow 19-11888] Component Definition 'spicer.local:user:decimation_filter:1.0 (decimation_filter_v1.0)': IP description "Decim" is not meaningful: too short
WARNING: [IP_Flow 19-11889] HDL Parameter 'C_S_AXI_DATA_WIDTH (C S AXI DATA WIDTH)': Order is obsolete with XGUI version >= 2.0
WARNING: [IP_Flow 19-11889] HDL Parameter 'C_S_AXI_ADDR_WIDTH (C S AXI ADDR WIDTH)': Order is obsolete with XGUI version >= 2.0
WARNING: [IP_Flow 19-5661] Bus Interface 'clk' does not have any bus interfaces associated with it.
WARNING: [IP_Flow 19-11770] Clock interface 'clk' has no FREQ_HZ parameter.
WARNING: [IP_Flow 19-1980] The memory map 'S_AXI' is not referenced by any bus interface.
INFO: [IP_Flow 19-2181] Payment is not required for this core.
WARNING: [IP_Flow 19-2187] The Product Guide file is missing.
INFO: [Ipptcl 7-1486] check_integrity: Integrity check passed.
ipx::save_core [ipx::current_core]
ipx::move_temp_component_back -component [ipx::current_core]
close_project
update_ip_catalog -rebuild -repo_path c:/Projects/ERN24004/Projects/ADC/ip_repo
INFO: [IP_Flow 19-725] Reloaded user IP repository 'c:/Projects/ERN24004/Projects/ADC/ip_repo'
report_ip_status -name ip_status 
upgrade_ip [get_ips  {dma_decimation_filter_0_0 dma_decimation_filter_1_0}] -log ip_upgrade.log
Upgrading 'C:/Projects/ERN24004/Projects/ADC/ADC.srcs/sources_1/bd/dma/dma.bd'
INFO: [IP_Flow 19-3422] Upgraded dma_decimation_filter_0_0 (decimation_filter_v1.0 1.0) from revision 9 to revision 10
INFO: [IP_Flow 19-3422] Upgraded dma_decimation_filter_1_0 (decimation_filter_v1.0 1.0) from revision 9 to revision 10
Wrote  : <C:\Projects\ERN24004\Projects\ADC\ADC.srcs\sources_1\bd\dma\dma.bd> 
Wrote  : <C:/Projects/ERN24004/Projects/ADC/ADC.srcs/sources_1/bd/dma/ui/bd_87aee958.ui> 
INFO: [Coretcl 2-1525] Wrote upgrade log to 'C:/Projects/ERN24004/Projects/ADC/ip_upgrade.log'.
export_ip_user_files -of_objects [get_ips {dma_decimation_filter_0_0 dma_decimation_filter_1_0}] -no_script -sync -force -quiet
generate_target all [get_files  C:/Projects/ERN24004/Projects/ADC/ADC.srcs/sources_1/bd/dma/dma.bd]
WARNING: [BD 41-2670] Found an incomplete address path from address space '/processing_system7_0/Data' to master interface '/ps7_0_axi_periph/M02_AXI'. Please either complete or remove this path to resolve.
WARNING: [BD 41-2670] Found an incomplete address path from address space '/processing_system7_0/Data' to master interface '/ps7_0_axi_periph/M03_AXI'. Please either complete or remove this path to resolve.
WARNING: [BD 5-699] No address segments matched 'get_bd_addr_segs -addressables -of_objects /ps7_0_axi_periph/xbar/M02_AXI'
WARNING: [BD 5-699] No address segments matched 'get_bd_addr_segs -addressables -of_objects /ps7_0_axi_periph/xbar/M03_AXI'
WARNING: [BD 5-699] No address segments matched 'get_bd_addr_segs -addressed -of_object /axi_mem_intercon/S02_AXI'
WARNING: [BD 5-699] No address segments matched 'get_bd_addr_segs -addressable -of_object /axi_mem_intercon/S02_AXI'
WARNING: [BD 5-699] No address segments matched 'get_bd_addr_segs -addressing -of_object /axi_mem_intercon/S02_AXI'
Wrote  : <C:\Projects\ERN24004\Projects\ADC\ADC.srcs\sources_1\bd\dma\dma.bd> 
WARNING: [BD 41-2384] Width mismatch when connecting pin: '/axi_mem_intercon/m00_couplers/auto_pc/m_axi_rid'(2) to pin: '/axi_mem_intercon/m00_couplers/M_AXI_rid'(6) - Only lower order bits will be connected.
WARNING: [BD 41-2384] Width mismatch when connecting pin: '/axi_mem_intercon/m00_couplers/auto_pc/m_axi_bid'(2) to pin: '/axi_mem_intercon/m00_couplers/M_AXI_bid'(6) - Only lower order bits will be connected.
WARNING: [BD 41-2384] Width mismatch when connecting pin: '/axi_mem_intercon/m01_couplers/auto_pc/m_axi_rid'(2) to pin: '/axi_mem_intercon/m01_couplers/M_AXI_rid'(6) - Only lower order bits will be connected.
WARNING: [BD 41-2384] Width mismatch when connecting pin: '/axi_mem_intercon/m01_couplers/auto_pc/m_axi_bid'(2) to pin: '/axi_mem_intercon/m01_couplers/M_AXI_bid'(6) - Only lower order bits will be connected.
WARNING: [BD 41-2384] Width mismatch when connecting pin: '/processing_system7_0/S_AXI_HP0_AWID'(6) to pin: '/axi_mem_intercon/M00_AXI_awid'(2) - Only lower order bits will be connected.
WARNING: [BD 41-2384] Width mismatch when connecting pin: '/processing_system7_0/S_AXI_HP0_ARID'(6) to pin: '/axi_mem_intercon/M00_AXI_arid'(2) - Only lower order bits will be connected.
WARNING: [BD 41-2384] Width mismatch when connecting pin: '/processing_system7_0/S_AXI_HP0_WID'(6) to pin: '/axi_mem_intercon/M00_AXI_wid'(2) - Only lower order bits will be connected.
WARNING: [BD 41-2384] Width mismatch when connecting pin: '/processing_system7_0/S_AXI_HP2_AWID'(6) to pin: '/axi_mem_intercon/M01_AXI_awid'(2) - Only lower order bits will be connected.
WARNING: [BD 41-2384] Width mismatch when connecting pin: '/processing_system7_0/S_AXI_HP2_ARID'(6) to pin: '/axi_mem_intercon/M01_AXI_arid'(2) - Only lower order bits will be connected.
WARNING: [BD 41-2384] Width mismatch when connecting pin: '/processing_system7_0/S_AXI_HP2_WID'(6) to pin: '/axi_mem_intercon/M01_AXI_wid'(2) - Only lower order bits will be connected.
Verilog Output written to : c:/Projects/ERN24004/Projects/ADC/ADC.gen/sources_1/bd/dma/synth/dma.v
WARNING: [BD 41-2384] Width mismatch when connecting pin: '/axi_mem_intercon/m00_couplers/auto_pc/m_axi_rid'(2) to pin: '/axi_mem_intercon/m00_couplers/M_AXI_rid'(6) - Only lower order bits will be connected.
WARNING: [BD 41-2384] Width mismatch when connecting pin: '/axi_mem_intercon/m00_couplers/auto_pc/m_axi_bid'(2) to pin: '/axi_mem_intercon/m00_couplers/M_AXI_bid'(6) - Only lower order bits will be connected.
WARNING: [BD 41-2384] Width mismatch when connecting pin: '/axi_mem_intercon/m01_couplers/auto_pc/m_axi_rid'(2) to pin: '/axi_mem_intercon/m01_couplers/M_AXI_rid'(6) - Only lower order bits will be connected.
WARNING: [BD 41-2384] Width mismatch when connecting pin: '/axi_mem_intercon/m01_couplers/auto_pc/m_axi_bid'(2) to pin: '/axi_mem_intercon/m01_couplers/M_AXI_bid'(6) - Only lower order bits will be connected.
WARNING: [BD 41-2384] Width mismatch when connecting pin: '/processing_system7_0/S_AXI_HP0_AWID'(6) to pin: '/axi_mem_intercon/M00_AXI_awid'(2) - Only lower order bits will be connected.
WARNING: [BD 41-2384] Width mismatch when connecting pin: '/processing_system7_0/S_AXI_HP0_ARID'(6) to pin: '/axi_mem_intercon/M00_AXI_arid'(2) - Only lower order bits will be connected.
WARNING: [BD 41-2384] Width mismatch when connecting pin: '/processing_system7_0/S_AXI_HP0_WID'(6) to pin: '/axi_mem_intercon/M00_AXI_wid'(2) - Only lower order bits will be connected.
WARNING: [BD 41-2384] Width mismatch when connecting pin: '/processing_system7_0/S_AXI_HP2_AWID'(6) to pin: '/axi_mem_intercon/M01_AXI_awid'(2) - Only lower order bits will be connected.
WARNING: [BD 41-2384] Width mismatch when connecting pin: '/processing_system7_0/S_AXI_HP2_ARID'(6) to pin: '/axi_mem_intercon/M01_AXI_arid'(2) - Only lower order bits will be connected.
WARNING: [BD 41-2384] Width mismatch when connecting pin: '/processing_system7_0/S_AXI_HP2_WID'(6) to pin: '/axi_mem_intercon/M01_AXI_wid'(2) - Only lower order bits will be connected.
Verilog Output written to : c:/Projects/ERN24004/Projects/ADC/ADC.gen/sources_1/bd/dma/sim/dma.v
Verilog Output written to : c:/Projects/ERN24004/Projects/ADC/ADC.gen/sources_1/bd/dma/hdl/dma_wrapper.v
INFO: [IP_Flow 19-5611] Unable to find an associated reset port for the interface 'M_AXI_GP0'. A default connection has been created.
INFO: [IP_Flow 19-5611] Unable to find an associated reset port for the interface 'S_AXI_HP0'. A default connection has been created.
INFO: [IP_Flow 19-5611] Unable to find an associated reset port for the interface 'S_AXI_HP2'. A default connection has been created.
INFO: [BD 41-1029] Generation completed for the IP Integrator block processing_system7_0 .
INFO: [BD 41-1029] Generation completed for the IP Integrator block decimation_filter_0 .
INFO: [BD 41-1029] Generation completed for the IP Integrator block decimation_filter_1 .
INFO: [BD 41-1029] Generation completed for the IP Integrator block xlconcat_0 .
WARNING: [IP_Flow 19-4994] Overwriting existing constraint file 'c:/Projects/ERN24004/Projects/ADC/ADC.gen/sources_1/bd/dma/ip/dma_auto_pc_0/dma_auto_pc_0_ooc.xdc'
INFO: [BD 41-1029] Generation completed for the IP Integrator block ps7_0_axi_periph/s00_couplers/auto_pc .
WARNING: [IP_Flow 19-4994] Overwriting existing constraint file 'c:/Projects/ERN24004/Projects/ADC/ADC.gen/sources_1/bd/dma/ip/dma_auto_us_0/dma_auto_us_0_ooc.xdc'
INFO: [IP_Flow 19-5611] Unable to find an associated reset port for the interface 'S_AXI'. A default connection has been created.
INFO: [IP_Flow 19-5611] Unable to find an associated reset port for the interface 'M_AXI'. A default connection has been created.
INFO: [BD 41-1029] Generation completed for the IP Integrator block axi_mem_intercon/s01_couplers/auto_us .
WARNING: [IP_Flow 19-4994] Overwriting existing constraint file 'c:/Projects/ERN24004/Projects/ADC/ADC.gen/sources_1/bd/dma/ip/dma_auto_pc_1/dma_auto_pc_1_ooc.xdc'
INFO: [BD 41-1029] Generation completed for the IP Integrator block axi_mem_intercon/m00_couplers/auto_pc .
WARNING: [IP_Flow 19-4994] Overwriting existing constraint file 'c:/Projects/ERN24004/Projects/ADC/ADC.gen/sources_1/bd/dma/ip/dma_auto_pc_2/dma_auto_pc_2_ooc.xdc'
INFO: [BD 41-1029] Generation completed for the IP Integrator block axi_mem_intercon/m01_couplers/auto_pc .
Exporting to file c:/Projects/ERN24004/Projects/ADC/ADC.gen/sources_1/bd/dma/hw_handoff/dma.hwh
Generated Hardware Definition File c:/Projects/ERN24004/Projects/ADC/ADC.gen/sources_1/bd/dma/synth/dma.hwdef
generate_target: Time (s): cpu = 00:00:14 ; elapsed = 00:00:26 . Memory (MB): peak = 2517.117 ; gain = 101.836
catch { config_ip_cache -export [get_ips -all dma_decimation_filter_0_0] }
INFO: [IP_Flow 19-6924] IPCACHE: Running cache check for IP inst: dma_decimation_filter_0_0
catch { config_ip_cache -export [get_ips -all dma_decimation_filter_1_0] }
INFO: [IP_Flow 19-6924] IPCACHE: Running cache check for IP inst: dma_decimation_filter_1_0
catch { config_ip_cache -export [get_ips -all dma_auto_pc_0] }
INFO: [IP_Flow 19-6924] IPCACHE: Running cache check for IP inst: dma_auto_pc_0
INFO: [IP_Flow 19-6922] IPCACHE: Exporting cached entry 8303ab40dec7ec38 to dir: c:/Projects/ERN24004/Projects/ADC/ADC.gen/sources_1/bd/dma/ip/dma_auto_pc_0
INFO: [IP_Flow 19-6928] IPCACHE: copied cached file c:/Projects/ERN24004/Projects/ADC/ADC.cache/ip/2024.1.2/8/3/8303ab40dec7ec38/dma_auto_pc_0.dcp to c:/Projects/ERN24004/Projects/ADC/ADC.gen/sources_1/bd/dma/ip/dma_auto_pc_0/dma_auto_pc_0.dcp.
INFO: [IP_Flow 19-6926] IPCACHE: added file to list for BOM: c:/Projects/ERN24004/Projects/ADC/ADC.gen/sources_1/bd/dma/ip/dma_auto_pc_0/dma_auto_pc_0.dcp
INFO: [IP_Flow 19-6928] IPCACHE: copied cached file c:/Projects/ERN24004/Projects/ADC/ADC.cache/ip/2024.1.2/8/3/8303ab40dec7ec38/dma_auto_pc_0_sim_netlist.v to c:/Projects/ERN24004/Projects/ADC/ADC.gen/sources_1/bd/dma/ip/dma_auto_pc_0/dma_auto_pc_0_sim_netlist.v.
INFO: [IP_Flow 19-6926] IPCACHE: added file to list for BOM: c:/Projects/ERN24004/Projects/ADC/ADC.gen/sources_1/bd/dma/ip/dma_auto_pc_0/dma_auto_pc_0_sim_netlist.v
INFO: [IP_Flow 19-6928] IPCACHE: copied cached file c:/Projects/ERN24004/Projects/ADC/ADC.cache/ip/2024.1.2/8/3/8303ab40dec7ec38/dma_auto_pc_0_sim_netlist.vhdl to c:/Projects/ERN24004/Projects/ADC/ADC.gen/sources_1/bd/dma/ip/dma_auto_pc_0/dma_auto_pc_0_sim_netlist.vhdl.
INFO: [IP_Flow 19-6926] IPCACHE: added file to list for BOM: c:/Projects/ERN24004/Projects/ADC/ADC.gen/sources_1/bd/dma/ip/dma_auto_pc_0/dma_auto_pc_0_sim_netlist.vhdl
INFO: [IP_Flow 19-6928] IPCACHE: copied cached file c:/Projects/ERN24004/Projects/ADC/ADC.cache/ip/2024.1.2/8/3/8303ab40dec7ec38/dma_auto_pc_0_stub.v to c:/Projects/ERN24004/Projects/ADC/ADC.gen/sources_1/bd/dma/ip/dma_auto_pc_0/dma_auto_pc_0_stub.v.
INFO: [IP_Flow 19-6926] IPCACHE: added file to list for BOM: c:/Projects/ERN24004/Projects/ADC/ADC.gen/sources_1/bd/dma/ip/dma_auto_pc_0/dma_auto_pc_0_stub.v
INFO: [IP_Flow 19-6928] IPCACHE: copied cached file c:/Projects/ERN24004/Projects/ADC/ADC.cache/ip/2024.1.2/8/3/8303ab40dec7ec38/dma_auto_pc_0_stub.vhdl to c:/Projects/ERN24004/Projects/ADC/ADC.gen/sources_1/bd/dma/ip/dma_auto_pc_0/dma_auto_pc_0_stub.vhdl.
INFO: [IP_Flow 19-6926] IPCACHE: added file to list for BOM: c:/Projects/ERN24004/Projects/ADC/ADC.gen/sources_1/bd/dma/ip/dma_auto_pc_0/dma_auto_pc_0_stub.vhdl
INFO: [IP_Flow 19-4993] Using cached IP synthesis design for IP dma_auto_pc_0, cache-ID = 8303ab40dec7ec38; cache size = 9.714 MB.
catch { config_ip_cache -export [get_ips -all dma_auto_us_0] }
INFO: [IP_Flow 19-6924] IPCACHE: Running cache check for IP inst: dma_auto_us_0
INFO: [IP_Flow 19-6922] IPCACHE: Exporting cached entry f171da39e8932f68 to dir: c:/Projects/ERN24004/Projects/ADC/ADC.gen/sources_1/bd/dma/ip/dma_auto_us_0
INFO: [IP_Flow 19-6928] IPCACHE: copied cached file c:/Projects/ERN24004/Projects/ADC/ADC.cache/ip/2024.1.2/f/1/f171da39e8932f68/dma_auto_us_0.dcp to c:/Projects/ERN24004/Projects/ADC/ADC.gen/sources_1/bd/dma/ip/dma_auto_us_0/dma_auto_us_0.dcp.
INFO: [IP_Flow 19-6926] IPCACHE: added file to list for BOM: c:/Projects/ERN24004/Projects/ADC/ADC.gen/sources_1/bd/dma/ip/dma_auto_us_0/dma_auto_us_0.dcp
INFO: [IP_Flow 19-6928] IPCACHE: copied cached file c:/Projects/ERN24004/Projects/ADC/ADC.cache/ip/2024.1.2/f/1/f171da39e8932f68/dma_auto_us_0_sim_netlist.v to c:/Projects/ERN24004/Projects/ADC/ADC.gen/sources_1/bd/dma/ip/dma_auto_us_0/dma_auto_us_0_sim_netlist.v.
INFO: [IP_Flow 19-6926] IPCACHE: added file to list for BOM: c:/Projects/ERN24004/Projects/ADC/ADC.gen/sources_1/bd/dma/ip/dma_auto_us_0/dma_auto_us_0_sim_netlist.v
INFO: [IP_Flow 19-6928] IPCACHE: copied cached file c:/Projects/ERN24004/Projects/ADC/ADC.cache/ip/2024.1.2/f/1/f171da39e8932f68/dma_auto_us_0_sim_netlist.vhdl to c:/Projects/ERN24004/Projects/ADC/ADC.gen/sources_1/bd/dma/ip/dma_auto_us_0/dma_auto_us_0_sim_netlist.vhdl.
INFO: [IP_Flow 19-6926] IPCACHE: added file to list for BOM: c:/Projects/ERN24004/Projects/ADC/ADC.gen/sources_1/bd/dma/ip/dma_auto_us_0/dma_auto_us_0_sim_netlist.vhdl
INFO: [IP_Flow 19-6928] IPCACHE: copied cached file c:/Projects/ERN24004/Projects/ADC/ADC.cache/ip/2024.1.2/f/1/f171da39e8932f68/dma_auto_us_0_stub.v to c:/Projects/ERN24004/Projects/ADC/ADC.gen/sources_1/bd/dma/ip/dma_auto_us_0/dma_auto_us_0_stub.v.
INFO: [IP_Flow 19-6926] IPCACHE: added file to list for BOM: c:/Projects/ERN24004/Projects/ADC/ADC.gen/sources_1/bd/dma/ip/dma_auto_us_0/dma_auto_us_0_stub.v
INFO: [IP_Flow 19-6928] IPCACHE: copied cached file c:/Projects/ERN24004/Projects/ADC/ADC.cache/ip/2024.1.2/f/1/f171da39e8932f68/dma_auto_us_0_stub.vhdl to c:/Projects/ERN24004/Projects/ADC/ADC.gen/sources_1/bd/dma/ip/dma_auto_us_0/dma_auto_us_0_stub.vhdl.
INFO: [IP_Flow 19-6926] IPCACHE: added file to list for BOM: c:/Projects/ERN24004/Projects/ADC/ADC.gen/sources_1/bd/dma/ip/dma_auto_us_0/dma_auto_us_0_stub.vhdl
INFO: [IP_Flow 19-4993] Using cached IP synthesis design for IP dma_auto_us_0, cache-ID = f171da39e8932f68; cache size = 9.714 MB.
catch { config_ip_cache -export [get_ips -all dma_auto_pc_1] }
INFO: [IP_Flow 19-6924] IPCACHE: Running cache check for IP inst: dma_auto_pc_1
INFO: [IP_Flow 19-6922] IPCACHE: Exporting cached entry b1c72505146bb989 to dir: c:/Projects/ERN24004/Projects/ADC/ADC.gen/sources_1/bd/dma/ip/dma_auto_pc_1
INFO: [IP_Flow 19-6928] IPCACHE: copied cached file c:/Projects/ERN24004/Projects/ADC/ADC.cache/ip/2024.1.2/b/1/b1c72505146bb989/dma_auto_pc_1.dcp to c:/Projects/ERN24004/Projects/ADC/ADC.gen/sources_1/bd/dma/ip/dma_auto_pc_1/dma_auto_pc_1.dcp.
INFO: [IP_Flow 19-6926] IPCACHE: added file to list for BOM: c:/Projects/ERN24004/Projects/ADC/ADC.gen/sources_1/bd/dma/ip/dma_auto_pc_1/dma_auto_pc_1.dcp
INFO: [IP_Flow 19-6928] IPCACHE: copied cached file c:/Projects/ERN24004/Projects/ADC/ADC.cache/ip/2024.1.2/b/1/b1c72505146bb989/dma_auto_pc_1_sim_netlist.v to c:/Projects/ERN24004/Projects/ADC/ADC.gen/sources_1/bd/dma/ip/dma_auto_pc_1/dma_auto_pc_1_sim_netlist.v.
INFO: [IP_Flow 19-6926] IPCACHE: added file to list for BOM: c:/Projects/ERN24004/Projects/ADC/ADC.gen/sources_1/bd/dma/ip/dma_auto_pc_1/dma_auto_pc_1_sim_netlist.v
INFO: [IP_Flow 19-6928] IPCACHE: copied cached file c:/Projects/ERN24004/Projects/ADC/ADC.cache/ip/2024.1.2/b/1/b1c72505146bb989/dma_auto_pc_1_sim_netlist.vhdl to c:/Projects/ERN24004/Projects/ADC/ADC.gen/sources_1/bd/dma/ip/dma_auto_pc_1/dma_auto_pc_1_sim_netlist.vhdl.
INFO: [IP_Flow 19-6926] IPCACHE: added file to list for BOM: c:/Projects/ERN24004/Projects/ADC/ADC.gen/sources_1/bd/dma/ip/dma_auto_pc_1/dma_auto_pc_1_sim_netlist.vhdl
INFO: [IP_Flow 19-6928] IPCACHE: copied cached file c:/Projects/ERN24004/Projects/ADC/ADC.cache/ip/2024.1.2/b/1/b1c72505146bb989/dma_auto_pc_1_stub.v to c:/Projects/ERN24004/Projects/ADC/ADC.gen/sources_1/bd/dma/ip/dma_auto_pc_1/dma_auto_pc_1_stub.v.
INFO: [IP_Flow 19-6926] IPCACHE: added file to list for BOM: c:/Projects/ERN24004/Projects/ADC/ADC.gen/sources_1/bd/dma/ip/dma_auto_pc_1/dma_auto_pc_1_stub.v
INFO: [IP_Flow 19-6928] IPCACHE: copied cached file c:/Projects/ERN24004/Projects/ADC/ADC.cache/ip/2024.1.2/b/1/b1c72505146bb989/dma_auto_pc_1_stub.vhdl to c:/Projects/ERN24004/Projects/ADC/ADC.gen/sources_1/bd/dma/ip/dma_auto_pc_1/dma_auto_pc_1_stub.vhdl.
INFO: [IP_Flow 19-6926] IPCACHE: added file to list for BOM: c:/Projects/ERN24004/Projects/ADC/ADC.gen/sources_1/bd/dma/ip/dma_auto_pc_1/dma_auto_pc_1_stub.vhdl
INFO: [IP_Flow 19-4993] Using cached IP synthesis design for IP dma_auto_pc_1, cache-ID = b1c72505146bb989; cache size = 9.714 MB.
catch { config_ip_cache -export [get_ips -all dma_auto_pc_2] }
INFO: [IP_Flow 19-6924] IPCACHE: Running cache check for IP inst: dma_auto_pc_2
INFO: [IP_Flow 19-6922] IPCACHE: Exporting cached entry b1c72505146bb989 to dir: c:/Projects/ERN24004/Projects/ADC/ADC.gen/sources_1/bd/dma/ip/dma_auto_pc_2
INFO: [IP_Flow 19-6928] IPCACHE: copied cached file c:/Projects/ERN24004/Projects/ADC/ADC.cache/ip/2024.1.2/b/1/b1c72505146bb989/dma_auto_pc_1.dcp to c:/Projects/ERN24004/Projects/ADC/ADC.gen/sources_1/bd/dma/ip/dma_auto_pc_2/dma_auto_pc_2.dcp.
INFO: [IP_Flow 19-6926] IPCACHE: added file to list for BOM: c:/Projects/ERN24004/Projects/ADC/ADC.gen/sources_1/bd/dma/ip/dma_auto_pc_2/dma_auto_pc_2.dcp
INFO: [IP_Flow 19-6928] IPCACHE: copied cached file c:/Projects/ERN24004/Projects/ADC/ADC.cache/ip/2024.1.2/b/1/b1c72505146bb989/dma_auto_pc_1_sim_netlist.v to c:/Projects/ERN24004/Projects/ADC/ADC.gen/sources_1/bd/dma/ip/dma_auto_pc_2/dma_auto_pc_2_sim_netlist.v.
INFO: [IP_Flow 19-6926] IPCACHE: added file to list for BOM: c:/Projects/ERN24004/Projects/ADC/ADC.gen/sources_1/bd/dma/ip/dma_auto_pc_2/dma_auto_pc_2_sim_netlist.v
INFO: [IP_Flow 19-6928] IPCACHE: copied cached file c:/Projects/ERN24004/Projects/ADC/ADC.cache/ip/2024.1.2/b/1/b1c72505146bb989/dma_auto_pc_1_sim_netlist.vhdl to c:/Projects/ERN24004/Projects/ADC/ADC.gen/sources_1/bd/dma/ip/dma_auto_pc_2/dma_auto_pc_2_sim_netlist.vhdl.
INFO: [IP_Flow 19-6926] IPCACHE: added file to list for BOM: c:/Projects/ERN24004/Projects/ADC/ADC.gen/sources_1/bd/dma/ip/dma_auto_pc_2/dma_auto_pc_2_sim_netlist.vhdl
INFO: [IP_Flow 19-6928] IPCACHE: copied cached file c:/Projects/ERN24004/Projects/ADC/ADC.cache/ip/2024.1.2/b/1/b1c72505146bb989/dma_auto_pc_1_stub.v to c:/Projects/ERN24004/Projects/ADC/ADC.gen/sources_1/bd/dma/ip/dma_auto_pc_2/dma_auto_pc_2_stub.v.
INFO: [IP_Flow 19-6926] IPCACHE: added file to list for BOM: c:/Projects/ERN24004/Projects/ADC/ADC.gen/sources_1/bd/dma/ip/dma_auto_pc_2/dma_auto_pc_2_stub.v
INFO: [IP_Flow 19-6928] IPCACHE: copied cached file c:/Projects/ERN24004/Projects/ADC/ADC.cache/ip/2024.1.2/b/1/b1c72505146bb989/dma_auto_pc_1_stub.vhdl to c:/Projects/ERN24004/Projects/ADC/ADC.gen/sources_1/bd/dma/ip/dma_auto_pc_2/dma_auto_pc_2_stub.vhdl.
INFO: [IP_Flow 19-6926] IPCACHE: added file to list for BOM: c:/Projects/ERN24004/Projects/ADC/ADC.gen/sources_1/bd/dma/ip/dma_auto_pc_2/dma_auto_pc_2_stub.vhdl
INFO: [IP_Flow 19-4993] Using cached IP synthesis design for IP dma_auto_pc_2, cache-ID = b1c72505146bb989; cache size = 9.714 MB.
export_ip_user_files -of_objects [get_files C:/Projects/ERN24004/Projects/ADC/ADC.srcs/sources_1/bd/dma/dma.bd] -no_script -sync -force -quiet
create_ip_run [get_files -of_objects [get_fileset sources_1] C:/Projects/ERN24004/Projects/ADC/ADC.srcs/sources_1/bd/dma/dma.bd]
launch_runs dma_decimation_filter_0_0_synth_1 dma_decimation_filter_1_0_synth_1 dma_processing_system7_0_0_synth_1 -jobs 4
INFO: [IP_Flow 19-6924] IPCACHE: Running cache check for IP inst: dma_decimation_filter_0_0
INFO: [IP_Flow 19-6924] IPCACHE: Running cache check for IP inst: dma_decimation_filter_1_0
[Mon Nov 25 13:44:45 2024] Launched dma_decimation_filter_0_0_synth_1, dma_decimation_filter_1_0_synth_1, dma_processing_system7_0_0_synth_1...
Run output will be captured here:
dma_decimation_filter_0_0_synth_1: C:/Projects/ERN24004/Projects/ADC/ADC.runs/dma_decimation_filter_0_0_synth_1/runme.log
dma_decimation_filter_1_0_synth_1: C:/Projects/ERN24004/Projects/ADC/ADC.runs/dma_decimation_filter_1_0_synth_1/runme.log
dma_processing_system7_0_0_synth_1: C:/Projects/ERN24004/Projects/ADC/ADC.runs/dma_processing_system7_0_0_synth_1/runme.log
export_simulation -of_objects [get_files C:/Projects/ERN24004/Projects/ADC/ADC.srcs/sources_1/bd/dma/dma.bd] -directory C:/Projects/ERN24004/Projects/ADC/ADC.ip_user_files/sim_scripts -ip_user_files_dir C:/Projects/ERN24004/Projects/ADC/ADC.ip_user_files -ipstatic_source_dir C:/Projects/ERN24004/Projects/ADC/ADC.ip_user_files/ipstatic -lib_map_path [list {modelsim=C:/Projects/ERN24004/Projects/ADC/ADC.cache/compile_simlib/modelsim} {questa=C:/Projects/ERN24004/Projects/ADC/ADC.cache/compile_simlib/questa} {riviera=C:/Projects/ERN24004/Projects/ADC/ADC.cache/compile_simlib/riviera} {activehdl=C:/Projects/ERN24004/Projects/ADC/ADC.cache/compile_simlib/activehdl}] -use_ip_compiled_libs -force -quiet
report_ip_status -name ip_status 
reset_run synth_1
INFO: [Project 1-1161] Replacing file C:/Projects/ERN24004/Projects/ADC/ADC.srcs/utils_1/imports/synth_1/dma_wrapper.dcp with file C:/Projects/ERN24004/Projects/ADC/ADC.runs/synth_1/dma_wrapper.dcp
launch_runs impl_1 -to_step write_bitstream -jobs 4
[Mon Nov 25 13:46:16 2024] Launched synth_1...
Run output will be captured here: C:/Projects/ERN24004/Projects/ADC/ADC.runs/synth_1/runme.log
[Mon Nov 25 13:46:16 2024] Launched impl_1...
Run output will be captured here: C:/Projects/ERN24004/Projects/ADC/ADC.runs/impl_1/runme.log
regenerate_bd_layout
ipx::edit_ip_in_project -upgrade true -name decimation_filter_v1_0_project -directory C:/Projects/ERN24004/Projects/ADC/ADC.tmp/decimation_filter_v1_0_project c:/Projects/ERN24004/Projects/ADC/ip_repo/decim_filter/decimation_filter_1_0/component.xml
INFO: [IP_Flow 19-234] Refreshing IP repositories
INFO: [IP_Flow 19-1704] No user IP repositories specified
INFO: [IP_Flow 19-2313] Loaded Vivado IP repository 'C:/Xilinx/Vivado/2024.1/data/ip'.
WARNING: [Board 49-26] cannot add Board Part xilinx.com:vek280_es:part0:1.0 available at C:/Xilinx/Vivado/2024.1/data/xhub/boards/XilinxBoardStore/boards/Xilinx/vek280/es/rev_a/1.0/board.xml as part xcve2802-vsvh1760-2lp-e-s-es1 specified in board_part file is either invalid or not available
WARNING: [Board 49-26] cannot add Board Part xilinx.com:vek280_es:part0:1.1 available at C:/Xilinx/Vivado/2024.1/data/xhub/boards/XilinxBoardStore/boards/Xilinx/vek280/es/rev_a/1.1/board.xml as part xcve2802-vsvh1760-2lp-e-s-es1 specified in board_part file is either invalid or not available
WARNING: [Board 49-26] cannot add Board Part xilinx.com:vek280_es_revb:part0:1.0 available at C:/Xilinx/Vivado/2024.1/data/xhub/boards/XilinxBoardStore/boards/Xilinx/vek280/es/rev_b/1.0/board.xml as part xcve2802-vsvh1760-2mp-e-s-es1 specified in board_part file is either invalid or not available
WARNING: [Board 49-26] cannot add Board Part xilinx.com:vek280_es_revb:part0:1.1 available at C:/Xilinx/Vivado/2024.1/data/xhub/boards/XilinxBoardStore/boards/Xilinx/vek280/es/rev_b/1.1/board.xml as part xcve2802-vsvh1760-2mp-e-s-es1 specified in board_part file is either invalid or not available
WARNING: [Board 49-26] cannot add Board Part xilinx.com:vhk158_es:part0:1.0 available at C:/Xilinx/Vivado/2024.1/data/xhub/boards/XilinxBoardStore/boards/Xilinx/vhk158/es/1.0/board.xml as part xcvh1582-vsva3697-2mp-e-s-es1 specified in board_part file is either invalid or not available
WARNING: [Board 49-26] cannot add Board Part xilinx.com:vhk158_es:part0:1.1 available at C:/Xilinx/Vivado/2024.1/data/xhub/boards/XilinxBoardStore/boards/Xilinx/vhk158/es/1.1/board.xml as part xcvh1582-vsva3697-2mp-e-s-es1 specified in board_part file is either invalid or not available
WARNING: [Board 49-26] cannot add Board Part xilinx.com:zcu208ld:part0:2.0 available at C:/Xilinx/Vivado/2024.1/data/xhub/boards/XilinxBoardStore/boards/Xilinx/zcu208ld/production/2.0/board.xml as part xczu58dr-fsvg1517-2-i specified in board_part file is either invalid or not available
WARNING: [Board 49-26] cannot add Board Part xilinx.com:zcu216ld:part0:2.0 available at C:/Xilinx/Vivado/2024.1/data/xhub/boards/XilinxBoardStore/boards/Xilinx/zcu216ld/production/2.0/board.xml as part xczu59dr-ffvf1760-2-i specified in board_part file is either invalid or not available
WARNING: [Board 49-26] cannot add Board Part xilinx.com:zcu670ld:part0:1.0 available at C:/Xilinx/Vivado/2024.1/data/xhub/boards/XilinxBoardStore/boards/Xilinx/zcu670ld/1.0/board.xml as part xczu57dr-fsve1156-2-i specified in board_part file is either invalid or not available
INFO: [IP_Flow 19-234] Refreshing IP repositories
WARNING: [IP_Flow 19-3685] Ignored loading user repository 'c:/Projects/ERN24004/Projects/ADC/ip_repo/filter_ctrl/filter_ctrl_1_0'. The path is contained within another repository.
WARNING: [IP_Flow 19-2207] Repository 'c:/Projects/ERN24004/Projects/ADC/ip_repo/filter_ctrl/filter_ctrl_1_0' already exists; ignoring attempt to add it again.
WARNING: [IP_Flow 19-3685] Ignored loading user repository 'c:/Projects/ERN24004/Projects/ADC/ip_repo/filter_ctrl/filter_ctrl_1_0'. The path is contained within another repository.
WARNING: [IP_Flow 19-3685] Ignored loading user repository 'c:/Projects/ERN24004/Projects/ADC/ip_repo/filter_ctrl_1_0'. The path is contained within another repository.
WARNING: [IP_Flow 19-2207] Repository 'c:/Projects/ERN24004/Projects/ADC/ip_repo/filter_ctrl/filter_ctrl_1_0' already exists; ignoring attempt to add it again.
WARNING: [IP_Flow 19-3685] Ignored loading user repository 'c:/Projects/ERN24004/Projects/ADC/ip_repo/filter_ctrl/filter_ctrl_1_0'. The path is contained within another repository.
WARNING: [IP_Flow 19-2207] Repository 'c:/Projects/ERN24004/Projects/ADC/ip_repo/filter_ctrl_1_0' already exists; ignoring attempt to add it again.
WARNING: [IP_Flow 19-3685] Ignored loading user repository 'c:/Projects/ERN24004/Projects/ADC/ip_repo/filter_ctrl_1_0'. The path is contained within another repository.
WARNING: [IP_Flow 19-2207] Repository 'c:/Projects/ERN24004/Projects/ADC/ip_repo/filter_ctrl_1_0' already exists; ignoring attempt to add it again.
WARNING: [IP_Flow 19-3685] Ignored loading user repository 'c:/Projects/ERN24004/Projects/ADC/ip_repo/filter_ctrl_1_0'. The path is contained within another repository.
INFO: [IP_Flow 19-1700] Loaded user IP repository 'c:/Projects/ERN24004/Projects/ADC/ip_repo'.
INFO: [IP_Flow 19-795] Syncing license key meta-data
update_compile_order -fileset sources_1
ipx::remove_memory_map S_AXI [ipx::current_core]
ipx::remove_user_parameter C_S_AXI_DATA_WIDTH [ipx::current_core]
ipx::remove_user_parameter C_S_AXI_ADDR_WIDTH [ipx::current_core]
ipx::remove_user_parameter C_S_AXI_BASEADDR [ipx::current_core]
ipx::remove_user_parameter C_S_AXI_HIGHADDR [ipx::current_core]
ipgui::add_param -name {DESIM} -component [ipx::current_core] -display_name {Desim} -show_label {true} -show_range {true} -widget {}
WARNING: [IP_Flow 19-4067] Ignoring invalid widget type specified .Providing a default widget
set_property core_revision 11 [ipx::current_core]
ipx::update_source_project_archive -component [ipx::current_core]
ipx::create_xgui_files [ipx::current_core]
ipx::update_checksums [ipx::current_core]
ipx::check_integrity [ipx::current_core]
WARNING: [IP_Flow 19-11888] Component Definition 'spicer.local:user:decimation_filter:1.0 (decimation_filter_v1.0)': IP description "Decim" is not meaningful: too short
WARNING: [IP_Flow 19-11889] HDL Parameter 'C_S_AXI_DATA_WIDTH (C S AXI DATA WIDTH)': Order is obsolete with XGUI version >= 2.0
WARNING: [IP_Flow 19-11889] HDL Parameter 'C_S_AXI_ADDR_WIDTH (C S AXI ADDR WIDTH)': Order is obsolete with XGUI version >= 2.0
WARNING: [IP_Flow 19-5661] Bus Interface 'clk' does not have any bus interfaces associated with it.
WARNING: [IP_Flow 19-11770] Clock interface 'clk' has no FREQ_HZ parameter.
INFO: [IP_Flow 19-2181] Payment is not required for this core.
WARNING: [IP_Flow 19-2187] The Product Guide file is missing.
INFO: [Ipptcl 7-1486] check_integrity: Integrity check passed.
ipx::save_core [ipx::current_core]
ipx::move_temp_component_back -component [ipx::current_core]
close_project
update_ip_catalog -rebuild -repo_path c:/Projects/ERN24004/Projects/ADC/ip_repo
INFO: [IP_Flow 19-725] Reloaded user IP repository 'c:/Projects/ERN24004/Projects/ADC/ip_repo'
report_ip_status -name ip_status 
upgrade_ip [get_ips  {dma_decimation_filter_0_0 dma_decimation_filter_1_0}] -log ip_upgrade.log
Upgrading 'C:/Projects/ERN24004/Projects/ADC/ADC.srcs/sources_1/bd/dma/dma.bd'
WARNING: [IP_Flow 19-4316] Parameter 'C_S_AXI_BASEADDR' is no longer present on the upgraded IP 'dma_decimation_filter_0_0', and cannot be set to '0xFFFFFFFF'
WARNING: [IP_Flow 19-4316] Parameter 'C_S_AXI_HIGHADDR' is no longer present on the upgraded IP 'dma_decimation_filter_0_0', and cannot be set to '0x00000000'
INFO: [IP_Flow 19-3422] Upgraded dma_decimation_filter_0_0 (decimation_filter_v1.0 1.0) from revision 10 to revision 11
WARNING: [IP_Flow 19-5893] Upgrade has removed address block 'S_AXI/S_AXI_reg'
WARNING: [IP_Flow 19-5891] Detected addressing differences while upgrading 'dma_decimation_filter_0_0'. These changes may impact your design.
WARNING: [IP_Flow 19-4316] Parameter 'C_S_AXI_BASEADDR' is no longer present on the upgraded IP 'dma_decimation_filter_1_0', and cannot be set to '0xFFFFFFFF'
WARNING: [IP_Flow 19-4316] Parameter 'C_S_AXI_HIGHADDR' is no longer present on the upgraded IP 'dma_decimation_filter_1_0', and cannot be set to '0x00000000'
INFO: [IP_Flow 19-3422] Upgraded dma_decimation_filter_1_0 (decimation_filter_v1.0 1.0) from revision 10 to revision 11
WARNING: [IP_Flow 19-5893] Upgrade has removed address block 'S_AXI/S_AXI_reg'
WARNING: [IP_Flow 19-5891] Detected addressing differences while upgrading 'dma_decimation_filter_1_0'. These changes may impact your design.
CRITICAL WARNING: [Coretcl 2-1279] The upgrade of 'dma_decimation_filter_0_0' has identified issues that may require user intervention. Please review the upgrade log 'c:/Projects/ERN24004/Projects/ADC/ip_upgrade.log', and verify that the upgraded IP is correctly configured.
CRITICAL WARNING: [Coretcl 2-1279] The upgrade of 'dma_decimation_filter_1_0' has identified issues that may require user intervention. Please review the upgrade log 'c:/Projects/ERN24004/Projects/ADC/ip_upgrade.log', and verify that the upgraded IP is correctly configured.
Wrote  : <C:\Projects\ERN24004\Projects\ADC\ADC.srcs\sources_1\bd\dma\dma.bd> 
Wrote  : <C:/Projects/ERN24004/Projects/ADC/ADC.srcs/sources_1/bd/dma/ui/bd_87aee958.ui> 
INFO: [Coretcl 2-1525] Wrote upgrade log to 'C:/Projects/ERN24004/Projects/ADC/ip_upgrade.log'.
export_ip_user_files -of_objects [get_ips {dma_decimation_filter_0_0 dma_decimation_filter_1_0}] -no_script -sync -force -quiet
generate_target all [get_files  C:/Projects/ERN24004/Projects/ADC/ADC.srcs/sources_1/bd/dma/dma.bd]
WARNING: [BD 41-2670] Found an incomplete address path from address space '/processing_system7_0/Data' to master interface '/ps7_0_axi_periph/M02_AXI'. Please either complete or remove this path to resolve.
WARNING: [BD 41-2670] Found an incomplete address path from address space '/processing_system7_0/Data' to master interface '/ps7_0_axi_periph/M03_AXI'. Please either complete or remove this path to resolve.
WARNING: [BD 5-699] No address segments matched 'get_bd_addr_segs -addressables -of_objects /ps7_0_axi_periph/xbar/M02_AXI'
WARNING: [BD 5-699] No address segments matched 'get_bd_addr_segs -addressables -of_objects /ps7_0_axi_periph/xbar/M03_AXI'
WARNING: [BD 5-699] No address segments matched 'get_bd_addr_segs -addressed -of_object /axi_mem_intercon/S02_AXI'
WARNING: [BD 5-699] No address segments matched 'get_bd_addr_segs -addressable -of_object /axi_mem_intercon/S02_AXI'
WARNING: [BD 5-699] No address segments matched 'get_bd_addr_segs -addressing -of_object /axi_mem_intercon/S02_AXI'
Wrote  : <C:\Projects\ERN24004\Projects\ADC\ADC.srcs\sources_1\bd\dma\dma.bd> 
