
*** Running vivado
    with args -log dma_filter_ctrl_0_2.vds -m64 -product Vivado -mode batch -messageDb vivado.pb -notrace -source dma_filter_ctrl_0_2.tcl



****** Vivado v2024.1.2 (64-bit)
  **** SW Build 5164865 on Thu Sep  5 14:37:11 MDT 2024
  **** IP Build 5164407 on Fri Sep  6 08:18:11 MDT 2024
  **** SharedData Build 5164864 on Thu Sep 05 13:09:09 MDT 2024
  **** Start of session at: Mon Nov 25 13:29:00 2024
    ** Copyright 1986-2022 Xilinx, Inc. All Rights Reserved.
    ** Copyright 2022-2024 Advanced Micro Devices, Inc. All Rights Reserved.

source dma_filter_ctrl_0_2.tcl -notrace
create_project: Time (s): cpu = 00:00:03 ; elapsed = 00:00:08 . Memory (MB): peak = 691.539 ; gain = 238.117
INFO: [IP_Flow 19-234] Refreshing IP repositories
WARNING: [IP_Flow 19-3685] Ignored loading user repository 'c:/Projects/ERN24004/Projects/ADC/ip_repo/filter_ctrl/filter_ctrl_1_0'. The path is contained within another repository.
WARNING: [IP_Flow 19-2207] Repository 'c:/Projects/ERN24004/Projects/ADC/ip_repo/filter_ctrl/filter_ctrl_1_0' already exists; ignoring attempt to add it again.
WARNING: [IP_Flow 19-3685] Ignored loading user repository 'c:/Projects/ERN24004/Projects/ADC/ip_repo/filter_ctrl/filter_ctrl_1_0'. The path is contained within another repository.
WARNING: [IP_Flow 19-3685] Ignored loading user repository 'c:/Projects/ERN24004/Projects/ADC/ip_repo/filter_ctrl_1_0'. The path is contained within another repository.
WARNING: [IP_Flow 19-2207] Repository 'c:/Projects/ERN24004/Projects/ADC/ip_repo/filter_ctrl/filter_ctrl_1_0' already exists; ignoring attempt to add it again.
WARNING: [IP_Flow 19-3685] Ignored loading user repository 'c:/Projects/ERN24004/Projects/ADC/ip_repo/filter_ctrl/filter_ctrl_1_0'. The path is contained within another repository.
WARNING: [IP_Flow 19-2207] Repository 'c:/Projects/ERN24004/Projects/ADC/ip_repo/filter_ctrl_1_0' already exists; ignoring attempt to add it again.
WARNING: [IP_Flow 19-3685] Ignored loading user repository 'c:/Projects/ERN24004/Projects/ADC/ip_repo/filter_ctrl_1_0'. The path is contained within another repository.
WARNING: [IP_Flow 19-2207] Repository 'c:/Projects/ERN24004/Projects/ADC/ip_repo/filter_ctrl_1_0' already exists; ignoring attempt to add it again.
WARNING: [IP_Flow 19-3685] Ignored loading user repository 'c:/Projects/ERN24004/Projects/ADC/ip_repo/filter_ctrl_1_0'. The path is contained within another repository.
INFO: [IP_Flow 19-1700] Loaded user IP repository 'c:/Projects/ERN24004/Projects/ADC/ip_repo'.
INFO: [IP_Flow 19-2313] Loaded Vivado IP repository 'C:/Xilinx/Vivado/2024.1/data/ip'.
INFO: [IP_Flow 19-6924] IPCACHE: Running cache check for IP inst: dma_filter_ctrl_0_2
Command: synth_design -top dma_filter_ctrl_0_2 -part xc7z007sclg400-1 -incremental_mode off -mode out_of_context
Starting synth_design
Attempting to get a license for feature 'Synthesis' and/or device 'xc7z007s'
INFO: [Common 17-349] Got license for feature 'Synthesis' and/or device 'xc7z007s'
INFO: [Device 21-403] Loading part xc7z007sclg400-1
INFO: [Device 21-9227] Part: xc7z007sclg400-1 does not have CEAM library.
INFO: [Synth 8-7079] Multithreading enabled for synth_design using a maximum of 2 processes.
INFO: [Synth 8-7078] Launching helper process for spawning children vivado processes
INFO: [Synth 8-7075] Helper process launched with PID 33168
---------------------------------------------------------------------------------
Starting RTL Elaboration : Time (s): cpu = 00:00:02 ; elapsed = 00:00:05 . Memory (MB): peak = 1561.223 ; gain = 446.004
---------------------------------------------------------------------------------
INFO: [Synth 8-6157] synthesizing module 'dma_filter_ctrl_0_2' [c:/Projects/ERN24004/Projects/ADC/ADC.gen/sources_1/bd/dma/ip/dma_filter_ctrl_0_2/synth/dma_filter_ctrl_0_2.v:53]
INFO: [Synth 8-6157] synthesizing module 'filter_ctrl' [c:/Projects/ERN24004/Projects/ADC/ADC.gen/sources_1/bd/dma/ipshared/8cdd/hdl/filter_ctrl.v:4]
INFO: [Synth 8-6157] synthesizing module 'filter_ctrl_slave_lite_v1_0_S00_AXI' [c:/Projects/ERN24004/Projects/ADC/ADC.gen/sources_1/bd/dma/ipshared/8cdd/hdl/filter_ctrl_slave_lite_v1_0_S00_AXI.v:4]
INFO: [Synth 8-155] case statement is not full and has no default [c:/Projects/ERN24004/Projects/ADC/ADC.gen/sources_1/bd/dma/ipshared/8cdd/hdl/filter_ctrl_slave_lite_v1_0_S00_AXI.v:102]
INFO: [Synth 8-226] default block is never used [c:/Projects/ERN24004/Projects/ADC/ADC.gen/sources_1/bd/dma/ipshared/8cdd/hdl/filter_ctrl_slave_lite_v1_0_S00_AXI.v:160]
INFO: [Synth 8-155] case statement is not full and has no default [c:/Projects/ERN24004/Projects/ADC/ADC.gen/sources_1/bd/dma/ipshared/8cdd/hdl/filter_ctrl_slave_lite_v1_0_S00_AXI.v:225]
INFO: [Synth 8-6155] done synthesizing module 'filter_ctrl_slave_lite_v1_0_S00_AXI' (0#1) [c:/Projects/ERN24004/Projects/ADC/ADC.gen/sources_1/bd/dma/ipshared/8cdd/hdl/filter_ctrl_slave_lite_v1_0_S00_AXI.v:4]
INFO: [Synth 8-6155] done synthesizing module 'filter_ctrl' (0#1) [c:/Projects/ERN24004/Projects/ADC/ADC.gen/sources_1/bd/dma/ipshared/8cdd/hdl/filter_ctrl.v:4]
INFO: [Synth 8-6155] done synthesizing module 'dma_filter_ctrl_0_2' (0#1) [c:/Projects/ERN24004/Projects/ADC/ADC.gen/sources_1/bd/dma/ip/dma_filter_ctrl_0_2/synth/dma_filter_ctrl_0_2.v:53]
WARNING: [Synth 8-3848] Net f1 in module/entity filter_ctrl does not have driver. [c:/Projects/ERN24004/Projects/ADC/ADC.gen/sources_1/bd/dma/ipshared/8cdd/hdl/filter_ctrl.v:15]
WARNING: [Synth 8-3848] Net f2 in module/entity filter_ctrl does not have driver. [c:/Projects/ERN24004/Projects/ADC/ADC.gen/sources_1/bd/dma/ipshared/8cdd/hdl/filter_ctrl.v:16]
WARNING: [Synth 8-7129] Port S_AXI_AWPROT[2] in module filter_ctrl_slave_lite_v1_0_S00_AXI is either unconnected or has no load
WARNING: [Synth 8-7129] Port S_AXI_AWPROT[1] in module filter_ctrl_slave_lite_v1_0_S00_AXI is either unconnected or has no load
WARNING: [Synth 8-7129] Port S_AXI_AWPROT[0] in module filter_ctrl_slave_lite_v1_0_S00_AXI is either unconnected or has no load
WARNING: [Synth 8-7129] Port S_AXI_ARPROT[2] in module filter_ctrl_slave_lite_v1_0_S00_AXI is either unconnected or has no load
WARNING: [Synth 8-7129] Port S_AXI_ARPROT[1] in module filter_ctrl_slave_lite_v1_0_S00_AXI is either unconnected or has no load
WARNING: [Synth 8-7129] Port S_AXI_ARPROT[0] in module filter_ctrl_slave_lite_v1_0_S00_AXI is either unconnected or has no load
WARNING: [Synth 8-7129] Port f1 in module filter_ctrl is either unconnected or has no load
WARNING: [Synth 8-7129] Port f2 in module filter_ctrl is either unconnected or has no load
---------------------------------------------------------------------------------
Finished RTL Elaboration : Time (s): cpu = 00:00:03 ; elapsed = 00:00:06 . Memory (MB): peak = 1679.195 ; gain = 563.977
---------------------------------------------------------------------------------
---------------------------------------------------------------------------------
Start Handling Custom Attributes
---------------------------------------------------------------------------------
---------------------------------------------------------------------------------
Finished Handling Custom Attributes : Time (s): cpu = 00:00:03 ; elapsed = 00:00:06 . Memory (MB): peak = 1679.195 ; gain = 563.977
---------------------------------------------------------------------------------
---------------------------------------------------------------------------------
Finished RTL Optimization Phase 1 : Time (s): cpu = 00:00:03 ; elapsed = 00:00:06 . Memory (MB): peak = 1679.195 ; gain = 563.977
---------------------------------------------------------------------------------
Netlist sorting complete. Time (s): cpu = 00:00:00 ; elapsed = 00:00:00.003 . Memory (MB): peak = 1679.195 ; gain = 0.000
INFO: [Project 1-570] Preparing netlist for logic optimization

Processing XDC Constraints
Initializing timing engine
Completed Processing XDC Constraints

Netlist sorting complete. Time (s): cpu = 00:00:00 ; elapsed = 00:00:00 . Memory (MB): peak = 1765.211 ; gain = 0.000
INFO: [Project 1-111] Unisim Transformation Summary:
No Unisim elements were transformed.

Constraint Validation Runtime : Time (s): cpu = 00:00:00 ; elapsed = 00:00:00.028 . Memory (MB): peak = 1765.480 ; gain = 0.270
INFO: [Designutils 20-5008] Incremental synthesis strategy off
---------------------------------------------------------------------------------
Finished Constraint Validation : Time (s): cpu = 00:00:05 ; elapsed = 00:00:11 . Memory (MB): peak = 1765.480 ; gain = 650.262
---------------------------------------------------------------------------------
---------------------------------------------------------------------------------
Start Loading Part and Timing Information
---------------------------------------------------------------------------------
Loading part: xc7z007sclg400-1
---------------------------------------------------------------------------------
Finished Loading Part and Timing Information : Time (s): cpu = 00:00:05 ; elapsed = 00:00:11 . Memory (MB): peak = 1765.480 ; gain = 650.262
---------------------------------------------------------------------------------
---------------------------------------------------------------------------------
Start Applying 'set_property' XDC Constraints
---------------------------------------------------------------------------------
---------------------------------------------------------------------------------
Finished applying 'set_property' XDC Constraints : Time (s): cpu = 00:00:05 ; elapsed = 00:00:11 . Memory (MB): peak = 1765.480 ; gain = 650.262
---------------------------------------------------------------------------------
INFO: [Synth 8-802] inferred FSM for state register 'state_write_reg' in module 'filter_ctrl_slave_lite_v1_0_S00_AXI'
INFO: [Synth 8-802] inferred FSM for state register 'state_read_reg' in module 'filter_ctrl_slave_lite_v1_0_S00_AXI'
---------------------------------------------------------------------------------------------------
                   State |                     New Encoding |                Previous Encoding 
---------------------------------------------------------------------------------------------------
                    Idle |                               00 |                               00
                   Waddr |                               01 |                               10
                   Wdata |                               10 |                               11
---------------------------------------------------------------------------------------------------
INFO: [Synth 8-3354] encoded FSM with state register 'state_write_reg' using encoding 'sequential' in module 'filter_ctrl_slave_lite_v1_0_S00_AXI'
---------------------------------------------------------------------------------------------------
                   State |                     New Encoding |                Previous Encoding 
---------------------------------------------------------------------------------------------------
                    Idle |                               00 |                               00
                   Raddr |                               01 |                               10
                   Rdata |                               10 |                               11
---------------------------------------------------------------------------------------------------
INFO: [Synth 8-3354] encoded FSM with state register 'state_read_reg' using encoding 'sequential' in module 'filter_ctrl_slave_lite_v1_0_S00_AXI'
---------------------------------------------------------------------------------
Finished RTL Optimization Phase 2 : Time (s): cpu = 00:00:06 ; elapsed = 00:00:11 . Memory (MB): peak = 1765.480 ; gain = 650.262
---------------------------------------------------------------------------------
---------------------------------------------------------------------------------
Start RTL Component Statistics 
---------------------------------------------------------------------------------
Detailed RTL Component Info : 
+---Registers : 
	               32 Bit    Registers := 4     
	                4 Bit    Registers := 2     
	                2 Bit    Registers := 1     
	                1 Bit    Registers := 5     
+---Muxes : 
	   2 Input   32 Bit        Muxes := 4     
	   4 Input   32 Bit        Muxes := 5     
	   3 Input    2 Bit        Muxes := 2     
	   2 Input    2 Bit        Muxes := 6     
	   2 Input    1 Bit        Muxes := 2     
	   3 Input    1 Bit        Muxes := 13    
---------------------------------------------------------------------------------
Finished RTL Component Statistics 
---------------------------------------------------------------------------------
---------------------------------------------------------------------------------
Start Part Resource Summary
---------------------------------------------------------------------------------
Part Resources:
DSPs: 66 (col length:40)
BRAMs: 100 (col length: RAMB18 40 RAMB36 20)
---------------------------------------------------------------------------------
Finished Part Resource Summary
---------------------------------------------------------------------------------
---------------------------------------------------------------------------------
Start Cross Boundary and Area Optimization
---------------------------------------------------------------------------------
WARNING: [Synth 8-7080] Parallel synthesis criteria is not met
WARNING: [Synth 8-7129] Port f1 in module dma_filter_ctrl_0_2 is either unconnected or has no load
WARNING: [Synth 8-7129] Port f2 in module dma_filter_ctrl_0_2 is either unconnected or has no load
WARNING: [Synth 8-7129] Port s00_axi_awprot[2] in module dma_filter_ctrl_0_2 is either unconnected or has no load
WARNING: [Synth 8-7129] Port s00_axi_awprot[1] in module dma_filter_ctrl_0_2 is either unconnected or has no load
WARNING: [Synth 8-7129] Port s00_axi_awprot[0] in module dma_filter_ctrl_0_2 is either unconnected or has no load
WARNING: [Synth 8-7129] Port s00_axi_arprot[2] in module dma_filter_ctrl_0_2 is either unconnected or has no load
WARNING: [Synth 8-7129] Port s00_axi_arprot[1] in module dma_filter_ctrl_0_2 is either unconnected or has no load
WARNING: [Synth 8-7129] Port s00_axi_arprot[0] in module dma_filter_ctrl_0_2 is either unconnected or has no load
---------------------------------------------------------------------------------
Finished Cross Boundary and Area Optimization : Time (s): cpu = 00:00:06 ; elapsed = 00:00:12 . Memory (MB): peak = 1765.480 ; gain = 650.262
---------------------------------------------------------------------------------
---------------------------------------------------------------------------------
Start Applying XDC Timing Constraints
---------------------------------------------------------------------------------
---------------------------------------------------------------------------------
Finished Applying XDC Timing Constraints : Time (s): cpu = 00:00:08 ; elapsed = 00:00:16 . Memory (MB): peak = 1765.480 ; gain = 650.262
---------------------------------------------------------------------------------
---------------------------------------------------------------------------------
Start Timing Optimization
---------------------------------------------------------------------------------
---------------------------------------------------------------------------------
Finished Timing Optimization : Time (s): cpu = 00:00:08 ; elapsed = 00:00:16 . Memory (MB): peak = 1765.480 ; gain = 650.262
---------------------------------------------------------------------------------
---------------------------------------------------------------------------------
Start Technology Mapping
---------------------------------------------------------------------------------
---------------------------------------------------------------------------------
Finished Technology Mapping : Time (s): cpu = 00:00:08 ; elapsed = 00:00:16 . Memory (MB): peak = 1765.480 ; gain = 650.262
---------------------------------------------------------------------------------
---------------------------------------------------------------------------------
Start IO Insertion
---------------------------------------------------------------------------------
---------------------------------------------------------------------------------
Start Flattening Before IO Insertion
---------------------------------------------------------------------------------
---------------------------------------------------------------------------------
Finished Flattening Before IO Insertion
---------------------------------------------------------------------------------
---------------------------------------------------------------------------------
Start Final Netlist Cleanup
---------------------------------------------------------------------------------
---------------------------------------------------------------------------------
Finished Final Netlist Cleanup
---------------------------------------------------------------------------------
---------------------------------------------------------------------------------
Finished IO Insertion : Time (s): cpu = 00:00:09 ; elapsed = 00:00:18 . Memory (MB): peak = 1765.480 ; gain = 650.262
---------------------------------------------------------------------------------
---------------------------------------------------------------------------------
Start Renaming Generated Instances
---------------------------------------------------------------------------------
---------------------------------------------------------------------------------
Finished Renaming Generated Instances : Time (s): cpu = 00:00:09 ; elapsed = 00:00:18 . Memory (MB): peak = 1765.480 ; gain = 650.262
---------------------------------------------------------------------------------
---------------------------------------------------------------------------------
Start Rebuilding User Hierarchy
---------------------------------------------------------------------------------
---------------------------------------------------------------------------------
Finished Rebuilding User Hierarchy : Time (s): cpu = 00:00:09 ; elapsed = 00:00:18 . Memory (MB): peak = 1765.480 ; gain = 650.262
---------------------------------------------------------------------------------
---------------------------------------------------------------------------------
Start Renaming Generated Ports
---------------------------------------------------------------------------------
---------------------------------------------------------------------------------
Finished Renaming Generated Ports : Time (s): cpu = 00:00:09 ; elapsed = 00:00:18 . Memory (MB): peak = 1765.480 ; gain = 650.262
---------------------------------------------------------------------------------
---------------------------------------------------------------------------------
Start Handling Custom Attributes
---------------------------------------------------------------------------------
---------------------------------------------------------------------------------
Finished Handling Custom Attributes : Time (s): cpu = 00:00:09 ; elapsed = 00:00:18 . Memory (MB): peak = 1765.480 ; gain = 650.262
---------------------------------------------------------------------------------
---------------------------------------------------------------------------------
Start Renaming Generated Nets
---------------------------------------------------------------------------------
---------------------------------------------------------------------------------
Finished Renaming Generated Nets : Time (s): cpu = 00:00:09 ; elapsed = 00:00:18 . Memory (MB): peak = 1765.480 ; gain = 650.262
---------------------------------------------------------------------------------
---------------------------------------------------------------------------------
Start Writing Synthesis Report
---------------------------------------------------------------------------------

Report BlackBoxes: 
+-+--------------+----------+
| |BlackBox name |Instances |
+-+--------------+----------+
+-+--------------+----------+

Report Cell Usage: 
+------+-----+------+
|      |Cell |Count |
+------+-----+------+
|1     |LUT1 |     1|
|2     |LUT2 |     2|
|3     |LUT3 |     2|
|4     |LUT5 |     3|
|5     |LUT6 |    57|
|6     |FDRE |   141|
+------+-----+------+
---------------------------------------------------------------------------------
Finished Writing Synthesis Report : Time (s): cpu = 00:00:09 ; elapsed = 00:00:18 . Memory (MB): peak = 1765.480 ; gain = 650.262
---------------------------------------------------------------------------------
Synthesis finished with 0 errors, 0 critical warnings and 9 warnings.
Synthesis Optimization Runtime : Time (s): cpu = 00:00:06 ; elapsed = 00:00:17 . Memory (MB): peak = 1765.480 ; gain = 563.977
Synthesis Optimization Complete : Time (s): cpu = 00:00:09 ; elapsed = 00:00:18 . Memory (MB): peak = 1765.480 ; gain = 650.262
INFO: [Project 1-571] Translating synthesized netlist
Netlist sorting complete. Time (s): cpu = 00:00:00 ; elapsed = 00:00:00.002 . Memory (MB): peak = 1765.480 ; gain = 0.000
INFO: [Project 1-570] Preparing netlist for logic optimization
INFO: [Opt 31-138] Pushed 0 inverter(s) to 0 load pin(s).
Netlist sorting complete. Time (s): cpu = 00:00:00 ; elapsed = 00:00:00 . Memory (MB): peak = 1765.480 ; gain = 0.000
INFO: [Project 1-111] Unisim Transformation Summary:
No Unisim elements were transformed.

Synth Design complete | Checksum: 7e156d34
INFO: [Common 17-83] Releasing license: Synthesis
31 Infos, 29 Warnings, 0 Critical Warnings and 0 Errors encountered.
synth_design completed successfully
synth_design: Time (s): cpu = 00:00:09 ; elapsed = 00:00:23 . Memory (MB): peak = 1765.480 ; gain = 1049.141
Write ShapeDB Complete: Time (s): cpu = 00:00:00 ; elapsed = 00:00:00 . Memory (MB): peak = 1765.480 ; gain = 0.000
INFO: [Common 17-1381] The checkpoint 'C:/Projects/ERN24004/Projects/ADC/ADC.runs/dma_filter_ctrl_0_2_synth_1/dma_filter_ctrl_0_2.dcp' has been generated.
INFO: [Coretcl 2-1648] Added synthesis output to IP cache for IP dma_filter_ctrl_0_2, cache-ID = 4c2d7f3b9f686f65
INFO: [Coretcl 2-1174] Renamed 2 cell refs.
Write ShapeDB Complete: Time (s): cpu = 00:00:00 ; elapsed = 00:00:00.001 . Memory (MB): peak = 1765.480 ; gain = 0.000
INFO: [Common 17-1381] The checkpoint 'C:/Projects/ERN24004/Projects/ADC/ADC.runs/dma_filter_ctrl_0_2_synth_1/dma_filter_ctrl_0_2.dcp' has been generated.
INFO: [Vivado 12-24828] Executing command : report_utilization -file dma_filter_ctrl_0_2_utilization_synth.rpt -pb dma_filter_ctrl_0_2_utilization_synth.pb
INFO: [Common 17-206] Exiting Vivado at Mon Nov 25 13:29:47 2024...
