
*** Running vivado
    with args -log dma_decimation_filter_0_0.vds -m64 -product Vivado -mode batch -messageDb vivado.pb -notrace -source dma_decimation_filter_0_0.tcl



****** Vivado v2024.1.2 (64-bit)
  **** SW Build 5164865 on Thu Sep  5 14:37:11 MDT 2024
  **** IP Build 5164407 on Fri Sep  6 08:18:11 MDT 2024
  **** SharedData Build 5164864 on Thu Sep 05 13:09:09 MDT 2024
  **** Start of session at: Mon Nov 25 13:29:49 2024
    ** Copyright 1986-2022 Xilinx, Inc. All Rights Reserved.
    ** Copyright 2022-2024 Advanced Micro Devices, Inc. All Rights Reserved.

source dma_decimation_filter_0_0.tcl -notrace
create_project: Time (s): cpu = 00:00:03 ; elapsed = 00:00:07 . Memory (MB): peak = 689.746 ; gain = 237.141
INFO: [IP_Flow 19-234] Refreshing IP repositories
WARNING: [IP_Flow 19-3685] Ignored loading user repository 'c:/Projects/ERN24004/Projects/ADC/ip_repo/filter_ctrl/filter_ctrl_1_0'. The path is contained within another repository.
WARNING: [IP_Flow 19-2207] Repository 'c:/Projects/ERN24004/Projects/ADC/ip_repo/filter_ctrl/filter_ctrl_1_0' already exists; ignoring attempt to add it again.
WARNING: [IP_Flow 19-3685] Ignored loading user repository 'c:/Projects/ERN24004/Projects/ADC/ip_repo/filter_ctrl/filter_ctrl_1_0'. The path is contained within another repository.
WARNING: [IP_Flow 19-3685] Ignored loading user repository 'c:/Projects/ERN24004/Projects/ADC/ip_repo/filter_ctrl_1_0'. The path is contained within another repository.
WARNING: [IP_Flow 19-2207] Repository 'c:/Projects/ERN24004/Projects/ADC/ip_repo/filter_ctrl/filter_ctrl_1_0' already exists; ignoring attempt to add it again.
WARNING: [IP_Flow 19-3685] Ignored loading user repository 'c:/Projects/ERN24004/Projects/ADC/ip_repo/filter_ctrl/filter_ctrl_1_0'. The path is contained within another repository.
WARNING: [IP_Flow 19-2207] Repository 'c:/Projects/ERN24004/Projects/ADC/ip_repo/filter_ctrl_1_0' already exists; ignoring attempt to add it again.
WARNING: [IP_Flow 19-3685] Ignored loading user repository 'c:/Projects/ERN24004/Projects/ADC/ip_repo/filter_ctrl_1_0'. The path is contained within another repository.
WARNING: [IP_Flow 19-2207] Repository 'c:/Projects/ERN24004/Projects/ADC/ip_repo/filter_ctrl_1_0' already exists; ignoring attempt to add it again.
WARNING: [IP_Flow 19-3685] Ignored loading user repository 'c:/Projects/ERN24004/Projects/ADC/ip_repo/filter_ctrl_1_0'. The path is contained within another repository.
INFO: [IP_Flow 19-1700] Loaded user IP repository 'c:/Projects/ERN24004/Projects/ADC/ip_repo'.
INFO: [IP_Flow 19-2313] Loaded Vivado IP repository 'C:/Xilinx/Vivado/2024.1/data/ip'.
INFO: [IP_Flow 19-6924] IPCACHE: Running cache check for IP inst: dma_decimation_filter_0_0
INFO: [IP_Flow 19-6922] IPCACHE: Exporting cached entry 3f638710ccb65cf0 to dir: C:/Projects/ERN24004/Projects/ADC/ADC.runs/dma_decimation_filter_0_0_synth_1
INFO: [IP_Flow 19-6928] IPCACHE: copied cached file c:/Projects/ERN24004/Projects/ADC/ADC.cache/ip/2024.1.2/3/f/3f638710ccb65cf0/dma_decimation_filter_1_0.dcp to C:/Projects/ERN24004/Projects/ADC/ADC.runs/dma_decimation_filter_0_0_synth_1/dma_decimation_filter_0_0.dcp.
INFO: [IP_Flow 19-6928] IPCACHE: copied cached file c:/Projects/ERN24004/Projects/ADC/ADC.cache/ip/2024.1.2/3/f/3f638710ccb65cf0/dma_decimation_filter_1_0_sim_netlist.v to C:/Projects/ERN24004/Projects/ADC/ADC.runs/dma_decimation_filter_0_0_synth_1/dma_decimation_filter_0_0_sim_netlist.v.
INFO: [IP_Flow 19-6928] IPCACHE: copied cached file c:/Projects/ERN24004/Projects/ADC/ADC.cache/ip/2024.1.2/3/f/3f638710ccb65cf0/dma_decimation_filter_1_0_sim_netlist.vhdl to C:/Projects/ERN24004/Projects/ADC/ADC.runs/dma_decimation_filter_0_0_synth_1/dma_decimation_filter_0_0_sim_netlist.vhdl.
INFO: [IP_Flow 19-6928] IPCACHE: copied cached file c:/Projects/ERN24004/Projects/ADC/ADC.cache/ip/2024.1.2/3/f/3f638710ccb65cf0/dma_decimation_filter_1_0_stub.v to C:/Projects/ERN24004/Projects/ADC/ADC.runs/dma_decimation_filter_0_0_synth_1/dma_decimation_filter_0_0_stub.v.
INFO: [IP_Flow 19-6928] IPCACHE: copied cached file c:/Projects/ERN24004/Projects/ADC/ADC.cache/ip/2024.1.2/3/f/3f638710ccb65cf0/dma_decimation_filter_1_0_stub.vhdl to C:/Projects/ERN24004/Projects/ADC/ADC.runs/dma_decimation_filter_0_0_synth_1/dma_decimation_filter_0_0_stub.vhdl.
INFO: [IP_Flow 19-4838] Using cached IP synthesis design for IP dma_decimation_filter_0_0, cache-ID = 3f638710ccb65cf0.
INFO: [Common 17-206] Exiting Vivado at Mon Nov 25 13:30:08 2024...
