
*** Running vivado
    with args -log dma_xbar_1.vds -m64 -product Vivado -mode batch -messageDb vivado.pb -notrace -source dma_xbar_1.tcl



****** Vivado v2024.1.2 (64-bit)
  **** SW Build 5164865 on Thu Sep  5 14:37:11 MDT 2024
  **** IP Build 5164407 on Fri Sep  6 08:18:11 MDT 2024
  **** SharedData Build 5164864 on Thu Sep 05 13:09:09 MDT 2024
  **** Start of session at: Mon Nov 25 15:59:24 2024
    ** Copyright 1986-2022 Xilinx, Inc. All Rights Reserved.
    ** Copyright 2022-2024 Advanced Micro Devices, Inc. All Rights Reserved.

source dma_xbar_1.tcl -notrace
create_project: Time (s): cpu = 00:00:04 ; elapsed = 00:00:07 . Memory (MB): peak = 690.871 ; gain = 238.117
INFO: [IP_Flow 19-234] Refreshing IP repositories
WARNING: [IP_Flow 19-3685] Ignored loading user repository 'c:/Projects/ERN24004/Projects/ADC/ip_repo/filter_ctrl/filter_ctrl_1_0'. The path is contained within another repository.
WARNING: [IP_Flow 19-2207] Repository 'c:/Projects/ERN24004/Projects/ADC/ip_repo/filter_ctrl/filter_ctrl_1_0' already exists; ignoring attempt to add it again.
WARNING: [IP_Flow 19-3685] Ignored loading user repository 'c:/Projects/ERN24004/Projects/ADC/ip_repo/filter_ctrl/filter_ctrl_1_0'. The path is contained within another repository.
WARNING: [IP_Flow 19-2207] Repository 'c:/Projects/ERN24004/Projects/ADC/ip_repo/filter_ctrl/filter_ctrl_1_0' already exists; ignoring attempt to add it again.
WARNING: [IP_Flow 19-3685] Ignored loading user repository 'c:/Projects/ERN24004/Projects/ADC/ip_repo/filter_ctrl/filter_ctrl_1_0'. The path is contained within another repository.
WARNING: [IP_Flow 19-3685] Ignored loading user repository 'c:/Projects/ERN24004/Projects/ADC/ip_repo/filter_ctrl_1_0'. The path is contained within another repository.
WARNING: [IP_Flow 19-2207] Repository 'c:/Projects/ERN24004/Projects/ADC/ip_repo/filter_ctrl/filter_ctrl_1_0' already exists; ignoring attempt to add it again.
WARNING: [IP_Flow 19-3685] Ignored loading user repository 'c:/Projects/ERN24004/Projects/ADC/ip_repo/filter_ctrl/filter_ctrl_1_0'. The path is contained within another repository.
WARNING: [IP_Flow 19-2207] Repository 'c:/Projects/ERN24004/Projects/ADC/ip_repo/filter_ctrl_1_0' already exists; ignoring attempt to add it again.
WARNING: [IP_Flow 19-3685] Ignored loading user repository 'c:/Projects/ERN24004/Projects/ADC/ip_repo/filter_ctrl_1_0'. The path is contained within another repository.
WARNING: [IP_Flow 19-2207] Repository 'c:/Projects/ERN24004/Projects/ADC/ip_repo/filter_ctrl_1_0' already exists; ignoring attempt to add it again.
WARNING: [IP_Flow 19-3685] Ignored loading user repository 'c:/Projects/ERN24004/Projects/ADC/ip_repo/filter_ctrl_1_0'. The path is contained within another repository.
INFO: [IP_Flow 19-1700] Loaded user IP repository 'c:/Projects/ERN24004/Projects/ADC/ip_repo'.
INFO: [IP_Flow 19-2313] Loaded Vivado IP repository 'C:/Xilinx/Vivado/2024.1/data/ip'.
INFO: [IP_Flow 19-6924] IPCACHE: Running cache check for IP inst: dma_xbar_1
INFO: [IP_Flow 19-6922] IPCACHE: Exporting cached entry 3f64c52ba7c944f8 to dir: C:/Projects/ERN24004/Projects/ADC/ADC.runs/dma_xbar_1_synth_1
INFO: [IP_Flow 19-6928] IPCACHE: copied cached file c:/Projects/ERN24004/Projects/ADC/ADC.cache/ip/2024.1.2/3/f/3f64c52ba7c944f8/dma_xbar_1.dcp to C:/Projects/ERN24004/Projects/ADC/ADC.runs/dma_xbar_1_synth_1/dma_xbar_1.dcp.
INFO: [IP_Flow 19-6928] IPCACHE: copied cached file c:/Projects/ERN24004/Projects/ADC/ADC.cache/ip/2024.1.2/3/f/3f64c52ba7c944f8/dma_xbar_1_sim_netlist.v to C:/Projects/ERN24004/Projects/ADC/ADC.runs/dma_xbar_1_synth_1/dma_xbar_1_sim_netlist.v.
INFO: [IP_Flow 19-6928] IPCACHE: copied cached file c:/Projects/ERN24004/Projects/ADC/ADC.cache/ip/2024.1.2/3/f/3f64c52ba7c944f8/dma_xbar_1_sim_netlist.vhdl to C:/Projects/ERN24004/Projects/ADC/ADC.runs/dma_xbar_1_synth_1/dma_xbar_1_sim_netlist.vhdl.
INFO: [IP_Flow 19-6928] IPCACHE: copied cached file c:/Projects/ERN24004/Projects/ADC/ADC.cache/ip/2024.1.2/3/f/3f64c52ba7c944f8/dma_xbar_1_stub.v to C:/Projects/ERN24004/Projects/ADC/ADC.runs/dma_xbar_1_synth_1/dma_xbar_1_stub.v.
INFO: [IP_Flow 19-6928] IPCACHE: copied cached file c:/Projects/ERN24004/Projects/ADC/ADC.cache/ip/2024.1.2/3/f/3f64c52ba7c944f8/dma_xbar_1_stub.vhdl to C:/Projects/ERN24004/Projects/ADC/ADC.runs/dma_xbar_1_synth_1/dma_xbar_1_stub.vhdl.
INFO: [IP_Flow 19-4838] Using cached IP synthesis design for IP dma_xbar_1, cache-ID = 3f64c52ba7c944f8.
INFO: [Common 17-206] Exiting Vivado at Mon Nov 25 15:59:46 2024...
